This file contains any messages produced by compilers while
running configure, to aid debugging if configure makes a mistake.

It was created by hrcs_lab configure 0.1, which was
generated by GNU Autoconf 2.59.  Invocation command line was

  $ ./configure 

## --------- ##
## Platform. ##
## --------- ##

hostname = legs.cfa.harvard.edu
uname -m = i686
uname -r = 2.6.17-14mdv
uname -s = Linux
uname -v = #1 SMP Wed May 9 15:59:41 MDT 2007

/usr/bin/uname -p = unknown
/bin/uname -X     = unknown

/bin/arch              = i686
/usr/bin/arch -k       = unknown
/usr/convex/getsysinfo = unknown
hostinfo               = unknown
/bin/machine           = unknown
/usr/bin/oslevel       = unknown
/bin/universe          = unknown

PATH: /usr/bin
PATH: /bin
PATH: /usr/local/bin
PATH: /usr/X11R6/bin/
PATH: /usr/games
PATH: /usr/lib/qt3//bin
PATH: /home/rpete/bin
PATH: /usr/lib/qt3//bin


## ----------- ##
## Core tests. ##
## ----------- ##

configure:1319: checking for a BSD-compatible install
configure:1374: result: /usr/bin/install -c
configure:1385: checking whether build environment is sane
configure:1428: result: yes
configure:1493: checking for gawk
configure:1509: found /usr/bin/gawk
configure:1519: result: gawk
configure:1529: checking whether make sets $(MAKE)
configure:1549: result: yes
configure:1769: checking for g++
configure:1785: found /usr/bin/g++
configure:1795: result: g++
configure:1811: checking for C++ compiler version
configure:1814: g++ --version </dev/null >&5
g++-4.1.1 (GCC) 4.1.1 20060724 (prerelease) (4.1.1-3mdk)
Copyright (C) 2006 Free Software Foundation, Inc.
This is free software; see the source for copying conditions.  There is NO
warranty; not even for MERCHANTABILITY or FITNESS FOR A PARTICULAR PURPOSE.

configure:1817: $? = 0
configure:1819: g++ -v </dev/null >&5
Using built-in specs.
Target: i586-mandriva-linux-gnu
Configured with: ../configure --prefix=/usr --libexecdir=/usr/lib --with-slibdir=/lib --mandir=/usr/share/man --infodir=/usr/share/info --enable-shared --enable-threads=posix --enable-checking=release --enable-languages=c,c++,ada,fortran,objc,obj-c++,java --host=i586-mandriva-linux-gnu --with-cpu=generic --with-system-zlib --enable-long-long --enable-__cxa_atexit --enable-clocale=gnu --disable-libunwind-exceptions --enable-java-awt=gtk --with-java-home=/usr/lib/jvm/java-1.4.2-gcj-1.4.2.0/jre --enable-gtk-cairo --enable-ssp --disable-libssp
Thread model: posix
gcc version 4.1.1 20060724 (prerelease) (4.1.1-3mdk)
configure:1822: $? = 0
configure:1824: g++ -V </dev/null >&5
g++-4.1.1: '-V' option must have argument
configure:1827: $? = 1
configure:1850: checking for C++ compiler default output file name
configure:1853: g++    conftest.cc  >&5
configure:1856: $? = 0
configure:1902: result: a.out
configure:1907: checking whether the C++ compiler works
configure:1913: ./a.out
configure:1916: $? = 0
configure:1933: result: yes
configure:1940: checking whether we are cross compiling
configure:1942: result: no
configure:1945: checking for suffix of executables
configure:1947: g++ -o conftest    conftest.cc  >&5
configure:1950: $? = 0
configure:1975: result: 
configure:1981: checking for suffix of object files
configure:2002: g++ -c   conftest.cc >&5
configure:2005: $? = 0
configure:2027: result: o
configure:2031: checking whether we are using the GNU C++ compiler
configure:2055: g++ -c   conftest.cc >&5
configure:2061: $? = 0
configure:2065: test -z 
			 || test ! -s conftest.err
configure:2068: $? = 0
configure:2071: test -s conftest.o
configure:2074: $? = 0
configure:2087: result: yes
configure:2093: checking whether g++ accepts -g
configure:2114: g++ -c -g  conftest.cc >&5
configure:2120: $? = 0
configure:2124: test -z 
			 || test ! -s conftest.err
configure:2127: $? = 0
configure:2130: test -s conftest.o
configure:2133: $? = 0
configure:2144: result: yes
configure:2186: g++ -c -g -O2  conftest.cc >&5
configure:2192: $? = 0
configure:2196: test -z 
			 || test ! -s conftest.err
configure:2199: $? = 0
configure:2202: test -s conftest.o
configure:2205: $? = 0
configure:2231: g++ -c -g -O2  conftest.cc >&5
conftest.cc: In function 'int main()':
conftest.cc:15: error: 'exit' was not declared in this scope
configure:2237: $? = 1
configure: failed program was:
| /* confdefs.h.  */
| 
| #define PACKAGE_NAME "hrcs_lab"
| #define PACKAGE_TARNAME "hrcs_lab"
| #define PACKAGE_VERSION "0.1"
| #define PACKAGE_STRING "hrcs_lab 0.1"
| #define PACKAGE_BUGREPORT "pratzlaff@cfa.harvard.edu"
| #define PACKAGE "hrcs_lab"
| #define VERSION "0.1"
| /* end confdefs.h.  */
| 
| int
| main ()
| {
| exit (42);
|   ;
|   return 0;
| }
configure:2186: g++ -c -g -O2  conftest.cc >&5
configure:2192: $? = 0
configure:2196: test -z 
			 || test ! -s conftest.err
configure:2199: $? = 0
configure:2202: test -s conftest.o
configure:2205: $? = 0
configure:2231: g++ -c -g -O2  conftest.cc >&5
configure:2237: $? = 0
configure:2241: test -z 
			 || test ! -s conftest.err
configure:2244: $? = 0
configure:2247: test -s conftest.o
configure:2250: $? = 0
configure:2284: checking for style of include used by make
configure:2312: result: GNU
configure:2340: checking dependency style of g++
configure:2430: result: gcc3
configure:2495: checking for gcc
configure:2511: found /usr/bin/gcc
configure:2521: result: gcc
configure:2765: checking for C compiler version
configure:2768: gcc --version </dev/null >&5
gcc-4.1.1 (GCC) 4.1.1 20060724 (prerelease) (4.1.1-3mdk)
Copyright (C) 2006 Free Software Foundation, Inc.
This is free software; see the source for copying conditions.  There is NO
warranty; not even for MERCHANTABILITY or FITNESS FOR A PARTICULAR PURPOSE.

configure:2771: $? = 0
configure:2773: gcc -v </dev/null >&5
Using built-in specs.
Target: i586-mandriva-linux-gnu
Configured with: ../configure --prefix=/usr --libexecdir=/usr/lib --with-slibdir=/lib --mandir=/usr/share/man --infodir=/usr/share/info --enable-shared --enable-threads=posix --enable-checking=release --enable-languages=c,c++,ada,fortran,objc,obj-c++,java --host=i586-mandriva-linux-gnu --with-cpu=generic --with-system-zlib --enable-long-long --enable-__cxa_atexit --enable-clocale=gnu --disable-libunwind-exceptions --enable-java-awt=gtk --with-java-home=/usr/lib/jvm/java-1.4.2-gcj-1.4.2.0/jre --enable-gtk-cairo --enable-ssp --disable-libssp
Thread model: posix
gcc version 4.1.1 20060724 (prerelease) (4.1.1-3mdk)
configure:2776: $? = 0
configure:2778: gcc -V </dev/null >&5
gcc-4.1.1: '-V' option must have argument
configure:2781: $? = 1
configure:2784: checking whether we are using the GNU C compiler
configure:2808: gcc -c   conftest.c >&5
configure:2814: $? = 0
configure:2818: test -z 
			 || test ! -s conftest.err
configure:2821: $? = 0
configure:2824: test -s conftest.o
configure:2827: $? = 0
configure:2840: result: yes
configure:2846: checking whether gcc accepts -g
configure:2867: gcc -c -g  conftest.c >&5
configure:2873: $? = 0
configure:2877: test -z 
			 || test ! -s conftest.err
configure:2880: $? = 0
configure:2883: test -s conftest.o
configure:2886: $? = 0
configure:2897: result: yes
configure:2914: checking for gcc option to accept ANSI C
configure:2984: gcc  -c -g -O2  conftest.c >&5
configure:2990: $? = 0
configure:2994: test -z 
			 || test ! -s conftest.err
configure:2997: $? = 0
configure:3000: test -s conftest.o
configure:3003: $? = 0
configure:3021: result: none needed
configure:3039: gcc -c -g -O2  conftest.c >&5
conftest.c:2: error: expected '=', ',', ';', 'asm' or '__attribute__' before 'me'
configure:3045: $? = 1
configure: failed program was:
| #ifndef __cplusplus
|   choke me
| #endif
configure:3180: checking dependency style of gcc
configure:3270: result: gcc3
configure:3289: checking for main in -lcpputil
configure:3313: gcc -o conftest -g -O2   conftest.c -lcpputil   >&5
configure:3319: $? = 0
configure:3323: test -z 
			 || test ! -s conftest.err
configure:3326: $? = 0
configure:3329: test -s conftest
configure:3332: $? = 0
configure:3345: result: yes
configure:3474: creating ./config.status

## ---------------------- ##
## Running config.status. ##
## ---------------------- ##

This file was extended by hrcs_lab config.status 0.1, which was
generated by GNU Autoconf 2.59.  Invocation command line was

  CONFIG_FILES    = 
  CONFIG_HEADERS  = 
  CONFIG_LINKS    = 
  CONFIG_COMMANDS = 
  $ ./config.status 

on legs.cfa.harvard.edu

config.status:693: creating Makefile
config.status:797: creating config.h
config.status:885: config.h is unchanged
config.status:1065: executing depfiles commands

## ---------------- ##
## Cache variables. ##
## ---------------- ##

ac_cv_c_compiler_gnu=yes
ac_cv_cxx_compiler_gnu=yes
ac_cv_env_CC_set=
ac_cv_env_CC_value=
ac_cv_env_CFLAGS_set=
ac_cv_env_CFLAGS_value=
ac_cv_env_CPPFLAGS_set=
ac_cv_env_CPPFLAGS_value=
ac_cv_env_CXXFLAGS_set=
ac_cv_env_CXXFLAGS_value=
ac_cv_env_CXX_set=
ac_cv_env_CXX_value=
ac_cv_env_LDFLAGS_set=
ac_cv_env_LDFLAGS_value=
ac_cv_env_build_alias_set=
ac_cv_env_build_alias_value=
ac_cv_env_host_alias_set=
ac_cv_env_host_alias_value=
ac_cv_env_target_alias_set=
ac_cv_env_target_alias_value=
ac_cv_exeext=
ac_cv_lib_cpputil_main=yes
ac_cv_objext=o
ac_cv_path_install='/usr/bin/install -c'
ac_cv_prog_AWK=gawk
ac_cv_prog_ac_ct_CC=gcc
ac_cv_prog_ac_ct_CXX=g++
ac_cv_prog_cc_g=yes
ac_cv_prog_cc_stdc=
ac_cv_prog_cxx_g=yes
ac_cv_prog_make_make_set=yes
am_cv_CC_dependencies_compiler_type=gcc3
am_cv_CXX_dependencies_compiler_type=gcc3

## ----------------- ##
## Output variables. ##
## ----------------- ##

ACLOCAL='${SHELL} /data/legs/rpete/cal/hrcs_gain/missing --run aclocal-1.9'
AMDEPBACKSLASH='\'
AMDEP_FALSE='#'
AMDEP_TRUE=''
AMTAR='${SHELL} /data/legs/rpete/cal/hrcs_gain/missing --run tar'
AUTOCONF='${SHELL} /data/legs/rpete/cal/hrcs_gain/missing --run autoconf'
AUTOHEADER='${SHELL} /data/legs/rpete/cal/hrcs_gain/missing --run autoheader'
AUTOMAKE='${SHELL} /data/legs/rpete/cal/hrcs_gain/missing --run automake-1.9'
AWK='gawk'
CC='gcc'
CCDEPMODE='depmode=gcc3'
CFLAGS='-g -O2'
CPPFLAGS=''
CXX='g++'
CXXDEPMODE='depmode=gcc3'
CXXFLAGS='-g -O2'
CYGPATH_W='echo'
DEFS='-DHAVE_CONFIG_H'
DEPDIR='.deps'
ECHO_C=''
ECHO_N='-n'
ECHO_T=''
EXEEXT=''
INSTALL_DATA='${INSTALL} -m 644'
INSTALL_PROGRAM='${INSTALL}'
INSTALL_SCRIPT='${INSTALL}'
INSTALL_STRIP_PROGRAM='${SHELL} $(install_sh) -c -s'
LDFLAGS=''
LIBOBJS=''
LIBS='-lcpputil '
LTLIBOBJS=''
MAKEINFO='${SHELL} /data/legs/rpete/cal/hrcs_gain/missing --run makeinfo'
OBJEXT='o'
PACKAGE='hrcs_lab'
PACKAGE_BUGREPORT='pratzlaff@cfa.harvard.edu'
PACKAGE_NAME='hrcs_lab'
PACKAGE_STRING='hrcs_lab 0.1'
PACKAGE_TARNAME='hrcs_lab'
PACKAGE_VERSION='0.1'
PATH_SEPARATOR=':'
SET_MAKE=''
SHELL='/bin/sh'
STRIP=''
VERSION='0.1'
ac_ct_CC='gcc'
ac_ct_CXX='g++'
ac_ct_STRIP=''
am__fastdepCC_FALSE='#'
am__fastdepCC_TRUE=''
am__fastdepCXX_FALSE='#'
am__fastdepCXX_TRUE=''
am__include='include'
am__leading_dot='.'
am__quote=''
am__tar='${AMTAR} chof - "$$tardir"'
am__untar='${AMTAR} xf -'
bindir='${exec_prefix}/bin'
build_alias=''
datadir='${prefix}/share'
exec_prefix='${prefix}'
host_alias=''
includedir='${prefix}/include'
infodir='${prefix}/info'
install_sh='/data/legs/rpete/cal/hrcs_gain/install-sh'
libdir='${exec_prefix}/lib'
libexecdir='${exec_prefix}/libexec'
localstatedir='${prefix}/var'
mandir='${prefix}/man'
mkdir_p='mkdir -p --'
oldincludedir='/usr/include'
prefix='/usr/local'
program_transform_name='s,x,x,'
sbindir='${exec_prefix}/sbin'
sharedstatedir='${prefix}/com'
sysconfdir='${prefix}/etc'
target_alias=''

## ----------- ##
## confdefs.h. ##
## ----------- ##

#define HAVE_LIBCPPUTIL 1
#define PACKAGE "hrcs_lab"
#define PACKAGE_BUGREPORT "pratzlaff@cfa.harvard.edu"
#define PACKAGE_NAME "hrcs_lab"
#define PACKAGE_STRING "hrcs_lab 0.1"
#define PACKAGE_TARNAME "hrcs_lab"
#define PACKAGE_VERSION "0.1"
#define VERSION "0.1"
#endif
#ifdef __cplusplus
extern "C" void std::exit (int) throw (); using std::exit;

configure: exit 0

## ---------------------- ##
## Running config.status. ##
## ---------------------- ##

This file was extended by hrcs_lab config.status 0.1, which was
generated by GNU Autoconf 2.59.  Invocation command line was

  CONFIG_FILES    = 
  CONFIG_HEADERS  = 
  CONFIG_LINKS    = 
  CONFIG_COMMANDS = 
  $ ./config.status Makefile depfiles

on legs.cfa.harvard.edu

config.status:693: creating Makefile
config.status:1065: executing depfiles commands
