# First column is RAWY, remaining columns are TGAIN at the given MJD
# RAWY  56004.  56154.  56304.  56504.  56704.  56904.  57104.  57304.  57504.  57704.  57904.  58104.  58304.  58504.  58704.  58904.  59104.  59304.
     0 1.00000 1.00000 1.00000 1.00000 1.00000 1.00000 1.00000 1.00000 1.00000 1.00000 1.00000 1.00000 1.00000 1.00000 1.00000 1.00000 1.00000 1.00000
    85 1.00000 1.00000 1.00000 1.00000 1.00000 1.00000 1.00000 1.00000 1.00000 1.00000 1.00000 1.00000 1.00000 1.00000 1.00000 1.00000 1.00000 1.00000
   171 1.00000 1.00000 1.00000 1.00000 1.00000 1.00000 1.00000 1.00000 1.00000 1.00000 1.00000 1.00000 1.00000 1.00000 1.00000 1.00000 1.00000 1.00000
   256 1.00000 1.00000 1.00000 1.00000 1.00000 1.00000 1.00000 1.00000 1.00000 1.00000 1.00000 1.00000 1.00000 1.00000 1.00000 1.00000 1.00000 1.00000
   341 1.00000 1.00000 1.00000 1.00000 1.00000 1.00000 1.00000 1.00000 1.00000 1.00000 1.00000 1.00000 1.00000 1.00000 1.00000 1.00000 1.00000 1.00000
   427 1.00000 1.00000 1.00000 1.00000 1.00000 1.00000 1.00000 1.00000 1.00000 1.00000 1.00000 1.00000 1.00000 1.00000 1.00000 1.00000 1.00000 1.00000
   512 1.00000 1.00000 1.00000 1.00000 1.00000 1.00000 1.00000 1.00000 1.00000 1.00000 1.00000 1.00000 1.00000 1.00000 1.00000 1.00000 1.00000 1.00000
   597 1.00000 1.00000 1.00000 1.00000 1.00000 1.00000 1.00000 1.00000 1.00000 1.00000 1.00000 1.00000 1.00000 1.00000 1.00000 1.00000 1.00000 1.00000
   683 1.00000 1.00000 1.00000 1.00000 1.00000 1.00000 1.00000 1.00000 1.00000 1.00000 1.00000 1.00000 1.00000 1.00000 1.00000 1.00000 1.00000 1.00000
   768 1.00000 1.00000 1.00000 1.00000 1.00000 1.00000 1.00000 1.00000 1.00000 1.00000 1.00000 1.00000 1.00000 1.00000 1.00000 1.00000 1.00000 1.00000
   853 1.00000 1.00000 1.00000 1.00000 1.00000 1.00000 1.00000 1.00000 1.00000 1.00000 1.00000 1.00000 1.00000 1.00000 1.00000 1.00000 1.00000 1.00000
   939 1.00000 1.00000 1.00000 1.00000 1.00000 1.00000 1.00000 1.00000 1.00000 1.00000 1.00000 1.00000 1.00000 1.00000 1.00000 1.00000 1.00000 1.00000
  1024 1.00000 1.00000 1.00000 1.00000 1.00000 1.00000 1.00000 1.00000 1.00000 1.00000 1.00000 1.00000 1.00000 1.00000 1.00000 1.00000 1.00000 1.00000
  1109 1.00000 1.00000 1.00000 1.00000 1.00000 1.00000 1.00000 1.00000 1.00000 1.00000 1.00000 1.00000 1.00000 1.00000 1.00000 1.00000 1.00000 1.00000
  1195 1.00000 1.00000 1.00000 1.00000 1.00000 1.00000 1.00000 1.00000 1.00000 1.00000 1.00000 1.00000 1.00000 1.00000 1.00000 1.00000 1.00000 1.00000
  1280 1.00000 1.00000 1.00000 1.00000 1.00000 1.00000 1.00000 1.00000 1.00000 1.00000 1.00000 1.00000 1.00000 1.00000 1.00000 1.00000 1.00000 1.00000
  1365 1.00000 1.00000 1.00000 1.00000 1.00000 1.00000 1.00000 1.00000 1.00000 1.00000 1.00000 1.00000 1.00000 1.00000 1.00000 1.00000 1.00000 1.00000
  1451 1.00000 1.00000 1.00000 1.00000 1.00000 1.00000 1.00000 1.00000 1.00000 1.00000 1.00000 1.00000 1.00000 1.00000 1.00000 1.00000 1.00000 1.00000
  1536 1.00000 1.00000 1.00000 1.00000 1.00000 1.00000 1.00000 1.00000 1.00000 1.00000 1.00000 1.00000 1.00000 1.00000 1.00000 1.00000 1.00000 1.00000
  1621 0.73679 0.68854 0.64555 0.59542 0.55243 0.51557 0.48397 0.45686 0.43362 0.41370 0.39661 0.38196 0.36939 0.35862 0.34938 0.34146 0.33467 0.32884
  1707 0.73679 0.68854 0.64555 0.59542 0.55243 0.51557 0.48397 0.45686 0.43362 0.41370 0.39661 0.38196 0.36939 0.35862 0.34938 0.34146 0.33467 0.32884
  1792 0.75334 0.69481 0.64411 0.58687 0.53960 0.50055 0.46829 0.44165 0.41964 0.40147 0.38645 0.37405 0.36380 0.35534 0.34835 0.34258 0.33781 0.33387
  1877 0.75334 0.69481 0.64411 0.58687 0.53960 0.50055 0.46829 0.44165 0.41964 0.40147 0.38645 0.37405 0.36380 0.35534 0.34835 0.34258 0.33781 0.33387
  1963 0.75334 0.69481 0.64411 0.58687 0.53960 0.50055 0.46829 0.44165 0.41964 0.40147 0.38645 0.37405 0.36380 0.35534 0.34835 0.34258 0.33781 0.33387
  2048 0.76700 0.71462 0.66737 0.61148 0.56276 0.52030 0.48329 0.45103 0.42291 0.39839 0.37703 0.35840 0.34217 0.32802 0.31568 0.30493 0.29556 0.28739
  2133 0.76700 0.71462 0.66737 0.61148 0.56276 0.52030 0.48329 0.45103 0.42291 0.39839 0.37703 0.35840 0.34217 0.32802 0.31568 0.30493 0.29556 0.28739
  2219 0.76700 0.71462 0.66737 0.61148 0.56276 0.52030 0.48329 0.45103 0.42291 0.39839 0.37703 0.35840 0.34217 0.32802 0.31568 0.30493 0.29556 0.28739
  2304 0.77752 0.72783 0.68324 0.63082 0.58545 0.54618 0.51219 0.48277 0.45731 0.43527 0.41619 0.39968 0.38539 0.37302 0.36231 0.35305 0.34503 0.33808
  2389 0.77752 0.72783 0.68324 0.63082 0.58545 0.54618 0.51219 0.48277 0.45731 0.43527 0.41619 0.39968 0.38539 0.37302 0.36231 0.35305 0.34503 0.33808
  2475 0.77752 0.72783 0.68324 0.63082 0.58545 0.54618 0.51219 0.48277 0.45731 0.43527 0.41619 0.39968 0.38539 0.37302 0.36231 0.35305 0.34503 0.33808
  2560 0.77705 0.72153 0.67219 0.61485 0.56586 0.52401 0.48826 0.45771 0.43162 0.40932 0.39028 0.37400 0.36010 0.34823 0.33808 0.32941 0.32201 0.31568
  2645 0.77705 0.72153 0.67219 0.61485 0.56586 0.52401 0.48826 0.45771 0.43162 0.40932 0.39028 0.37400 0.36010 0.34823 0.33808 0.32941 0.32201 0.31568
  2731 0.77705 0.72153 0.67219 0.61485 0.56586 0.52401 0.48826 0.45771 0.43162 0.40932 0.39028 0.37400 0.36010 0.34823 0.33808 0.32941 0.32201 0.31568
  2816 0.79115 0.73041 0.67675 0.61481 0.56231 0.51781 0.48009 0.44812 0.42103 0.39806 0.37860 0.36210 0.34811 0.33626 0.32621 0.31770 0.31048 0.30436
  2901 0.79115 0.73041 0.67675 0.61481 0.56231 0.51781 0.48009 0.44812 0.42103 0.39806 0.37860 0.36210 0.34811 0.33626 0.32621 0.31770 0.31048 0.30436
  2987 0.79115 0.73041 0.67675 0.61481 0.56231 0.51781 0.48009 0.44812 0.42103 0.39806 0.37860 0.36210 0.34811 0.33626 0.32621 0.31770 0.31048 0.30436
  3072 0.79542 0.73313 0.67786 0.61374 0.55907 0.51247 0.47274 0.43887 0.40999 0.38537 0.36438 0.34648 0.33123 0.31822 0.30713 0.29768 0.28962 0.28275
  3157 0.79542 0.73313 0.67786 0.61374 0.55907 0.51247 0.47274 0.43887 0.40999 0.38537 0.36438 0.34648 0.33123 0.31822 0.30713 0.29768 0.28962 0.28275
  3243 0.79542 0.73313 0.67786 0.61374 0.55907 0.51247 0.47274 0.43887 0.40999 0.38537 0.36438 0.34648 0.33123 0.31822 0.30713 0.29768 0.28962 0.28275
  3328 0.79831 0.74056 0.68820 0.62588 0.57118 0.52317 0.48102 0.44402 0.41154 0.38304 0.35801 0.33604 0.31676 0.29983 0.28498 0.27193 0.26048 0.25043
  3413 0.79831 0.74056 0.68820 0.62588 0.57118 0.52317 0.48102 0.44402 0.41154 0.38304 0.35801 0.33604 0.31676 0.29983 0.28498 0.27193 0.26048 0.25043
  3499 0.79831 0.74056 0.68820 0.62588 0.57118 0.52317 0.48102 0.44402 0.41154 0.38304 0.35801 0.33604 0.31676 0.29983 0.28498 0.27193 0.26048 0.25043
  3584 0.80598 0.74432 0.68888 0.62355 0.56686 0.51766 0.47496 0.43791 0.40575 0.37784 0.35362 0.33260 0.31436 0.29853 0.28479 0.27287 0.26252 0.25354
  3669 0.80598 0.74432 0.68888 0.62355 0.56686 0.51766 0.47496 0.43791 0.40575 0.37784 0.35362 0.33260 0.31436 0.29853 0.28479 0.27287 0.26252 0.25354
  3755 0.80598 0.74432 0.68888 0.62355 0.56686 0.51766 0.47496 0.43791 0.40575 0.37784 0.35362 0.33260 0.31436 0.29853 0.28479 0.27287 0.26252 0.25354
  3840 0.81698 0.75543 0.69972 0.63358 0.57567 0.52497 0.48058 0.44171 0.40768 0.37789 0.35181 0.32897 0.30898 0.29147 0.27614 0.26272 0.25097 0.24069
  3925 0.81698 0.75543 0.69972 0.63358 0.57567 0.52497 0.48058 0.44171 0.40768 0.37789 0.35181 0.32897 0.30898 0.29147 0.27614 0.26272 0.25097 0.24069
  4011 0.81698 0.75543 0.69972 0.63358 0.57567 0.52497 0.48058 0.44171 0.40768 0.37789 0.35181 0.32897 0.30898 0.29147 0.27614 0.26272 0.25097 0.24069
  4096 0.82164 0.75373 0.69297 0.62177 0.56038 0.50745 0.46180 0.42244 0.38850 0.35924 0.33400 0.31224 0.29348 0.27730 0.26335 0.25132 0.24095 0.23200
  4181 0.82164 0.75373 0.69297 0.62177 0.56038 0.50745 0.46180 0.42244 0.38850 0.35924 0.33400 0.31224 0.29348 0.27730 0.26335 0.25132 0.24095 0.23200
  4267 0.82164 0.75373 0.69297 0.62177 0.56038 0.50745 0.46180 0.42244 0.38850 0.35924 0.33400 0.31224 0.29348 0.27730 0.26335 0.25132 0.24095 0.23200
  4352 0.83585 0.77403 0.71762 0.65001 0.59017 0.53721 0.49034 0.44885 0.41213 0.37964 0.35087 0.32542 0.30289 0.28295 0.26530 0.24968 0.23585 0.22362
  4437 0.83585 0.77403 0.71762 0.65001 0.59017 0.53721 0.49034 0.44885 0.41213 0.37964 0.35087 0.32542 0.30289 0.28295 0.26530 0.24968 0.23585 0.22362
  4523 0.83585 0.77403 0.71762 0.65001 0.59017 0.53721 0.49034 0.44885 0.41213 0.37964 0.35087 0.32542 0.30289 0.28295 0.26530 0.24968 0.23585 0.22362
  4608 0.83882 0.77609 0.71869 0.64969 0.58840 0.53397 0.48563 0.44269 0.40456 0.37069 0.34061 0.31390 0.29017 0.26910 0.25038 0.23376 0.21900 0.20589
  4693 0.83882 0.77609 0.71869 0.64969 0.58840 0.53397 0.48563 0.44269 0.40456 0.37069 0.34061 0.31390 0.29017 0.26910 0.25038 0.23376 0.21900 0.20589
  4779 0.83882 0.77609 0.71869 0.64969 0.58840 0.53397 0.48563 0.44269 0.40456 0.37069 0.34061 0.31390 0.29017 0.26910 0.25038 0.23376 0.21900 0.20589
  4864 0.84525 0.78432 0.72825 0.66037 0.59962 0.54523 0.49656 0.45298 0.41398 0.37906 0.34781 0.31984 0.29480 0.27238 0.25232 0.23436 0.21829 0.20390
  4949 0.84525 0.78432 0.72825 0.66037 0.59962 0.54523 0.49656 0.45298 0.41398 0.37906 0.34781 0.31984 0.29480 0.27238 0.25232 0.23436 0.21829 0.20390
  5035 0.84525 0.78432 0.72825 0.66037 0.59962 0.54523 0.49656 0.45298 0.41398 0.37906 0.34781 0.31984 0.29480 0.27238 0.25232 0.23436 0.21829 0.20390
  5120 0.85925 0.79606 0.73778 0.66705 0.60356 0.54657 0.49540 0.44946 0.40822 0.37120 0.33797 0.30813 0.28135 0.25730 0.23571 0.21634 0.19894 0.18332
  5205 0.85925 0.79606 0.73778 0.66705 0.60356 0.54657 0.49540 0.44946 0.40822 0.37120 0.33797 0.30813 0.28135 0.25730 0.23571 0.21634 0.19894 0.18332
  5291 0.85925 0.79606 0.73778 0.66705 0.60356 0.54657 0.49540 0.44946 0.40822 0.37120 0.33797 0.30813 0.28135 0.25730 0.23571 0.21634 0.19894 0.18332
  5376 0.87395 0.80880 0.74895 0.67665 0.61207 0.55438 0.50286 0.45685 0.41575 0.37904 0.34625 0.31696 0.29080 0.26744 0.24657 0.22793 0.21129 0.19642
  5461 0.87395 0.80880 0.74895 0.67665 0.61207 0.55438 0.50286 0.45685 0.41575 0.37904 0.34625 0.31696 0.29080 0.26744 0.24657 0.22793 0.21129 0.19642
  5547 0.87395 0.80880 0.74895 0.67665 0.61207 0.55438 0.50286 0.45685 0.41575 0.37904 0.34625 0.31696 0.29080 0.26744 0.24657 0.22793 0.21129 0.19642
  5632 0.87078 0.80603 0.74670 0.67525 0.61167 0.55509 0.50474 0.45993 0.42006 0.38457 0.35300 0.32489 0.29989 0.27763 0.25783 0.24021 0.22453 0.21057
  5717 0.87078 0.80603 0.74670 0.67525 0.61167 0.55509 0.50474 0.45993 0.42006 0.38457 0.35300 0.32489 0.29989 0.27763 0.25783 0.24021 0.22453 0.21057
  5803 0.87078 0.80603 0.74670 0.67525 0.61167 0.55509 0.50474 0.45993 0.42006 0.38457 0.35300 0.32489 0.29989 0.27763 0.25783 0.24021 0.22453 0.21057
  5888 0.87595 0.81454 0.75734 0.68713 0.62327 0.56518 0.51233 0.46427 0.42054 0.38077 0.34459 0.31169 0.28175 0.25452 0.22975 0.20722 0.18673 0.16809
  5973 0.87595 0.81454 0.75734 0.68713 0.62327 0.56518 0.51233 0.46427 0.42054 0.38077 0.34459 0.31169 0.28175 0.25452 0.22975 0.20722 0.18673 0.16809
  6059 0.87595 0.81454 0.75734 0.68713 0.62327 0.56518 0.51233 0.46427 0.42054 0.38077 0.34459 0.31169 0.28175 0.25452 0.22975 0.20722 0.18673 0.16809
  6144 0.87863 0.81970 0.76434 0.69571 0.63256 0.57445 0.52098 0.47178 0.42652 0.38487 0.34654 0.31128 0.27883 0.24898 0.22151 0.19623 0.17297 0.15157
  6229 0.87863 0.81970 0.76434 0.69571 0.63256 0.57445 0.52098 0.47178 0.42652 0.38487 0.34654 0.31128 0.27883 0.24898 0.22151 0.19623 0.17297 0.15157
  6315 0.87863 0.81970 0.76434 0.69571 0.63256 0.57445 0.52098 0.47178 0.42652 0.38487 0.34654 0.31128 0.27883 0.24898 0.22151 0.19623 0.17297 0.15157
  6400 0.89377 0.83036 0.77179 0.70062 0.63661 0.57905 0.52728 0.48073 0.43887 0.40122 0.36736 0.33691 0.30953 0.28491 0.26276 0.24285 0.22494 0.20883
  6485 0.89377 0.83036 0.77179 0.70062 0.63661 0.57905 0.52728 0.48073 0.43887 0.40122 0.36736 0.33691 0.30953 0.28491 0.26276 0.24285 0.22494 0.20883
  6571 0.89377 0.83036 0.77179 0.70062 0.63661 0.57905 0.52728 0.48073 0.43887 0.40122 0.36736 0.33691 0.30953 0.28491 0.26276 0.24285 0.22494 0.20883
  6656 0.89734 0.84099 0.78750 0.72037 0.65776 0.59934 0.54484 0.49400 0.44658 0.40233 0.36105 0.32255 0.28662 0.25311 0.22185 0.19268 0.16547 0.14009
  6741 0.89734 0.84099 0.78750 0.72037 0.65776 0.59934 0.54484 0.49400 0.44658 0.40233 0.36105 0.32255 0.28662 0.25311 0.22185 0.19268 0.16547 0.14009
  6827 0.89734 0.84099 0.78750 0.72037 0.65776 0.59934 0.54484 0.49400 0.44658 0.40233 0.36105 0.32255 0.28662 0.25311 0.22185 0.19268 0.16547 0.14009
  6912 0.89216 0.83158 0.77520 0.70606 0.64324 0.58616 0.53430 0.48718 0.44436 0.40546 0.37012 0.33800 0.30882 0.28231 0.25822 0.23633 0.21645 0.19838
  6997 0.89216 0.83158 0.77520 0.70606 0.64324 0.58616 0.53430 0.48718 0.44436 0.40546 0.37012 0.33800 0.30882 0.28231 0.25822 0.23633 0.21645 0.19838
  7083 0.89216 0.83158 0.77520 0.70606 0.64324 0.58616 0.53430 0.48718 0.44436 0.40546 0.37012 0.33800 0.30882 0.28231 0.25822 0.23633 0.21645 0.19838
  7168 0.89564 0.84360 0.79365 0.73015 0.67003 0.61311 0.55921 0.50818 0.45986 0.41411 0.37080 0.32978 0.29095 0.25418 0.21936 0.18640 0.15519 0.12564
  7253 0.89564 0.84360 0.79365 0.73015 0.67003 0.61311 0.55921 0.50818 0.45986 0.41411 0.37080 0.32978 0.29095 0.25418 0.21936 0.18640 0.15519 0.12564
  7339 0.89564 0.84360 0.79365 0.73015 0.67003 0.61311 0.55921 0.50818 0.45986 0.41411 0.37080 0.32978 0.29095 0.25418 0.21936 0.18640 0.15519 0.12564
  7424 0.91345 0.85178 0.79395 0.72242 0.65676 0.59650 0.54119 0.49042 0.44384 0.40108 0.36183 0.32581 0.29275 0.26241 0.23456 0.20901 0.18555 0.16402
  7509 0.91345 0.85178 0.79395 0.72242 0.65676 0.59650 0.54119 0.49042 0.44384 0.40108 0.36183 0.32581 0.29275 0.26241 0.23456 0.20901 0.18555 0.16402
  7595 0.91345 0.85178 0.79395 0.72242 0.65676 0.59650 0.54119 0.49042 0.44384 0.40108 0.36183 0.32581 0.29275 0.26241 0.23456 0.20901 0.18555 0.16402
  7680 0.91739 0.85834 0.80279 0.73381 0.67021 0.61158 0.55754 0.50771 0.46178 0.41944 0.38041 0.34442 0.31125 0.28067 0.25247 0.22648 0.20252 0.18044
  7765 0.91739 0.85834 0.80279 0.73381 0.67021 0.61158 0.55754 0.50771 0.46178 0.41944 0.38041 0.34442 0.31125 0.28067 0.25247 0.22648 0.20252 0.18044
  7851 0.91739 0.85834 0.80279 0.73381 0.67021 0.61158 0.55754 0.50771 0.46178 0.41944 0.38041 0.34442 0.31125 0.28067 0.25247 0.22648 0.20252 0.18044
  7936 0.92277 0.85986 0.80108 0.72868 0.66255 0.60215 0.54698 0.49660 0.45058 0.40855 0.37017 0.33511 0.30308 0.27384 0.24712 0.22273 0.20044 0.18009
  8021 0.92277 0.85986 0.80108 0.72868 0.66255 0.60215 0.54698 0.49660 0.45058 0.40855 0.37017 0.33511 0.30308 0.27384 0.24712 0.22273 0.20044 0.18009
  8107 0.92277 0.85986 0.80108 0.72868 0.66255 0.60215 0.54698 0.49660 0.45058 0.40855 0.37017 0.33511 0.30308 0.27384 0.24712 0.22273 0.20044 0.18009
  8192 0.92221 0.86957 0.81893 0.75437 0.69305 0.63479 0.57946 0.52691 0.47698 0.42956 0.38451 0.34172 0.30108 0.26247 0.22580 0.19096 0.15788 0.12644
  8277 0.92221 0.86957 0.81893 0.75437 0.69305 0.63479 0.57946 0.52691 0.47698 0.42956 0.38451 0.34172 0.30108 0.26247 0.22580 0.19096 0.15788 0.12644
  8363 0.92221 0.86957 0.81893 0.75437 0.69305 0.63479 0.57946 0.52691 0.47698 0.42956 0.38451 0.34172 0.30108 0.26247 0.22580 0.19096 0.15788 0.12644
  8448 0.93534 0.87830 0.82399 0.75559 0.69152 0.63150 0.57528 0.52261 0.47327 0.42706 0.38377 0.34321 0.30522 0.26964 0.23630 0.20508 0.17583 0.14843
  8533 0.93534 0.87830 0.82399 0.75559 0.69152 0.63150 0.57528 0.52261 0.47327 0.42706 0.38377 0.34321 0.30522 0.26964 0.23630 0.20508 0.17583 0.14843
  8619 0.93534 0.87830 0.82399 0.75559 0.69152 0.63150 0.57528 0.52261 0.47327 0.42706 0.38377 0.34321 0.30522 0.26964 0.23630 0.20508 0.17583 0.14843
  8704 0.94384 0.88220 0.82438 0.75283 0.68713 0.62681 0.57143 0.52058 0.47389 0.43103 0.39167 0.35553 0.32235 0.29188 0.26391 0.23823 0.21465 0.19299
  8789 0.94384 0.88220 0.82438 0.75283 0.68713 0.62681 0.57143 0.52058 0.47389 0.43103 0.39167 0.35553 0.32235 0.29188 0.26391 0.23823 0.21465 0.19299
  8875 0.94384 0.88220 0.82438 0.75283 0.68713 0.62681 0.57143 0.52058 0.47389 0.43103 0.39167 0.35553 0.32235 0.29188 0.26391 0.23823 0.21465 0.19299
  8960 0.94057 0.87861 0.82070 0.74934 0.68414 0.62457 0.57015 0.52042 0.47498 0.43347 0.39554 0.36089 0.32923 0.30030 0.27387 0.24972 0.22765 0.20749
  9045 0.94057 0.87861 0.82070 0.74934 0.68414 0.62457 0.57015 0.52042 0.47498 0.43347 0.39554 0.36089 0.32923 0.30030 0.27387 0.24972 0.22765 0.20749
  9131 0.94057 0.87861 0.82070 0.74934 0.68414 0.62457 0.57015 0.52042 0.47498 0.43347 0.39554 0.36089 0.32923 0.30030 0.27387 0.24972 0.22765 0.20749
  9216 0.92935 0.87107 0.81542 0.74512 0.67900 0.61684 0.55838 0.50342 0.45174 0.40314 0.35744 0.31447 0.27407 0.23607 0.20035 0.16676 0.13517 0.10547
  9301 0.92935 0.87107 0.81542 0.74512 0.67900 0.61684 0.55838 0.50342 0.45174 0.40314 0.35744 0.31447 0.27407 0.23607 0.20035 0.16676 0.13517 0.10547
  9387 0.92935 0.87107 0.81542 0.74512 0.67900 0.61684 0.55838 0.50342 0.45174 0.40314 0.35744 0.31447 0.27407 0.23607 0.20035 0.16676 0.13517 0.10547
  9472 0.93418 0.87797 0.82405 0.75558 0.69081 0.62956 0.57162 0.51682 0.46498 0.41596 0.36959 0.32573 0.28424 0.24501 0.20789 0.17279 0.13959 0.10819
  9557 0.93418 0.87797 0.82405 0.75558 0.69081 0.62956 0.57162 0.51682 0.46498 0.41596 0.36959 0.32573 0.28424 0.24501 0.20789 0.17279 0.13959 0.10819
  9643 0.93418 0.87797 0.82405 0.75558 0.69081 0.62956 0.57162 0.51682 0.46498 0.41596 0.36959 0.32573 0.28424 0.24501 0.20789 0.17279 0.13959 0.10819
  9728 0.93508 0.87263 0.81412 0.74183 0.67558 0.61485 0.55920 0.50818 0.46143 0.41857 0.37929 0.34329 0.31030 0.28006 0.25234 0.22693 0.20365 0.18231
  9813 0.93508 0.87263 0.81412 0.74183 0.67558 0.61485 0.55920 0.50818 0.46143 0.41857 0.37929 0.34329 0.31030 0.28006 0.25234 0.22693 0.20365 0.18231
  9899 0.93508 0.87263 0.81412 0.74183 0.67558 0.61485 0.55920 0.50818 0.46143 0.41857 0.37929 0.34329 0.31030 0.28006 0.25234 0.22693 0.20365 0.18231
  9984 0.93720 0.87801 0.82213 0.75244 0.68789 0.62810 0.57272 0.52143 0.47392 0.42991 0.38915 0.35139 0.31642 0.28403 0.25403 0.22624 0.20050 0.17666
 10069 0.93720 0.87801 0.82213 0.75244 0.68789 0.62810 0.57272 0.52143 0.47392 0.42991 0.38915 0.35139 0.31642 0.28403 0.25403 0.22624 0.20050 0.17666
 10155 0.93720 0.87801 0.82213 0.75244 0.68789 0.62810 0.57272 0.52143 0.47392 0.42991 0.38915 0.35139 0.31642 0.28403 0.25403 0.22624 0.20050 0.17666
 10240 0.92841 0.87443 0.82274 0.75721 0.69535 0.63697 0.58186 0.52984 0.48075 0.43440 0.39066 0.34937 0.31039 0.27361 0.23888 0.20611 0.17517 0.14597
 10325 0.92841 0.87443 0.82274 0.75721 0.69535 0.63697 0.58186 0.52984 0.48075 0.43440 0.39066 0.34937 0.31039 0.27361 0.23888 0.20611 0.17517 0.14597
 10411 0.92841 0.87443 0.82274 0.75721 0.69535 0.63697 0.58186 0.52984 0.48075 0.43440 0.39066 0.34937 0.31039 0.27361 0.23888 0.20611 0.17517 0.14597
 10496 0.93777 0.88402 0.83239 0.76668 0.70440 0.64536 0.58939 0.53634 0.48605 0.43838 0.39320 0.35036 0.30976 0.27127 0.23478 0.20020 0.16742 0.13634
 10581 0.93777 0.88402 0.83239 0.76668 0.70440 0.64536 0.58939 0.53634 0.48605 0.43838 0.39320 0.35036 0.30976 0.27127 0.23478 0.20020 0.16742 0.13634
 10667 0.93777 0.88402 0.83239 0.76668 0.70440 0.64536 0.58939 0.53634 0.48605 0.43838 0.39320 0.35036 0.30976 0.27127 0.23478 0.20020 0.16742 0.13634
 10752 0.94257 0.88643 0.83272 0.76473 0.70064 0.64024 0.58331 0.52966 0.47909 0.43142 0.38650 0.34416 0.30426 0.26665 0.23120 0.19779 0.16630 0.13662
 10837 0.94257 0.88643 0.83272 0.76473 0.70064 0.64024 0.58331 0.52966 0.47909 0.43142 0.38650 0.34416 0.30426 0.26665 0.23120 0.19779 0.16630 0.13662
 10923 0.94257 0.88643 0.83272 0.76473 0.70064 0.64024 0.58331 0.52966 0.47909 0.43142 0.38650 0.34416 0.30426 0.26665 0.23120 0.19779 0.16630 0.13662
 11008 0.93414 0.88305 0.83339 0.76934 0.70767 0.64831 0.59115 0.53613 0.48315 0.43216 0.38306 0.33579 0.29028 0.24647 0.20429 0.16368 0.12458 0.08694
 11093 0.93414 0.88305 0.83339 0.76934 0.70767 0.64831 0.59115 0.53613 0.48315 0.43216 0.38306 0.33579 0.29028 0.24647 0.20429 0.16368 0.12458 0.08694
 11179 0.93414 0.88305 0.83339 0.76934 0.70767 0.64831 0.59115 0.53613 0.48315 0.43216 0.38306 0.33579 0.29028 0.24647 0.20429 0.16368 0.12458 0.08694
 11264 0.92990 0.87633 0.82499 0.75984 0.69829 0.64013 0.58518 0.53326 0.48420 0.43785 0.39405 0.35267 0.31356 0.27662 0.24171 0.20872 0.17756 0.14811
 11349 0.92990 0.87633 0.82499 0.75984 0.69829 0.64013 0.58518 0.53326 0.48420 0.43785 0.39405 0.35267 0.31356 0.27662 0.24171 0.20872 0.17756 0.14811
 11435 0.92990 0.87633 0.82499 0.75984 0.69829 0.64013 0.58518 0.53326 0.48420 0.43785 0.39405 0.35267 0.31356 0.27662 0.24171 0.20872 0.17756 0.14811
 11520 0.94110 0.88646 0.83417 0.76796 0.70554 0.64668 0.59119 0.53888 0.48955 0.44305 0.39920 0.35787 0.31889 0.28215 0.24751 0.21484 0.18405 0.15501
 11605 0.94110 0.88646 0.83417 0.76796 0.70554 0.64668 0.59119 0.53888 0.48955 0.44305 0.39920 0.35787 0.31889 0.28215 0.24751 0.21484 0.18405 0.15501
 11691 0.94110 0.88646 0.83417 0.76796 0.70554 0.64668 0.59119 0.53888 0.48955 0.44305 0.39920 0.35787 0.31889 0.28215 0.24751 0.21484 0.18405 0.15501
 11776 0.94062 0.88522 0.83227 0.76528 0.70221 0.64283 0.58692 0.53427 0.48471 0.43804 0.39410 0.35273 0.31378 0.27710 0.24257 0.21005 0.17944 0.15062
 11861 0.94062 0.88522 0.83227 0.76528 0.70221 0.64283 0.58692 0.53427 0.48471 0.43804 0.39410 0.35273 0.31378 0.27710 0.24257 0.21005 0.17944 0.15062
 11947 0.94062 0.88522 0.83227 0.76528 0.70221 0.64283 0.58692 0.53427 0.48471 0.43804 0.39410 0.35273 0.31378 0.27710 0.24257 0.21005 0.17944 0.15062
 12032 0.94064 0.89013 0.84101 0.77761 0.71652 0.65766 0.60095 0.54630 0.49365 0.44291 0.39403 0.34693 0.30154 0.25781 0.21568 0.17508 0.13596 0.09827
 12117 0.94064 0.89013 0.84101 0.77761 0.71652 0.65766 0.60095 0.54630 0.49365 0.44291 0.39403 0.34693 0.30154 0.25781 0.21568 0.17508 0.13596 0.09827
 12203 0.94064 0.89013 0.84101 0.77761 0.71652 0.65766 0.60095 0.54630 0.49365 0.44291 0.39403 0.34693 0.30154 0.25781 0.21568 0.17508 0.13596 0.09827
 12288 0.93234 0.87534 0.82129 0.75352 0.69038 0.63155 0.57673 0.52564 0.47804 0.43369 0.39236 0.35384 0.31796 0.28452 0.25336 0.22433 0.19728 0.17207
 12373 0.93234 0.87534 0.82129 0.75352 0.69038 0.63155 0.57673 0.52564 0.47804 0.43369 0.39236 0.35384 0.31796 0.28452 0.25336 0.22433 0.19728 0.17207
 12459 0.93234 0.87534 0.82129 0.75352 0.69038 0.63155 0.57673 0.52564 0.47804 0.43369 0.39236 0.35384 0.31796 0.28452 0.25336 0.22433 0.19728 0.17207
 12544 0.94139 0.88605 0.83273 0.76463 0.69981 0.63811 0.57938 0.52348 0.47027 0.41962 0.37141 0.32552 0.28184 0.24026 0.20068 0.16301 0.12715 0.09302
 12629 0.94139 0.88605 0.83273 0.76463 0.69981 0.63811 0.57938 0.52348 0.47027 0.41962 0.37141 0.32552 0.28184 0.24026 0.20068 0.16301 0.12715 0.09302
 12715 0.94139 0.88605 0.83273 0.76463 0.69981 0.63811 0.57938 0.52348 0.47027 0.41962 0.37141 0.32552 0.28184 0.24026 0.20068 0.16301 0.12715 0.09302
 12800 0.92965 0.87358 0.82027 0.75327 0.69064 0.63210 0.57738 0.52623 0.47843 0.43374 0.39197 0.35292 0.31643 0.28231 0.25043 0.22062 0.19276 0.16672
 12885 0.92965 0.87358 0.82027 0.75327 0.69064 0.63210 0.57738 0.52623 0.47843 0.43374 0.39197 0.35292 0.31643 0.28231 0.25043 0.22062 0.19276 0.16672
 12971 0.92965 0.87358 0.82027 0.75327 0.69064 0.63210 0.57738 0.52623 0.47843 0.43374 0.39197 0.35292 0.31643 0.28231 0.25043 0.22062 0.19276 0.16672
 13056 0.93692 0.88059 0.82715 0.76011 0.69759 0.63930 0.58494 0.53424 0.48697 0.44290 0.40179 0.36346 0.32772 0.29439 0.26331 0.23433 0.20731 0.18211
 13141 0.93692 0.88059 0.82715 0.76011 0.69759 0.63930 0.58494 0.53424 0.48697 0.44290 0.40179 0.36346 0.32772 0.29439 0.26331 0.23433 0.20731 0.18211
 13227 0.93692 0.88059 0.82715 0.76011 0.69759 0.63930 0.58494 0.53424 0.48697 0.44290 0.40179 0.36346 0.32772 0.29439 0.26331 0.23433 0.20731 0.18211
 13312 0.93022 0.87686 0.82590 0.76151 0.70096 0.64402 0.59049 0.54015 0.49281 0.44830 0.40644 0.36708 0.33007 0.29527 0.26255 0.23178 0.20284 0.17564
 13397 0.93022 0.87686 0.82590 0.76151 0.70096 0.64402 0.59049 0.54015 0.49281 0.44830 0.40644 0.36708 0.33007 0.29527 0.26255 0.23178 0.20284 0.17564
 13483 0.93022 0.87686 0.82590 0.76151 0.70096 0.64402 0.59049 0.54015 0.49281 0.44830 0.40644 0.36708 0.33007 0.29527 0.26255 0.23178 0.20284 0.17564
 13568 0.91286 0.85722 0.80488 0.73991 0.68004 0.62488 0.57404 0.52720 0.48403 0.44425 0.40760 0.37383 0.34271 0.31403 0.28760 0.26325 0.24081 0.22013
 13653 0.91286 0.85722 0.80488 0.73991 0.68004 0.62488 0.57404 0.52720 0.48403 0.44425 0.40760 0.37383 0.34271 0.31403 0.28760 0.26325 0.24081 0.22013
 13739 0.91286 0.85722 0.80488 0.73991 0.68004 0.62488 0.57404 0.52720 0.48403 0.44425 0.40760 0.37383 0.34271 0.31403 0.28760 0.26325 0.24081 0.22013
 13824 0.88799 0.83278 0.78059 0.71542 0.65494 0.59884 0.54678 0.49848 0.45367 0.41209 0.37352 0.33772 0.30452 0.27370 0.24512 0.21859 0.19399 0.17115
 13909 0.88799 0.83278 0.78059 0.71542 0.65494 0.59884 0.54678 0.49848 0.45367 0.41209 0.37352 0.33772 0.30452 0.27370 0.24512 0.21859 0.19399 0.17115
 13995 0.88799 0.83278 0.78059 0.71542 0.65494 0.59884 0.54678 0.49848 0.45367 0.41209 0.37352 0.33772 0.30452 0.27370 0.24512 0.21859 0.19399 0.17115
 14080 0.89744 0.83647 0.77973 0.71014 0.64691 0.58945 0.53724 0.48980 0.44669 0.40751 0.37192 0.33957 0.31018 0.28348 0.25921 0.23716 0.21712 0.19891
 14165 0.89744 0.83647 0.77973 0.71014 0.64691 0.58945 0.53724 0.48980 0.44669 0.40751 0.37192 0.33957 0.31018 0.28348 0.25921 0.23716 0.21712 0.19891
 14251 0.89744 0.83647 0.77973 0.71014 0.64691 0.58945 0.53724 0.48980 0.44669 0.40751 0.37192 0.33957 0.31018 0.28348 0.25921 0.23716 0.21712 0.19891
 14336 0.93188 0.87558 0.82172 0.75352 0.68924 0.62865 0.57154 0.51771 0.46697 0.41915 0.37407 0.33158 0.29153 0.25378 0.21820 0.18467 0.15306 0.12326
 14421 0.93188 0.87558 0.82172 0.75352 0.68924 0.62865 0.57154 0.51771 0.46697 0.41915 0.37407 0.33158 0.29153 0.25378 0.21820 0.18467 0.15306 0.12326
 14507 0.93188 0.87558 0.82172 0.75352 0.68924 0.62865 0.57154 0.51771 0.46697 0.41915 0.37407 0.33158 0.29153 0.25378 0.21820 0.18467 0.15306 0.12326
 14592 0.92918 0.87540 0.82385 0.75842 0.69658 0.63813 0.58288 0.53066 0.48130 0.43465 0.39055 0.34888 0.30948 0.27225 0.23705 0.20379 0.17235 0.14263
 14677 0.92918 0.87540 0.82385 0.75842 0.69658 0.63813 0.58288 0.53066 0.48130 0.43465 0.39055 0.34888 0.30948 0.27225 0.23705 0.20379 0.17235 0.14263
 14763 0.92918 0.87540 0.82385 0.75842 0.69658 0.63813 0.58288 0.53066 0.48130 0.43465 0.39055 0.34888 0.30948 0.27225 0.23705 0.20379 0.17235 0.14263
 14848 0.90470 0.85519 0.80743 0.74635 0.68811 0.63259 0.57966 0.52920 0.48109 0.43522 0.39149 0.34980 0.31005 0.27216 0.23603 0.20159 0.16875 0.13745
 14933 0.90470 0.85519 0.80743 0.74635 0.68811 0.63259 0.57966 0.52920 0.48109 0.43522 0.39149 0.34980 0.31005 0.27216 0.23603 0.20159 0.16875 0.13745
 15019 0.90470 0.85519 0.80743 0.74635 0.68811 0.63259 0.57966 0.52920 0.48109 0.43522 0.39149 0.34980 0.31005 0.27216 0.23603 0.20159 0.16875 0.13745
 15104 0.92319 0.86063 0.80237 0.73086 0.66581 0.60664 0.55282 0.50386 0.45933 0.41882 0.38198 0.34847 0.31798 0.29025 0.26503 0.24209 0.22122 0.20224
 15189 0.92319 0.86063 0.80237 0.73086 0.66581 0.60664 0.55282 0.50386 0.45933 0.41882 0.38198 0.34847 0.31798 0.29025 0.26503 0.24209 0.22122 0.20224
 15275 0.92319 0.86063 0.80237 0.73086 0.66581 0.60664 0.55282 0.50386 0.45933 0.41882 0.38198 0.34847 0.31798 0.29025 0.26503 0.24209 0.22122 0.20224
 15360 0.93279 0.86855 0.80884 0.73573 0.66942 0.60927 0.55470 0.50521 0.46032 0.41960 0.38267 0.34917 0.31878 0.29121 0.26621 0.24353 0.22296 0.20430
 15445 0.93279 0.86855 0.80884 0.73573 0.66942 0.60927 0.55470 0.50521 0.46032 0.41960 0.38267 0.34917 0.31878 0.29121 0.26621 0.24353 0.22296 0.20430
 15531 0.93279 0.86855 0.80884 0.73573 0.66942 0.60927 0.55470 0.50521 0.46032 0.41960 0.38267 0.34917 0.31878 0.29121 0.26621 0.24353 0.22296 0.20430
 15616 0.91888 0.86323 0.81006 0.74285 0.67960 0.62008 0.56408 0.51138 0.46179 0.41513 0.37122 0.32991 0.29103 0.25445 0.22003 0.18764 0.15716 0.12848
 15701 0.91888 0.86323 0.81006 0.74285 0.67960 0.62008 0.56408 0.51138 0.46179 0.41513 0.37122 0.32991 0.29103 0.25445 0.22003 0.18764 0.15716 0.12848
 15787 0.91888 0.86323 0.81006 0.74285 0.67960 0.62008 0.56408 0.51138 0.46179 0.41513 0.37122 0.32991 0.29103 0.25445 0.22003 0.18764 0.15716 0.12848
 15872 0.91739 0.85560 0.79781 0.72653 0.66134 0.60172 0.54718 0.49730 0.45168 0.40995 0.37179 0.33688 0.30496 0.27576 0.24905 0.22462 0.20228 0.18185
 15957 0.91739 0.85560 0.79781 0.72653 0.66134 0.60172 0.54718 0.49730 0.45168 0.40995 0.37179 0.33688 0.30496 0.27576 0.24905 0.22462 0.20228 0.18185
 16043 0.91739 0.85560 0.79781 0.72653 0.66134 0.60172 0.54718 0.49730 0.45168 0.40995 0.37179 0.33688 0.30496 0.27576 0.24905 0.22462 0.20228 0.18185
 16128 0.91637 0.85082 0.79072 0.71831 0.65382 0.59639 0.54525 0.49970 0.45914 0.42302 0.39086 0.36221 0.33670 0.31398 0.29375 0.27574 0.25969 0.24540
 16213 0.91637 0.85082 0.79072 0.71831 0.65382 0.59639 0.54525 0.49970 0.45914 0.42302 0.39086 0.36221 0.33670 0.31398 0.29375 0.27574 0.25969 0.24540
 16299 0.91637 0.85082 0.79072 0.71831 0.65382 0.59639 0.54525 0.49970 0.45914 0.42302 0.39086 0.36221 0.33670 0.31398 0.29375 0.27574 0.25969 0.24540
 16384 1.00000 1.00000 1.00000 1.00000 1.00000 1.00000 1.00000 1.00000 1.00000 1.00000 1.00000 1.00000 1.00000 1.00000 1.00000 1.00000 1.00000 1.00000
 16469 1.00000 1.00000 1.00000 1.00000 1.00000 1.00000 1.00000 1.00000 1.00000 1.00000 1.00000 1.00000 1.00000 1.00000 1.00000 1.00000 1.00000 1.00000
 16555 1.00000 1.00000 1.00000 1.00000 1.00000 1.00000 1.00000 1.00000 1.00000 1.00000 1.00000 1.00000 1.00000 1.00000 1.00000 1.00000 1.00000 1.00000
 16640 1.00000 1.00000 1.00000 1.00000 1.00000 1.00000 1.00000 1.00000 1.00000 1.00000 1.00000 1.00000 1.00000 1.00000 1.00000 1.00000 1.00000 1.00000
 16725 1.00000 1.00000 1.00000 1.00000 1.00000 1.00000 1.00000 1.00000 1.00000 1.00000 1.00000 1.00000 1.00000 1.00000 1.00000 1.00000 1.00000 1.00000
 16811 1.00000 1.00000 1.00000 1.00000 1.00000 1.00000 1.00000 1.00000 1.00000 1.00000 1.00000 1.00000 1.00000 1.00000 1.00000 1.00000 1.00000 1.00000
 16896 1.00000 1.00000 1.00000 1.00000 1.00000 1.00000 1.00000 1.00000 1.00000 1.00000 1.00000 1.00000 1.00000 1.00000 1.00000 1.00000 1.00000 1.00000
 16981 1.00000 1.00000 1.00000 1.00000 1.00000 1.00000 1.00000 1.00000 1.00000 1.00000 1.00000 1.00000 1.00000 1.00000 1.00000 1.00000 1.00000 1.00000
 17067 0.90744 0.85547 0.80568 0.74253 0.68288 0.62655 0.57335 0.52311 0.47566 0.43084 0.38852 0.34855 0.31080 0.27515 0.24147 0.20967 0.17964 0.15128
 17152 0.92533 0.87712 0.83002 0.76889 0.70961 0.65214 0.59642 0.54239 0.49000 0.43920 0.38995 0.34220 0.29590 0.25100 0.20747 0.16527 0.12434 0.08466
 17237 0.92533 0.87712 0.83002 0.76889 0.70961 0.65214 0.59642 0.54239 0.49000 0.43920 0.38995 0.34220 0.29590 0.25100 0.20747 0.16527 0.12434 0.08466
 17323 0.92533 0.87712 0.83002 0.76889 0.70961 0.65214 0.59642 0.54239 0.49000 0.43920 0.38995 0.34220 0.29590 0.25100 0.20747 0.16527 0.12434 0.08466
 17408 0.96307 0.91531 0.86807 0.80591 0.74466 0.68431 0.62486 0.56628 0.50856 0.45169 0.39566 0.34046 0.28607 0.23249 0.17969 0.12767 0.07642 0.02592
 17493 0.96307 0.91531 0.86807 0.80591 0.74466 0.68431 0.62486 0.56628 0.50856 0.45169 0.39566 0.34046 0.28607 0.23249 0.17969 0.12767 0.07642 0.02592
 17579 0.96307 0.91531 0.86807 0.80591 0.74466 0.68431 0.62486 0.56628 0.50856 0.45169 0.39566 0.34046 0.28607 0.23249 0.17969 0.12767 0.07642 0.02592
 17664 0.97006 0.92244 0.87538 0.81349 0.75258 0.69263 0.63362 0.57553 0.51836 0.46209 0.40670 0.35219 0.29853 0.24571 0.19373 0.14256 0.09220 0.04263
 17749 0.97006 0.92244 0.87538 0.81349 0.75258 0.69263 0.63362 0.57553 0.51836 0.46209 0.40670 0.35219 0.29853 0.24571 0.19373 0.14256 0.09220 0.04263
 17835 0.97006 0.92244 0.87538 0.81349 0.75258 0.69263 0.63362 0.57553 0.51836 0.46209 0.40670 0.35219 0.29853 0.24571 0.19373 0.14256 0.09220 0.04263
 17920 0.96882 0.92031 0.87298 0.81167 0.75234 0.69494 0.63940 0.58567 0.53368 0.48337 0.43469 0.38760 0.34203 0.29794 0.25528 0.21400 0.17407 0.13542
 18005 0.96882 0.92031 0.87298 0.81167 0.75234 0.69494 0.63940 0.58567 0.53368 0.48337 0.43469 0.38760 0.34203 0.29794 0.25528 0.21400 0.17407 0.13542
 18091 0.96882 0.92031 0.87298 0.81167 0.75234 0.69494 0.63940 0.58567 0.53368 0.48337 0.43469 0.38760 0.34203 0.29794 0.25528 0.21400 0.17407 0.13542
 18176 0.96835 0.92053 0.87360 0.81238 0.75268 0.69445 0.63767 0.58229 0.52829 0.47562 0.42425 0.37416 0.32531 0.27766 0.23120 0.18589 0.14169 0.09860
 18261 0.96835 0.92053 0.87360 0.81238 0.75268 0.69445 0.63767 0.58229 0.52829 0.47562 0.42425 0.37416 0.32531 0.27766 0.23120 0.18589 0.14169 0.09860
 18347 0.96835 0.92053 0.87360 0.81238 0.75268 0.69445 0.63767 0.58229 0.52829 0.47562 0.42425 0.37416 0.32531 0.27766 0.23120 0.18589 0.14169 0.09860
 18432 0.97870 0.93221 0.88626 0.82584 0.76637 0.70784 0.65022 0.59351 0.53769 0.48274 0.42866 0.37543 0.32303 0.27146 0.22069 0.17073 0.12154 0.07313
 18517 0.97870 0.93221 0.88626 0.82584 0.76637 0.70784 0.65022 0.59351 0.53769 0.48274 0.42866 0.37543 0.32303 0.27146 0.22069 0.17073 0.12154 0.07313
 18603 0.97870 0.93221 0.88626 0.82584 0.76637 0.70784 0.65022 0.59351 0.53769 0.48274 0.42866 0.37543 0.32303 0.27146 0.22069 0.17073 0.12154 0.07313
 18688 0.97746 0.92930 0.88201 0.82028 0.76005 0.70127 0.64391 0.58792 0.53329 0.47998 0.42795 0.37717 0.32762 0.27927 0.23207 0.18602 0.14108 0.09722
 18773 0.97746 0.92930 0.88201 0.82028 0.76005 0.70127 0.64391 0.58792 0.53329 0.47998 0.42795 0.37717 0.32762 0.27927 0.23207 0.18602 0.14108 0.09722
 18859 0.97746 0.92930 0.88201 0.82028 0.76005 0.70127 0.64391 0.58792 0.53329 0.47998 0.42795 0.37717 0.32762 0.27927 0.23207 0.18602 0.14108 0.09722
 18944 0.97362 0.92555 0.87880 0.81843 0.76026 0.70418 0.65014 0.59805 0.54785 0.49946 0.45282 0.40788 0.36456 0.32280 0.28256 0.24377 0.20639 0.17036
 19029 0.97362 0.92555 0.87880 0.81843 0.76026 0.70418 0.65014 0.59805 0.54785 0.49946 0.45282 0.40788 0.36456 0.32280 0.28256 0.24377 0.20639 0.17036
 19115 0.97362 0.92555 0.87880 0.81843 0.76026 0.70418 0.65014 0.59805 0.54785 0.49946 0.45282 0.40788 0.36456 0.32280 0.28256 0.24377 0.20639 0.17036
 19200 0.97629 0.92859 0.88196 0.82141 0.76267 0.70567 0.65036 0.59671 0.54465 0.49414 0.44513 0.39759 0.35145 0.30669 0.26327 0.22114 0.18026 0.14059
 19285 0.97629 0.92859 0.88196 0.82141 0.76267 0.70567 0.65036 0.59671 0.54465 0.49414 0.44513 0.39759 0.35145 0.30669 0.26327 0.22114 0.18026 0.14059
 19371 0.97629 0.92859 0.88196 0.82141 0.76267 0.70567 0.65036 0.59671 0.54465 0.49414 0.44513 0.39759 0.35145 0.30669 0.26327 0.22114 0.18026 0.14059
 19456 0.96814 0.91937 0.87202 0.81102 0.75237 0.69599 0.64179 0.58968 0.53958 0.49142 0.44511 0.40060 0.35780 0.31666 0.27710 0.23907 0.20251 0.16736
 19541 0.96814 0.91937 0.87202 0.81102 0.75237 0.69599 0.64179 0.58968 0.53958 0.49142 0.44511 0.40060 0.35780 0.31666 0.27710 0.23907 0.20251 0.16736
 19627 0.96814 0.91937 0.87202 0.81102 0.75237 0.69599 0.64179 0.58968 0.53958 0.49142 0.44511 0.40060 0.35780 0.31666 0.27710 0.23907 0.20251 0.16736
 19712 0.96276 0.91956 0.87659 0.81966 0.76312 0.70699 0.65126 0.59591 0.54096 0.48640 0.43223 0.37844 0.32503 0.27200 0.21934 0.16706 0.11515 0.06360
 19797 0.96276 0.91956 0.87659 0.81966 0.76312 0.70699 0.65126 0.59591 0.54096 0.48640 0.43223 0.37844 0.32503 0.27200 0.21934 0.16706 0.11515 0.06360
 19883 0.96276 0.91956 0.87659 0.81966 0.76312 0.70699 0.65126 0.59591 0.54096 0.48640 0.43223 0.37844 0.32503 0.27200 0.21934 0.16706 0.11515 0.06360
 19968 0.97966 0.92670 0.87589 0.81131 0.75020 0.69236 0.63761 0.58580 0.53676 0.49035 0.44643 0.40485 0.36551 0.32827 0.29302 0.25966 0.22809 0.19821
 20053 0.97966 0.92670 0.87589 0.81131 0.75020 0.69236 0.63761 0.58580 0.53676 0.49035 0.44643 0.40485 0.36551 0.32827 0.29302 0.25966 0.22809 0.19821
 20139 0.97966 0.92670 0.87589 0.81131 0.75020 0.69236 0.63761 0.58580 0.53676 0.49035 0.44643 0.40485 0.36551 0.32827 0.29302 0.25966 0.22809 0.19821
 20224 0.99036 0.94159 0.89397 0.83220 0.77237 0.71440 0.65825 0.60384 0.55114 0.50008 0.45061 0.40269 0.35627 0.31129 0.26772 0.22551 0.18462 0.14501
 20309 0.99036 0.94159 0.89397 0.83220 0.77237 0.71440 0.65825 0.60384 0.55114 0.50008 0.45061 0.40269 0.35627 0.31129 0.26772 0.22551 0.18462 0.14501
 20395 0.99036 0.94159 0.89397 0.83220 0.77237 0.71440 0.65825 0.60384 0.55114 0.50008 0.45061 0.40269 0.35627 0.31129 0.26772 0.22551 0.18462 0.14501
 20480 0.97470 0.92305 0.87316 0.80930 0.74834 0.69015 0.63459 0.58156 0.53094 0.48262 0.43649 0.39246 0.35042 0.31030 0.27199 0.23543 0.20053 0.16721
 20565 0.97470 0.92305 0.87316 0.80930 0.74834 0.69015 0.63459 0.58156 0.53094 0.48262 0.43649 0.39246 0.35042 0.31030 0.27199 0.23543 0.20053 0.16721
 20651 0.97470 0.92305 0.87316 0.80930 0.74834 0.69015 0.63459 0.58156 0.53094 0.48262 0.43649 0.39246 0.35042 0.31030 0.27199 0.23543 0.20053 0.16721
 20736 0.92609 0.88458 0.84366 0.79000 0.73734 0.68568 0.63498 0.58524 0.53644 0.48855 0.44157 0.39546 0.35023 0.30584 0.26229 0.21956 0.17763 0.13649
 20821 0.92609 0.88458 0.84366 0.79000 0.73734 0.68568 0.63498 0.58524 0.53644 0.48855 0.44157 0.39546 0.35023 0.30584 0.26229 0.21956 0.17763 0.13649
 20907 0.92609 0.88458 0.84366 0.79000 0.73734 0.68568 0.63498 0.58524 0.53644 0.48855 0.44157 0.39546 0.35023 0.30584 0.26229 0.21956 0.17763 0.13649
 20992 0.94704 0.90328 0.86019 0.80376 0.74849 0.69435 0.64130 0.58935 0.53845 0.48859 0.43974 0.39190 0.34503 0.29911 0.25414 0.21008 0.16692 0.12464
 21077 0.94704 0.90328 0.86019 0.80376 0.74849 0.69435 0.64130 0.58935 0.53845 0.48859 0.43974 0.39190 0.34503 0.29911 0.25414 0.21008 0.16692 0.12464
 21163 0.94704 0.90328 0.86019 0.80376 0.74849 0.69435 0.64130 0.58935 0.53845 0.48859 0.43974 0.39190 0.34503 0.29911 0.25414 0.21008 0.16692 0.12464
 21248 0.96711 0.92033 0.87485 0.81619 0.75970 0.70531 0.65294 0.60252 0.55396 0.50721 0.46219 0.41884 0.37710 0.33691 0.29821 0.26095 0.22507 0.19053
 21333 0.96711 0.92033 0.87485 0.81619 0.75970 0.70531 0.65294 0.60252 0.55396 0.50721 0.46219 0.41884 0.37710 0.33691 0.29821 0.26095 0.22507 0.19053
 21419 0.96711 0.92033 0.87485 0.81619 0.75970 0.70531 0.65294 0.60252 0.55396 0.50721 0.46219 0.41884 0.37710 0.33691 0.29821 0.26095 0.22507 0.19053
 21504 0.96146 0.91525 0.87024 0.81208 0.75595 0.70178 0.64951 0.59906 0.55037 0.50339 0.45805 0.41430 0.37207 0.33132 0.29200 0.25405 0.21743 0.18208
 21589 0.96146 0.91525 0.87024 0.81208 0.75595 0.70178 0.64951 0.59906 0.55037 0.50339 0.45805 0.41430 0.37207 0.33132 0.29200 0.25405 0.21743 0.18208
 21675 0.96146 0.91525 0.87024 0.81208 0.75595 0.70178 0.64951 0.59906 0.55037 0.50339 0.45805 0.41430 0.37207 0.33132 0.29200 0.25405 0.21743 0.18208
 21760 0.96260 0.91541 0.86944 0.80999 0.75258 0.69714 0.64359 0.59189 0.54196 0.49374 0.44718 0.40221 0.35879 0.31686 0.27636 0.23725 0.19949 0.16302
 21845 0.96260 0.91541 0.86944 0.80999 0.75258 0.69714 0.64359 0.59189 0.54196 0.49374 0.44718 0.40221 0.35879 0.31686 0.27636 0.23725 0.19949 0.16302
 21931 0.96260 0.91541 0.86944 0.80999 0.75258 0.69714 0.64359 0.59189 0.54196 0.49374 0.44718 0.40221 0.35879 0.31686 0.27636 0.23725 0.19949 0.16302
 22016 0.96514 0.91786 0.87191 0.81266 0.75562 0.70072 0.64787 0.59699 0.54802 0.50088 0.45550 0.41181 0.36976 0.32928 0.29032 0.25281 0.21671 0.18195
 22101 0.96514 0.91786 0.87191 0.81266 0.75562 0.70072 0.64787 0.59699 0.54802 0.50088 0.45550 0.41181 0.36976 0.32928 0.29032 0.25281 0.21671 0.18195
 22187 0.96514 0.91786 0.87191 0.81266 0.75562 0.70072 0.64787 0.59699 0.54802 0.50088 0.45550 0.41181 0.36976 0.32928 0.29032 0.25281 0.21671 0.18195
 22272 0.95536 0.91295 0.87114 0.81631 0.76252 0.70974 0.65796 0.60715 0.55730 0.50839 0.46041 0.41332 0.36713 0.32180 0.27734 0.23370 0.19090 0.14890
 22357 0.95536 0.91295 0.87114 0.81631 0.76252 0.70974 0.65796 0.60715 0.55730 0.50839 0.46041 0.41332 0.36713 0.32180 0.27734 0.23370 0.19090 0.14890
 22443 0.95536 0.91295 0.87114 0.81631 0.76252 0.70974 0.65796 0.60715 0.55730 0.50839 0.46041 0.41332 0.36713 0.32180 0.27734 0.23370 0.19090 0.14890
 22528 0.94537 0.89979 0.85546 0.79828 0.74319 0.69013 0.63902 0.58980 0.54238 0.49671 0.45272 0.41034 0.36953 0.33022 0.29235 0.25587 0.22074 0.18690
 22613 0.94537 0.89979 0.85546 0.79828 0.74319 0.69013 0.63902 0.58980 0.54238 0.49671 0.45272 0.41034 0.36953 0.33022 0.29235 0.25587 0.22074 0.18690
 22699 0.94537 0.89979 0.85546 0.79828 0.74319 0.69013 0.63902 0.58980 0.54238 0.49671 0.45272 0.41034 0.36953 0.33022 0.29235 0.25587 0.22074 0.18690
 22784 0.94555 0.90015 0.85584 0.79839 0.74275 0.68888 0.63671 0.58620 0.53728 0.48990 0.44403 0.39961 0.35659 0.31494 0.27460 0.23554 0.19772 0.16109
 22869 0.94555 0.90015 0.85584 0.79839 0.74275 0.68888 0.63671 0.58620 0.53728 0.48990 0.44403 0.39961 0.35659 0.31494 0.27460 0.23554 0.19772 0.16109
 22955 0.94555 0.90015 0.85584 0.79839 0.74275 0.68888 0.63671 0.58620 0.53728 0.48990 0.44403 0.39961 0.35659 0.31494 0.27460 0.23554 0.19772 0.16109
 23040 0.95003 0.90203 0.85540 0.79532 0.73752 0.68193 0.62846 0.57703 0.52756 0.47998 0.43421 0.39019 0.34784 0.30711 0.26794 0.23025 0.19401 0.15915
 23125 0.95003 0.90203 0.85540 0.79532 0.73752 0.68193 0.62846 0.57703 0.52756 0.47998 0.43421 0.39019 0.34784 0.30711 0.26794 0.23025 0.19401 0.15915
 23211 0.95003 0.90203 0.85540 0.79532 0.73752 0.68193 0.62846 0.57703 0.52756 0.47998 0.43421 0.39019 0.34784 0.30711 0.26794 0.23025 0.19401 0.15915
 23296 0.95483 0.90467 0.85641 0.79491 0.73650 0.68102 0.62834 0.57831 0.53079 0.48566 0.44281 0.40210 0.36345 0.32674 0.29187 0.25876 0.22732 0.19746
 23381 0.95483 0.90467 0.85641 0.79491 0.73650 0.68102 0.62834 0.57831 0.53079 0.48566 0.44281 0.40210 0.36345 0.32674 0.29187 0.25876 0.22732 0.19746
 23467 0.95483 0.90467 0.85641 0.79491 0.73650 0.68102 0.62834 0.57831 0.53079 0.48566 0.44281 0.40210 0.36345 0.32674 0.29187 0.25876 0.22732 0.19746
 23552 0.93962 0.89498 0.85119 0.79413 0.73853 0.68436 0.63159 0.58017 0.53007 0.48126 0.43370 0.38736 0.34222 0.29823 0.25538 0.21363 0.17295 0.13331
 23637 0.93962 0.89498 0.85119 0.79413 0.73853 0.68436 0.63159 0.58017 0.53007 0.48126 0.43370 0.38736 0.34222 0.29823 0.25538 0.21363 0.17295 0.13331
 23723 0.93962 0.89498 0.85119 0.79413 0.73853 0.68436 0.63159 0.58017 0.53007 0.48126 0.43370 0.38736 0.34222 0.29823 0.25538 0.21363 0.17295 0.13331
 23808 0.94901 0.90082 0.85404 0.79379 0.73590 0.68025 0.62677 0.57537 0.52598 0.47850 0.43287 0.38902 0.34688 0.30638 0.26745 0.23004 0.19408 0.15953
 23893 0.94901 0.90082 0.85404 0.79379 0.73590 0.68025 0.62677 0.57537 0.52598 0.47850 0.43287 0.38902 0.34688 0.30638 0.26745 0.23004 0.19408 0.15953
 23979 0.94901 0.90082 0.85404 0.79379 0.73590 0.68025 0.62677 0.57537 0.52598 0.47850 0.43287 0.38902 0.34688 0.30638 0.26745 0.23004 0.19408 0.15953
 24064 0.95935 0.90874 0.86021 0.79860 0.74033 0.68523 0.63313 0.58387 0.53728 0.49323 0.45157 0.41218 0.37494 0.33971 0.30641 0.27491 0.24513 0.21697
 24149 0.95935 0.90874 0.86021 0.79860 0.74033 0.68523 0.63313 0.58387 0.53728 0.49323 0.45157 0.41218 0.37494 0.33971 0.30641 0.27491 0.24513 0.21697
 24235 0.95935 0.90874 0.86021 0.79860 0.74033 0.68523 0.63313 0.58387 0.53728 0.49323 0.45157 0.41218 0.37494 0.33971 0.30641 0.27491 0.24513 0.21697
 24320 0.95611 0.90885 0.86316 0.80457 0.74853 0.69494 0.64370 0.59469 0.54782 0.50300 0.46014 0.41914 0.37994 0.34246 0.30660 0.27232 0.23953 0.20817
 24405 0.95611 0.90885 0.86316 0.80457 0.74853 0.69494 0.64370 0.59469 0.54782 0.50300 0.46014 0.41914 0.37994 0.34246 0.30660 0.27232 0.23953 0.20817
 24491 0.95611 0.90885 0.86316 0.80457 0.74853 0.69494 0.64370 0.59469 0.54782 0.50300 0.46014 0.41914 0.37994 0.34246 0.30660 0.27232 0.23953 0.20817
 24576 0.96112 0.91505 0.87032 0.81266 0.75721 0.70388 0.65258 0.60324 0.55578 0.51014 0.46623 0.42401 0.38340 0.34433 0.30676 0.27063 0.23587 0.20244
 24661 0.96112 0.91505 0.87032 0.81266 0.75721 0.70388 0.65258 0.60324 0.55578 0.51014 0.46623 0.42401 0.38340 0.34433 0.30676 0.27063 0.23587 0.20244
 24747 0.96112 0.91505 0.87032 0.81266 0.75721 0.70388 0.65258 0.60324 0.55578 0.51014 0.46623 0.42401 0.38340 0.34433 0.30676 0.27063 0.23587 0.20244
 24832 0.97227 0.92572 0.88063 0.82269 0.76716 0.71393 0.66291 0.61400 0.56711 0.52218 0.47910 0.43781 0.39824 0.36030 0.32394 0.28908 0.25567 0.22365
 24917 0.97227 0.92572 0.88063 0.82269 0.76716 0.71393 0.66291 0.61400 0.56711 0.52218 0.47910 0.43781 0.39824 0.36030 0.32394 0.28908 0.25567 0.22365
 25003 0.97227 0.92572 0.88063 0.82269 0.76716 0.71393 0.66291 0.61400 0.56711 0.52218 0.47910 0.43781 0.39824 0.36030 0.32394 0.28908 0.25567 0.22365
 25088 0.96057 0.91194 0.86529 0.80602 0.74990 0.69673 0.64635 0.59858 0.55327 0.51027 0.46944 0.43067 0.39383 0.35882 0.32552 0.29385 0.26372 0.23504
 25173 0.95473 0.90505 0.85762 0.79768 0.74126 0.68814 0.63808 0.59088 0.54635 0.50431 0.46462 0.42710 0.39163 0.35807 0.32631 0.29624 0.26774 0.24074
 25259 0.94888 0.89816 0.84995 0.78934 0.73263 0.67954 0.62980 0.58317 0.53942 0.49836 0.45979 0.42353 0.38943 0.35733 0.32711 0.29862 0.27177 0.24643
 25344 0.94304 0.89127 0.84228 0.78100 0.72400 0.67094 0.62152 0.57546 0.53250 0.49241 0.45496 0.41996 0.38722 0.35659 0.32790 0.30101 0.27579 0.25213
 25429 0.93719 0.88438 0.83461 0.77266 0.71536 0.66234 0.61325 0.56775 0.52558 0.48645 0.45013 0.41639 0.38502 0.35585 0.32869 0.30339 0.27982 0.25783
 25515 0.93134 0.87749 0.82694 0.76432 0.70673 0.65374 0.60497 0.56005 0.51866 0.48050 0.44530 0.41282 0.38282 0.35510 0.32948 0.30578 0.28384 0.26352
 25600 0.91965 0.86371 0.81160 0.74764 0.68946 0.63655 0.58842 0.54463 0.50481 0.46859 0.43564 0.40567 0.37841 0.35362 0.33106 0.31055 0.29189 0.27492
 25685 0.91965 0.86371 0.81160 0.74764 0.68946 0.63655 0.58842 0.54463 0.50481 0.46859 0.43564 0.40567 0.37841 0.35362 0.33106 0.31055 0.29189 0.27492
 25771 0.91965 0.86371 0.81160 0.74764 0.68946 0.63655 0.58842 0.54463 0.50481 0.46859 0.43564 0.40567 0.37841 0.35362 0.33106 0.31055 0.29189 0.27492
 25856 0.93349 0.88315 0.83553 0.77601 0.72072 0.66937 0.62168 0.57738 0.53624 0.49803 0.46254 0.42957 0.39896 0.37052 0.34411 0.31958 0.29679 0.27563
 25941 0.93349 0.88315 0.83553 0.77601 0.72072 0.66937 0.62168 0.57738 0.53624 0.49803 0.46254 0.42957 0.39896 0.37052 0.34411 0.31958 0.29679 0.27563
 26027 0.93349 0.88315 0.83553 0.77601 0.72072 0.66937 0.62168 0.57738 0.53624 0.49803 0.46254 0.42957 0.39896 0.37052 0.34411 0.31958 0.29679 0.27563
 26112 0.93208 0.87984 0.83023 0.76793 0.70977 0.65547 0.60478 0.55746 0.51327 0.47203 0.43352 0.39756 0.36400 0.33266 0.30341 0.27610 0.25060 0.22679
 26197 0.93208 0.87984 0.83023 0.76793 0.70977 0.65547 0.60478 0.55746 0.51327 0.47203 0.43352 0.39756 0.36400 0.33266 0.30341 0.27610 0.25060 0.22679
 26283 0.93208 0.87984 0.83023 0.76793 0.70977 0.65547 0.60478 0.55746 0.51327 0.47203 0.43352 0.39756 0.36400 0.33266 0.30341 0.27610 0.25060 0.22679
 26368 0.93132 0.87910 0.82982 0.76841 0.71156 0.65893 0.61022 0.56513 0.52339 0.48475 0.44899 0.41588 0.38523 0.35687 0.33061 0.30630 0.28380 0.26297
 26453 0.93132 0.87910 0.82982 0.76841 0.71156 0.65893 0.61022 0.56513 0.52339 0.48475 0.44899 0.41588 0.38523 0.35687 0.33061 0.30630 0.28380 0.26297
 26539 0.93132 0.87910 0.82982 0.76841 0.71156 0.65893 0.61022 0.56513 0.52339 0.48475 0.44899 0.41588 0.38523 0.35687 0.33061 0.30630 0.28380 0.26297
 26624 0.94034 0.88936 0.84108 0.78065 0.72445 0.67217 0.62354 0.57832 0.53625 0.49712 0.46073 0.42687 0.39539 0.36610 0.33886 0.31352 0.28996 0.26804
 26709 0.94034 0.88936 0.84108 0.78065 0.72445 0.67217 0.62354 0.57832 0.53625 0.49712 0.46073 0.42687 0.39539 0.36610 0.33886 0.31352 0.28996 0.26804
 26795 0.94034 0.88936 0.84108 0.78065 0.72445 0.67217 0.62354 0.57832 0.53625 0.49712 0.46073 0.42687 0.39539 0.36610 0.33886 0.31352 0.28996 0.26804
 26880 0.93723 0.89042 0.84550 0.78841 0.73437 0.68321 0.63478 0.58894 0.54554 0.50446 0.46557 0.42876 0.39391 0.36092 0.32970 0.30013 0.27215 0.24566
 26965 0.93723 0.89042 0.84550 0.78841 0.73437 0.68321 0.63478 0.58894 0.54554 0.50446 0.46557 0.42876 0.39391 0.36092 0.32970 0.30013 0.27215 0.24566
 27051 0.93723 0.89042 0.84550 0.78841 0.73437 0.68321 0.63478 0.58894 0.54554 0.50446 0.46557 0.42876 0.39391 0.36092 0.32970 0.30013 0.27215 0.24566
 27136 0.93682 0.89423 0.85259 0.79848 0.74596 0.69497 0.64547 0.59742 0.55077 0.50549 0.46153 0.41885 0.37743 0.33721 0.29817 0.26027 0.22347 0.18776
 27221 0.93682 0.89423 0.85259 0.79848 0.74596 0.69497 0.64547 0.59742 0.55077 0.50549 0.46153 0.41885 0.37743 0.33721 0.29817 0.26027 0.22347 0.18776
 27307 0.93682 0.89423 0.85259 0.79848 0.74596 0.69497 0.64547 0.59742 0.55077 0.50549 0.46153 0.41885 0.37743 0.33721 0.29817 0.26027 0.22347 0.18776
 27392 0.93275 0.89036 0.84897 0.79526 0.74321 0.69276 0.64386 0.59648 0.55055 0.50604 0.46291 0.42110 0.38058 0.34131 0.30325 0.26636 0.23061 0.19596
 27477 0.93275 0.89036 0.84897 0.79526 0.74321 0.69276 0.64386 0.59648 0.55055 0.50604 0.46291 0.42110 0.38058 0.34131 0.30325 0.26636 0.23061 0.19596
 27563 0.93275 0.89036 0.84897 0.79526 0.74321 0.69276 0.64386 0.59648 0.55055 0.50604 0.46291 0.42110 0.38058 0.34131 0.30325 0.26636 0.23061 0.19596
 27648 0.94037 0.89651 0.85383 0.79872 0.74559 0.69437 0.64498 0.59737 0.55147 0.50722 0.46455 0.42342 0.38376 0.34553 0.30867 0.27313 0.23887 0.20584
 27733 0.94037 0.89651 0.85383 0.79872 0.74559 0.69437 0.64498 0.59737 0.55147 0.50722 0.46455 0.42342 0.38376 0.34553 0.30867 0.27313 0.23887 0.20584
 27819 0.94037 0.89651 0.85383 0.79872 0.74559 0.69437 0.64498 0.59737 0.55147 0.50722 0.46455 0.42342 0.38376 0.34553 0.30867 0.27313 0.23887 0.20584
 27904 0.95014 0.90716 0.86542 0.81165 0.75993 0.71020 0.66237 0.61638 0.57215 0.52961 0.48871 0.44938 0.41155 0.37518 0.34020 0.30656 0.27421 0.24310
 27989 0.95014 0.90716 0.86542 0.81165 0.75993 0.71020 0.66237 0.61638 0.57215 0.52961 0.48871 0.44938 0.41155 0.37518 0.34020 0.30656 0.27421 0.24310
 28075 0.95014 0.90716 0.86542 0.81165 0.75993 0.71020 0.66237 0.61638 0.57215 0.52961 0.48871 0.44938 0.41155 0.37518 0.34020 0.30656 0.27421 0.24310
 28160 0.94144 0.89920 0.85803 0.80476 0.75327 0.70352 0.65544 0.60898 0.56408 0.52069 0.47876 0.43824 0.39909 0.36125 0.32468 0.28935 0.25520 0.22220
 28245 0.94144 0.89920 0.85803 0.80476 0.75327 0.70352 0.65544 0.60898 0.56408 0.52069 0.47876 0.43824 0.39909 0.36125 0.32468 0.28935 0.25520 0.22220
 28331 0.94144 0.89920 0.85803 0.80476 0.75327 0.70352 0.65544 0.60898 0.56408 0.52069 0.47876 0.43824 0.39909 0.36125 0.32468 0.28935 0.25520 0.22220
 28416 0.94327 0.89795 0.85450 0.79935 0.74721 0.69793 0.65134 0.60730 0.56566 0.52631 0.48911 0.45394 0.42069 0.38926 0.35956 0.33147 0.30492 0.27983
 28501 0.94327 0.89795 0.85450 0.79935 0.74721 0.69793 0.65134 0.60730 0.56566 0.52631 0.48911 0.45394 0.42069 0.38926 0.35956 0.33147 0.30492 0.27983
 28587 0.94327 0.89795 0.85450 0.79935 0.74721 0.69793 0.65134 0.60730 0.56566 0.52631 0.48911 0.45394 0.42069 0.38926 0.35956 0.33147 0.30492 0.27983
 28672 0.93805 0.89541 0.85412 0.80108 0.75026 0.70158 0.65493 0.61023 0.56741 0.52638 0.48707 0.44941 0.41332 0.37874 0.34562 0.31387 0.28346 0.25433
 28757 0.93805 0.89541 0.85412 0.80108 0.75026 0.70158 0.65493 0.61023 0.56741 0.52638 0.48707 0.44941 0.41332 0.37874 0.34562 0.31387 0.28346 0.25433
 28843 0.93805 0.89541 0.85412 0.80108 0.75026 0.70158 0.65493 0.61023 0.56741 0.52638 0.48707 0.44941 0.41332 0.37874 0.34562 0.31387 0.28346 0.25433
 28928 0.94579 0.90226 0.86017 0.80622 0.75463 0.70531 0.65815 0.61306 0.56996 0.52874 0.48933 0.45166 0.41563 0.38119 0.34826 0.31678 0.28668 0.25789
 29013 0.94579 0.90226 0.86017 0.80622 0.75463 0.70531 0.65815 0.61306 0.56996 0.52874 0.48933 0.45166 0.41563 0.38119 0.34826 0.31678 0.28668 0.25789
 29099 0.94579 0.90226 0.86017 0.80622 0.75463 0.70531 0.65815 0.61306 0.56996 0.52874 0.48933 0.45166 0.41563 0.38119 0.34826 0.31678 0.28668 0.25789
 29184 0.94310 0.89847 0.85583 0.80195 0.75127 0.70359 0.65875 0.61657 0.57689 0.53956 0.50446 0.47143 0.44037 0.41115 0.38366 0.35781 0.33349 0.31061
 29269 0.94310 0.89847 0.85583 0.80195 0.75127 0.70359 0.65875 0.61657 0.57689 0.53956 0.50446 0.47143 0.44037 0.41115 0.38366 0.35781 0.33349 0.31061
 29355 0.94310 0.89847 0.85583 0.80195 0.75127 0.70359 0.65875 0.61657 0.57689 0.53956 0.50446 0.47143 0.44037 0.41115 0.38366 0.35781 0.33349 0.31061
 29440 0.95468 0.91134 0.86954 0.81611 0.76520 0.71670 0.67048 0.62644 0.58449 0.54451 0.50642 0.47012 0.43554 0.40259 0.37120 0.34129 0.31278 0.28563
 29525 0.95468 0.91134 0.86954 0.81611 0.76520 0.71670 0.67048 0.62644 0.58449 0.54451 0.50642 0.47012 0.43554 0.40259 0.37120 0.34129 0.31278 0.28563
 29611 0.95468 0.91134 0.86954 0.81611 0.76520 0.71670 0.67048 0.62644 0.58449 0.54451 0.50642 0.47012 0.43554 0.40259 0.37120 0.34129 0.31278 0.28563
 29696 0.96022 0.91599 0.87345 0.81923 0.76776 0.71888 0.67247 0.62840 0.58655 0.54682 0.50909 0.47327 0.43926 0.40696 0.37629 0.34717 0.31952 0.29327
 29781 0.96022 0.91599 0.87345 0.81923 0.76776 0.71888 0.67247 0.62840 0.58655 0.54682 0.50909 0.47327 0.43926 0.40696 0.37629 0.34717 0.31952 0.29327
 29867 0.96022 0.91599 0.87345 0.81923 0.76776 0.71888 0.67247 0.62840 0.58655 0.54682 0.50909 0.47327 0.43926 0.40696 0.37629 0.34717 0.31952 0.29327
 29952 0.95240 0.90845 0.86614 0.81217 0.76088 0.71211 0.66576 0.62170 0.57982 0.54002 0.50218 0.46621 0.43202 0.39952 0.36863 0.33926 0.31135 0.28482
 30037 0.95240 0.90845 0.86614 0.81217 0.76088 0.71211 0.66576 0.62170 0.57982 0.54002 0.50218 0.46621 0.43202 0.39952 0.36863 0.33926 0.31135 0.28482
 30123 0.95240 0.90845 0.86614 0.81217 0.76088 0.71211 0.66576 0.62170 0.57982 0.54002 0.50218 0.46621 0.43202 0.39952 0.36863 0.33926 0.31135 0.28482
 30208 0.95809 0.91221 0.86848 0.81332 0.76157 0.71302 0.66746 0.62471 0.58460 0.54697 0.51166 0.47853 0.44745 0.41828 0.39092 0.36524 0.34115 0.31855
 30293 0.95809 0.91221 0.86848 0.81332 0.76157 0.71302 0.66746 0.62471 0.58460 0.54697 0.51166 0.47853 0.44745 0.41828 0.39092 0.36524 0.34115 0.31855
 30379 0.95809 0.91221 0.86848 0.81332 0.76157 0.71302 0.66746 0.62471 0.58460 0.54697 0.51166 0.47853 0.44745 0.41828 0.39092 0.36524 0.34115 0.31855
 30464 0.94882 0.90390 0.86113 0.80726 0.75679 0.70952 0.66523 0.62374 0.58487 0.54845 0.51434 0.48238 0.45245 0.42440 0.39813 0.37351 0.35045 0.32885
 30549 0.94882 0.90390 0.86113 0.80726 0.75679 0.70952 0.66523 0.62374 0.58487 0.54845 0.51434 0.48238 0.45245 0.42440 0.39813 0.37351 0.35045 0.32885
 30635 0.94882 0.90390 0.86113 0.80726 0.75679 0.70952 0.66523 0.62374 0.58487 0.54845 0.51434 0.48238 0.45245 0.42440 0.39813 0.37351 0.35045 0.32885
 30720 0.94903 0.90360 0.86044 0.80625 0.75565 0.70840 0.66428 0.62309 0.58463 0.54872 0.51519 0.48388 0.45465 0.42736 0.40187 0.37807 0.35586 0.33511
 30805 0.94903 0.90360 0.86044 0.80625 0.75565 0.70840 0.66428 0.62309 0.58463 0.54872 0.51519 0.48388 0.45465 0.42736 0.40187 0.37807 0.35586 0.33511
 30891 0.94903 0.90360 0.86044 0.80625 0.75565 0.70840 0.66428 0.62309 0.58463 0.54872 0.51519 0.48388 0.45465 0.42736 0.40187 0.37807 0.35586 0.33511
 30976 0.93651 0.89343 0.85234 0.80048 0.75179 0.70608 0.66315 0.62285 0.58501 0.54947 0.51611 0.48479 0.45538 0.42776 0.40183 0.37748 0.35463 0.33316
 31061 0.93651 0.89343 0.85234 0.80048 0.75179 0.70608 0.66315 0.62285 0.58501 0.54947 0.51611 0.48479 0.45538 0.42776 0.40183 0.37748 0.35463 0.33316
 31147 0.93651 0.89343 0.85234 0.80048 0.75179 0.70608 0.66315 0.62285 0.58501 0.54947 0.51611 0.48479 0.45538 0.42776 0.40183 0.37748 0.35463 0.33316
 31232 0.93157 0.89223 0.85407 0.80497 0.75783 0.71257 0.66912 0.62740 0.58734 0.54888 0.51196 0.47651 0.44247 0.40979 0.37842 0.34829 0.31937 0.29160
 31317 0.93157 0.89223 0.85407 0.80497 0.75783 0.71257 0.66912 0.62740 0.58734 0.54888 0.51196 0.47651 0.44247 0.40979 0.37842 0.34829 0.31937 0.29160
 31403 0.93157 0.89223 0.85407 0.80497 0.75783 0.71257 0.66912 0.62740 0.58734 0.54888 0.51196 0.47651 0.44247 0.40979 0.37842 0.34829 0.31937 0.29160
 31488 0.93730 0.89680 0.85750 0.80688 0.75822 0.71147 0.66653 0.62334 0.58183 0.54193 0.50359 0.46674 0.43132 0.39728 0.36457 0.33312 0.30290 0.27386
 31573 0.93730 0.89680 0.85750 0.80688 0.75822 0.71147 0.66653 0.62334 0.58183 0.54193 0.50359 0.46674 0.43132 0.39728 0.36457 0.33312 0.30290 0.27386
 31659 0.93730 0.89680 0.85750 0.80688 0.75822 0.71147 0.66653 0.62334 0.58183 0.54193 0.50359 0.46674 0.43132 0.39728 0.36457 0.33312 0.30290 0.27386
 31744 0.93686 0.89314 0.85139 0.79867 0.74910 0.70251 0.65871 0.61753 0.57883 0.54244 0.50824 0.47609 0.44587 0.41746 0.39075 0.36564 0.34204 0.31986
 31829 0.93686 0.89314 0.85139 0.79867 0.74910 0.70251 0.65871 0.61753 0.57883 0.54244 0.50824 0.47609 0.44587 0.41746 0.39075 0.36564 0.34204 0.31986
 31915 0.93686 0.89314 0.85139 0.79867 0.74910 0.70251 0.65871 0.61753 0.57883 0.54244 0.50824 0.47609 0.44587 0.41746 0.39075 0.36564 0.34204 0.31986
 32000 0.94893 0.89408 0.84367 0.78276 0.72836 0.67975 0.63633 0.59754 0.56288 0.53192 0.50427 0.47956 0.45749 0.43777 0.42016 0.40442 0.39037 0.37781
 32085 0.94893 0.89408 0.84367 0.78276 0.72836 0.67975 0.63633 0.59754 0.56288 0.53192 0.50427 0.47956 0.45749 0.43777 0.42016 0.40442 0.39037 0.37781
 32171 1.00000 1.00000 1.00000 1.00000 1.00000 1.00000 1.00000 1.00000 1.00000 1.00000 1.00000 1.00000 1.00000 1.00000 1.00000 1.00000 1.00000 1.00000
 32256 1.00000 1.00000 1.00000 1.00000 1.00000 1.00000 1.00000 1.00000 1.00000 1.00000 1.00000 1.00000 1.00000 1.00000 1.00000 1.00000 1.00000 1.00000
 32341 1.00000 1.00000 1.00000 1.00000 1.00000 1.00000 1.00000 1.00000 1.00000 1.00000 1.00000 1.00000 1.00000 1.00000 1.00000 1.00000 1.00000 1.00000
 32427 1.00000 1.00000 1.00000 1.00000 1.00000 1.00000 1.00000 1.00000 1.00000 1.00000 1.00000 1.00000 1.00000 1.00000 1.00000 1.00000 1.00000 1.00000
 32512 1.00000 1.00000 1.00000 1.00000 1.00000 1.00000 1.00000 1.00000 1.00000 1.00000 1.00000 1.00000 1.00000 1.00000 1.00000 1.00000 1.00000 1.00000
 32597 1.00000 1.00000 1.00000 1.00000 1.00000 1.00000 1.00000 1.00000 1.00000 1.00000 1.00000 1.00000 1.00000 1.00000 1.00000 1.00000 1.00000 1.00000
 32683 1.00000 1.00000 1.00000 1.00000 1.00000 1.00000 1.00000 1.00000 1.00000 1.00000 1.00000 1.00000 1.00000 1.00000 1.00000 1.00000 1.00000 1.00000
 32768 1.00000 1.00000 1.00000 1.00000 1.00000 1.00000 1.00000 1.00000 1.00000 1.00000 1.00000 1.00000 1.00000 1.00000 1.00000 1.00000 1.00000 1.00000
 32853 1.00000 1.00000 1.00000 1.00000 1.00000 1.00000 1.00000 1.00000 1.00000 1.00000 1.00000 1.00000 1.00000 1.00000 1.00000 1.00000 1.00000 1.00000
 32939 0.87750 0.80585 0.74191 0.66725 0.60311 0.54801 0.50068 0.46003 0.42510 0.39509 0.36932 0.34718 0.32816 0.31182 0.29779 0.28573 0.27537 0.26647
 33024 0.90607 0.83933 0.77787 0.70341 0.63670 0.57693 0.52338 0.47540 0.43241 0.39389 0.35937 0.32845 0.30074 0.27592 0.25368 0.23375 0.21590 0.19990
 33109 0.90607 0.83933 0.77787 0.70341 0.63670 0.57693 0.52338 0.47540 0.43241 0.39389 0.35937 0.32845 0.30074 0.27592 0.25368 0.23375 0.21590 0.19990
 33195 0.90607 0.83933 0.77787 0.70341 0.63670 0.57693 0.52338 0.47540 0.43241 0.39389 0.35937 0.32845 0.30074 0.27592 0.25368 0.23375 0.21590 0.19990
 33280 0.92750 0.86100 0.79884 0.72223 0.65221 0.58823 0.52975 0.47631 0.42747 0.38284 0.34205 0.30477 0.27070 0.23956 0.21111 0.18510 0.16134 0.13962
 33365 0.92750 0.86100 0.79884 0.72223 0.65221 0.58823 0.52975 0.47631 0.42747 0.38284 0.34205 0.30477 0.27070 0.23956 0.21111 0.18510 0.16134 0.13962
 33451 0.92750 0.86100 0.79884 0.72223 0.65221 0.58823 0.52975 0.47631 0.42747 0.38284 0.34205 0.30477 0.27070 0.23956 0.21111 0.18510 0.16134 0.13962
 33536 0.93759 0.87664 0.81873 0.74597 0.67799 0.61449 0.55517 0.49975 0.44798 0.39961 0.35443 0.31222 0.27278 0.23595 0.20153 0.16938 0.13934 0.11128
 33621 0.93759 0.87664 0.81873 0.74597 0.67799 0.61449 0.55517 0.49975 0.44798 0.39961 0.35443 0.31222 0.27278 0.23595 0.20153 0.16938 0.13934 0.11128
 33707 0.93759 0.87664 0.81873 0.74597 0.67799 0.61449 0.55517 0.49975 0.44798 0.39961 0.35443 0.31222 0.27278 0.23595 0.20153 0.16938 0.13934 0.11128
 33792 0.92755 0.86784 0.81119 0.74013 0.67389 0.61213 0.55455 0.50087 0.45082 0.40416 0.36066 0.32010 0.28229 0.24703 0.21417 0.18352 0.15495 0.12832
 33877 0.92755 0.86784 0.81119 0.74013 0.67389 0.61213 0.55455 0.50087 0.45082 0.40416 0.36066 0.32010 0.28229 0.24703 0.21417 0.18352 0.15495 0.12832
 33963 0.92755 0.86784 0.81119 0.74013 0.67389 0.61213 0.55455 0.50087 0.45082 0.40416 0.36066 0.32010 0.28229 0.24703 0.21417 0.18352 0.15495 0.12832
 34048 0.94680 0.88878 0.83272 0.76088 0.69225 0.62668 0.56403 0.50417 0.44698 0.39234 0.34014 0.29026 0.24261 0.19708 0.15358 0.11202 0.07231 0.03438
 34133 0.94680 0.88878 0.83272 0.76088 0.69225 0.62668 0.56403 0.50417 0.44698 0.39234 0.34014 0.29026 0.24261 0.19708 0.15358 0.11202 0.07231 0.03438
 34219 0.94680 0.88878 0.83272 0.76088 0.69225 0.62668 0.56403 0.50417 0.44698 0.39234 0.34014 0.29026 0.24261 0.19708 0.15358 0.11202 0.07231 0.03438
 34304 0.94202 0.88342 0.82728 0.75609 0.68886 0.62538 0.56544 0.50883 0.45538 0.40491 0.35725 0.31225 0.26976 0.22963 0.19174 0.15596 0.12217 0.09026
 34389 0.94202 0.88342 0.82728 0.75609 0.68886 0.62538 0.56544 0.50883 0.45538 0.40491 0.35725 0.31225 0.26976 0.22963 0.19174 0.15596 0.12217 0.09026
 34475 0.94202 0.88342 0.82728 0.75609 0.68886 0.62538 0.56544 0.50883 0.45538 0.40491 0.35725 0.31225 0.26976 0.22963 0.19174 0.15596 0.12217 0.09026
 34560 0.94074 0.88295 0.82801 0.75895 0.69439 0.63405 0.57765 0.52492 0.47564 0.42957 0.38651 0.34626 0.30863 0.27346 0.24058 0.20985 0.18112 0.15427
 34645 0.94074 0.88295 0.82801 0.75895 0.69439 0.63405 0.57765 0.52492 0.47564 0.42957 0.38651 0.34626 0.30863 0.27346 0.24058 0.20985 0.18112 0.15427
 34731 0.94074 0.88295 0.82801 0.75895 0.69439 0.63405 0.57765 0.52492 0.47564 0.42957 0.38651 0.34626 0.30863 0.27346 0.24058 0.20985 0.18112 0.15427
 34816 0.93748 0.88282 0.83016 0.76293 0.69895 0.63806 0.58013 0.52499 0.47253 0.42260 0.37509 0.32988 0.28686 0.24591 0.20695 0.16988 0.13460 0.10103
 34901 0.93748 0.88282 0.83016 0.76293 0.69895 0.63806 0.58013 0.52499 0.47253 0.42260 0.37509 0.32988 0.28686 0.24591 0.20695 0.16988 0.13460 0.10103
 34987 0.93748 0.88282 0.83016 0.76293 0.69895 0.63806 0.58013 0.52499 0.47253 0.42260 0.37509 0.32988 0.28686 0.24591 0.20695 0.16988 0.13460 0.10103
 35072 0.92545 0.87488 0.82566 0.76205 0.70068 0.64147 0.58433 0.52921 0.47602 0.42471 0.37519 0.32742 0.28133 0.23686 0.19395 0.15255 0.11261 0.07407
 35157 0.92545 0.87488 0.82566 0.76205 0.70068 0.64147 0.58433 0.52921 0.47602 0.42471 0.37519 0.32742 0.28133 0.23686 0.19395 0.15255 0.11261 0.07407
 35243 0.92545 0.87488 0.82566 0.76205 0.70068 0.64147 0.58433 0.52921 0.47602 0.42471 0.37519 0.32742 0.28133 0.23686 0.19395 0.15255 0.11261 0.07407
 35328 0.93714 0.87800 0.82189 0.75151 0.68589 0.62471 0.56766 0.51448 0.46489 0.41866 0.37555 0.33536 0.29789 0.26295 0.23038 0.20001 0.17169 0.14529
 35413 0.93714 0.87800 0.82189 0.75151 0.68589 0.62471 0.56766 0.51448 0.46489 0.41866 0.37555 0.33536 0.29789 0.26295 0.23038 0.20001 0.17169 0.14529
 35499 0.93714 0.87800 0.82189 0.75151 0.68589 0.62471 0.56766 0.51448 0.46489 0.41866 0.37555 0.33536 0.29789 0.26295 0.23038 0.20001 0.17169 0.14529
 35584 0.92695 0.87273 0.82071 0.75463 0.69209 0.63293 0.57694 0.52397 0.47385 0.42642 0.38155 0.33909 0.29891 0.26089 0.22492 0.19089 0.15868 0.12821
 35669 0.92695 0.87273 0.82071 0.75463 0.69209 0.63293 0.57694 0.52397 0.47385 0.42642 0.38155 0.33909 0.29891 0.26089 0.22492 0.19089 0.15868 0.12821
 35755 0.92695 0.87273 0.82071 0.75463 0.69209 0.63293 0.57694 0.52397 0.47385 0.42642 0.38155 0.33909 0.29891 0.26089 0.22492 0.19089 0.15868 0.12821
 35840 0.94723 0.88674 0.82960 0.75830 0.69223 0.63099 0.57423 0.52163 0.47288 0.42769 0.38582 0.34701 0.31103 0.27770 0.24680 0.21816 0.19162 0.16703
 35925 0.94723 0.88674 0.82960 0.75830 0.69223 0.63099 0.57423 0.52163 0.47288 0.42769 0.38582 0.34701 0.31103 0.27770 0.24680 0.21816 0.19162 0.16703
 36011 0.94723 0.88674 0.82960 0.75830 0.69223 0.63099 0.57423 0.52163 0.47288 0.42769 0.38582 0.34701 0.31103 0.27770 0.24680 0.21816 0.19162 0.16703
 36096 0.93543 0.88225 0.83067 0.76430 0.70057 0.63939 0.58065 0.52425 0.47010 0.41811 0.36819 0.32027 0.27425 0.23007 0.18765 0.14693 0.10782 0.07028
 36181 0.93543 0.88225 0.83067 0.76430 0.70057 0.63939 0.58065 0.52425 0.47010 0.41811 0.36819 0.32027 0.27425 0.23007 0.18765 0.14693 0.10782 0.07028
 36267 0.93543 0.88225 0.83067 0.76430 0.70057 0.63939 0.58065 0.52425 0.47010 0.41811 0.36819 0.32027 0.27425 0.23007 0.18765 0.14693 0.10782 0.07028
 36352 0.90961 0.85163 0.79693 0.72877 0.66569 0.60732 0.55329 0.50330 0.45703 0.41422 0.37459 0.33792 0.30399 0.27258 0.24352 0.21662 0.19173 0.16870
 36437 0.90961 0.85163 0.79693 0.72877 0.66569 0.60732 0.55329 0.50330 0.45703 0.41422 0.37459 0.33792 0.30399 0.27258 0.24352 0.21662 0.19173 0.16870
 36523 0.90961 0.85163 0.79693 0.72877 0.66569 0.60732 0.55329 0.50330 0.45703 0.41422 0.37459 0.33792 0.30399 0.27258 0.24352 0.21662 0.19173 0.16870
 36608 0.89762 0.84854 0.80073 0.73889 0.67916 0.62146 0.56574 0.51192 0.45994 0.40973 0.36123 0.31439 0.26915 0.22546 0.18325 0.14249 0.10312 0.06509
 36693 0.89762 0.84854 0.80073 0.73889 0.67916 0.62146 0.56574 0.51192 0.45994 0.40973 0.36123 0.31439 0.26915 0.22546 0.18325 0.14249 0.10312 0.06509
 36779 0.89762 0.84854 0.80073 0.73889 0.67916 0.62146 0.56574 0.51192 0.45994 0.40973 0.36123 0.31439 0.26915 0.22546 0.18325 0.14249 0.10312 0.06509
 36864 0.90643 0.85443 0.80414 0.73962 0.67790 0.61886 0.56237 0.50833 0.45662 0.40716 0.35984 0.31458 0.27127 0.22983 0.19020 0.15228 0.11600 0.08129
 36949 0.90643 0.85443 0.80414 0.73962 0.67790 0.61886 0.56237 0.50833 0.45662 0.40716 0.35984 0.31458 0.27127 0.22983 0.19020 0.15228 0.11600 0.08129
 37035 0.90643 0.85443 0.80414 0.73962 0.67790 0.61886 0.56237 0.50833 0.45662 0.40716 0.35984 0.31458 0.27127 0.22983 0.19020 0.15228 0.11600 0.08129
 37120 0.93249 0.87821 0.82596 0.75935 0.69606 0.63591 0.57877 0.52447 0.47287 0.42385 0.37726 0.33300 0.29094 0.25097 0.21300 0.17692 0.14263 0.11005
 37205 0.93249 0.87821 0.82596 0.75935 0.69606 0.63591 0.57877 0.52447 0.47287 0.42385 0.37726 0.33300 0.29094 0.25097 0.21300 0.17692 0.14263 0.11005
 37291 0.93249 0.87821 0.82596 0.75935 0.69606 0.63591 0.57877 0.52447 0.47287 0.42385 0.37726 0.33300 0.29094 0.25097 0.21300 0.17692 0.14263 0.11005
 37376 0.94002 0.88336 0.82913 0.76043 0.69563 0.63452 0.57687 0.52250 0.47122 0.42285 0.37722 0.33419 0.29361 0.25533 0.21922 0.18516 0.15304 0.12274
 37461 0.94002 0.88336 0.82913 0.76043 0.69563 0.63452 0.57687 0.52250 0.47122 0.42285 0.37722 0.33419 0.29361 0.25533 0.21922 0.18516 0.15304 0.12274
 37547 0.94002 0.88336 0.82913 0.76043 0.69563 0.63452 0.57687 0.52250 0.47122 0.42285 0.37722 0.33419 0.29361 0.25533 0.21922 0.18516 0.15304 0.12274
 37632 0.94123 0.88590 0.83272 0.76505 0.70088 0.64003 0.58234 0.52763 0.47576 0.42658 0.37994 0.33572 0.29379 0.25404 0.21634 0.18059 0.14670 0.11456
 37717 0.94123 0.88590 0.83272 0.76505 0.70088 0.64003 0.58234 0.52763 0.47576 0.42658 0.37994 0.33572 0.29379 0.25404 0.21634 0.18059 0.14670 0.11456
 37803 0.94123 0.88590 0.83272 0.76505 0.70088 0.64003 0.58234 0.52763 0.47576 0.42658 0.37994 0.33572 0.29379 0.25404 0.21634 0.18059 0.14670 0.11456
 37888 0.93836 0.88166 0.82729 0.75825 0.69296 0.63122 0.57284 0.51763 0.46542 0.41605 0.36936 0.32521 0.28346 0.24398 0.20665 0.17135 0.13796 0.10639
 37973 0.93836 0.88166 0.82729 0.75825 0.69296 0.63122 0.57284 0.51763 0.46542 0.41605 0.36936 0.32521 0.28346 0.24398 0.20665 0.17135 0.13796 0.10639
 38059 0.93836 0.88166 0.82729 0.75825 0.69296 0.63122 0.57284 0.51763 0.46542 0.41605 0.36936 0.32521 0.28346 0.24398 0.20665 0.17135 0.13796 0.10639
 38144 0.93479 0.87832 0.82447 0.75655 0.69279 0.63296 0.57680 0.52409 0.47462 0.42819 0.38461 0.34371 0.30532 0.26930 0.23548 0.20375 0.17396 0.14600
 38229 0.93479 0.87832 0.82447 0.75655 0.69279 0.63296 0.57680 0.52409 0.47462 0.42819 0.38461 0.34371 0.30532 0.26930 0.23548 0.20375 0.17396 0.14600
 38315 0.93479 0.87832 0.82447 0.75655 0.69279 0.63296 0.57680 0.52409 0.47462 0.42819 0.38461 0.34371 0.30532 0.26930 0.23548 0.20375 0.17396 0.14600
 38400 0.93491 0.88188 0.83045 0.76427 0.70074 0.63973 0.58116 0.52493 0.47094 0.41910 0.36933 0.32154 0.27566 0.23161 0.18932 0.14872 0.10973 0.07230
 38485 0.93491 0.88188 0.83045 0.76427 0.70074 0.63973 0.58116 0.52493 0.47094 0.41910 0.36933 0.32154 0.27566 0.23161 0.18932 0.14872 0.10973 0.07230
 38571 0.93491 0.88188 0.83045 0.76427 0.70074 0.63973 0.58116 0.52493 0.47094 0.41910 0.36933 0.32154 0.27566 0.23161 0.18932 0.14872 0.10973 0.07230
 38656 0.93156 0.87900 0.82803 0.76249 0.69959 0.63923 0.58132 0.52574 0.47241 0.42123 0.37212 0.32499 0.27977 0.23638 0.19474 0.15478 0.11643 0.07964
 38741 0.93156 0.87900 0.82803 0.76249 0.69959 0.63923 0.58132 0.52574 0.47241 0.42123 0.37212 0.32499 0.27977 0.23638 0.19474 0.15478 0.11643 0.07964
 38827 0.93156 0.87900 0.82803 0.76249 0.69959 0.63923 0.58132 0.52574 0.47241 0.42123 0.37212 0.32499 0.27977 0.23638 0.19474 0.15478 0.11643 0.07964
 38912 0.94319 0.88794 0.83464 0.76649 0.70153 0.63960 0.58056 0.52428 0.47063 0.41949 0.37074 0.32427 0.27996 0.23773 0.19748 0.15910 0.12251 0.08764
 38997 0.94319 0.88794 0.83464 0.76649 0.70153 0.63960 0.58056 0.52428 0.47063 0.41949 0.37074 0.32427 0.27996 0.23773 0.19748 0.15910 0.12251 0.08764
 39083 0.94319 0.88794 0.83464 0.76649 0.70153 0.63960 0.58056 0.52428 0.47063 0.41949 0.37074 0.32427 0.27996 0.23773 0.19748 0.15910 0.12251 0.08764
 39168 0.94989 0.89656 0.84435 0.77646 0.71048 0.64635 0.58403 0.52345 0.46459 0.40737 0.35177 0.29773 0.24521 0.19416 0.14455 0.09634 0.04948 0.00394
 39253 0.94989 0.89656 0.84435 0.77646 0.71048 0.64635 0.58403 0.52345 0.46459 0.40737 0.35177 0.29773 0.24521 0.19416 0.14455 0.09634 0.04948 0.00394
 39339 0.94989 0.89656 0.84435 0.77646 0.71048 0.64635 0.58403 0.52345 0.46459 0.40737 0.35177 0.29773 0.24521 0.19416 0.14455 0.09634 0.04948 0.00394
 39424 0.94497 0.89003 0.83664 0.76777 0.70146 0.63763 0.57617 0.51700 0.46003 0.40519 0.35238 0.30155 0.25260 0.20548 0.16012 0.11644 0.07439 0.03391
 39509 0.94497 0.89003 0.83664 0.76777 0.70146 0.63763 0.57617 0.51700 0.46003 0.40519 0.35238 0.30155 0.25260 0.20548 0.16012 0.11644 0.07439 0.03391
 39595 0.94497 0.89003 0.83664 0.76777 0.70146 0.63763 0.57617 0.51700 0.46003 0.40519 0.35238 0.30155 0.25260 0.20548 0.16012 0.11644 0.07439 0.03391
 39680 0.93682 0.88286 0.83064 0.76361 0.69944 0.63800 0.57917 0.52285 0.46892 0.41729 0.36786 0.32054 0.27523 0.23184 0.19031 0.15054 0.11247 0.07602
 39765 0.93682 0.88286 0.83064 0.76361 0.69944 0.63800 0.57917 0.52285 0.46892 0.41729 0.36786 0.32054 0.27523 0.23184 0.19031 0.15054 0.11247 0.07602
 39851 0.93682 0.88286 0.83064 0.76361 0.69944 0.63800 0.57917 0.52285 0.46892 0.41729 0.36786 0.32054 0.27523 0.23184 0.19031 0.15054 0.11247 0.07602
 39936 0.93631 0.88516 0.83515 0.77021 0.70720 0.64607 0.58674 0.52918 0.47334 0.41915 0.36657 0.31555 0.26605 0.21802 0.17142 0.12620 0.08232 0.03975
 40021 0.93631 0.88516 0.83515 0.77021 0.70720 0.64607 0.58674 0.52918 0.47334 0.41915 0.36657 0.31555 0.26605 0.21802 0.17142 0.12620 0.08232 0.03975
 40107 0.93631 0.88516 0.83515 0.77021 0.70720 0.64607 0.58674 0.52918 0.47334 0.41915 0.36657 0.31555 0.26605 0.21802 0.17142 0.12620 0.08232 0.03975
 40192 0.95013 0.89501 0.84151 0.77259 0.70635 0.64268 0.58148 0.52265 0.46610 0.41175 0.35951 0.30929 0.26102 0.21462 0.17003 0.12716 0.08596 0.04635
 40277 0.95013 0.89501 0.84151 0.77259 0.70635 0.64268 0.58148 0.52265 0.46610 0.41175 0.35951 0.30929 0.26102 0.21462 0.17003 0.12716 0.08596 0.04635
 40363 0.95013 0.89501 0.84151 0.77259 0.70635 0.64268 0.58148 0.52265 0.46610 0.41175 0.35951 0.30929 0.26102 0.21462 0.17003 0.12716 0.08596 0.04635
 40448 0.94708 0.89184 0.83860 0.77060 0.70586 0.64422 0.58555 0.52969 0.47651 0.42588 0.37768 0.33180 0.28811 0.24653 0.20694 0.16924 0.13336 0.09920
 40533 0.94708 0.89184 0.83860 0.77060 0.70586 0.64422 0.58555 0.52969 0.47651 0.42588 0.37768 0.33180 0.28811 0.24653 0.20694 0.16924 0.13336 0.09920
 40619 0.94708 0.89184 0.83860 0.77060 0.70586 0.64422 0.58555 0.52969 0.47651 0.42588 0.37768 0.33180 0.28811 0.24653 0.20694 0.16924 0.13336 0.09920
 40704 0.94396 0.88942 0.83654 0.76852 0.70323 0.64057 0.58043 0.52271 0.46732 0.41415 0.36312 0.31414 0.26714 0.22202 0.17872 0.13717 0.09728 0.05900
 40789 0.94396 0.88942 0.83654 0.76852 0.70323 0.64057 0.58043 0.52271 0.46732 0.41415 0.36312 0.31414 0.26714 0.22202 0.17872 0.13717 0.09728 0.05900
 40875 0.94396 0.88942 0.83654 0.76852 0.70323 0.64057 0.58043 0.52271 0.46732 0.41415 0.36312 0.31414 0.26714 0.22202 0.17872 0.13717 0.09728 0.05900
 40960 0.93738 0.88476 0.83357 0.76747 0.70374 0.64229 0.58306 0.52595 0.47089 0.41781 0.36663 0.31729 0.26973 0.22387 0.17966 0.13703 0.09594 0.05633
 41045 0.93738 0.88476 0.83357 0.76747 0.70374 0.64229 0.58306 0.52595 0.47089 0.41781 0.36663 0.31729 0.26973 0.22387 0.17966 0.13703 0.09594 0.05633
 41131 0.93738 0.88476 0.83357 0.76747 0.70374 0.64229 0.58306 0.52595 0.47089 0.41781 0.36663 0.31729 0.26973 0.22387 0.17966 0.13703 0.09594 0.05633
 41216 0.92997 0.87500 0.82199 0.75423 0.68967 0.62816 0.56954 0.51370 0.46048 0.40978 0.36146 0.31543 0.27157 0.22977 0.18995 0.15201 0.11585 0.08140
 41301 0.92997 0.87500 0.82199 0.75423 0.68967 0.62816 0.56954 0.51370 0.46048 0.40978 0.36146 0.31543 0.27157 0.22977 0.18995 0.15201 0.11585 0.08140
 41387 0.92997 0.87500 0.82199 0.75423 0.68967 0.62816 0.56954 0.51370 0.46048 0.40978 0.36146 0.31543 0.27157 0.22977 0.18995 0.15201 0.11585 0.08140
 41472 0.92216 0.86871 0.81672 0.74962 0.68495 0.62263 0.56259 0.50472 0.44896 0.39522 0.34344 0.29354 0.24546 0.19912 0.15447 0.11144 0.06997 0.03002
 41557 0.92216 0.86871 0.81672 0.74962 0.68495 0.62263 0.56259 0.50472 0.44896 0.39522 0.34344 0.29354 0.24546 0.19912 0.15447 0.11144 0.06997 0.03002
 41643 0.92216 0.86871 0.81672 0.74962 0.68495 0.62263 0.56259 0.50472 0.44896 0.39522 0.34344 0.29354 0.24546 0.19912 0.15447 0.11144 0.06997 0.03002
 41728 0.92102 0.86421 0.80975 0.74064 0.67533 0.61361 0.55529 0.50017 0.44809 0.39887 0.35235 0.30840 0.26686 0.22760 0.19051 0.15545 0.12232 0.09102
 41813 0.92102 0.86421 0.80975 0.74064 0.67533 0.61361 0.55529 0.50017 0.44809 0.39887 0.35235 0.30840 0.26686 0.22760 0.19051 0.15545 0.12232 0.09102
 41899 0.92102 0.86421 0.80975 0.74064 0.67533 0.61361 0.55529 0.50017 0.44809 0.39887 0.35235 0.30840 0.26686 0.22760 0.19051 0.15545 0.12232 0.09102
 41984 0.92489 0.86472 0.80769 0.73627 0.66979 0.60791 0.55031 0.49670 0.44680 0.40034 0.35711 0.31686 0.27940 0.24453 0.21207 0.18185 0.15373 0.12755
 42069 0.92489 0.86472 0.80769 0.73627 0.66979 0.60791 0.55031 0.49670 0.44680 0.40034 0.35711 0.31686 0.27940 0.24453 0.21207 0.18185 0.15373 0.12755
 42155 0.92489 0.86472 0.80769 0.73627 0.66979 0.60791 0.55031 0.49670 0.44680 0.40034 0.35711 0.31686 0.27940 0.24453 0.21207 0.18185 0.15373 0.12755
 42240 0.91197 0.86016 0.80961 0.74410 0.68071 0.61935 0.55998 0.50251 0.44690 0.39307 0.34099 0.29057 0.24179 0.19457 0.14887 0.10465 0.06185 0.02043
 42325 0.91197 0.86016 0.80961 0.74410 0.68071 0.61935 0.55998 0.50251 0.44690 0.39307 0.34099 0.29057 0.24179 0.19457 0.14887 0.10465 0.06185 0.02043
 42411 0.91197 0.86016 0.80961 0.74410 0.68071 0.61935 0.55998 0.50251 0.44690 0.39307 0.34099 0.29057 0.24179 0.19457 0.14887 0.10465 0.06185 0.02043
 42496 0.91424 0.85583 0.80048 0.73115 0.66662 0.60655 0.55064 0.49859 0.45014 0.40504 0.36306 0.32398 0.28760 0.25374 0.22222 0.19288 0.16557 0.14015
 42581 0.91424 0.85583 0.80048 0.73115 0.66662 0.60655 0.55064 0.49859 0.45014 0.40504 0.36306 0.32398 0.28760 0.25374 0.22222 0.19288 0.16557 0.14015
 42667 0.91424 0.85583 0.80048 0.73115 0.66662 0.60655 0.55064 0.49859 0.45014 0.40504 0.36306 0.32398 0.28760 0.25374 0.22222 0.19288 0.16557 0.14015
 42752 0.91310 0.85419 0.79836 0.72844 0.66335 0.60276 0.54636 0.49385 0.44498 0.39949 0.35714 0.31772 0.28102 0.24686 0.21506 0.18546 0.15791 0.13226
 42837 0.91310 0.85419 0.79836 0.72844 0.66335 0.60276 0.54636 0.49385 0.44498 0.39949 0.35714 0.31772 0.28102 0.24686 0.21506 0.18546 0.15791 0.13226
 42923 0.91310 0.85419 0.79836 0.72844 0.66335 0.60276 0.54636 0.49385 0.44498 0.39949 0.35714 0.31772 0.28102 0.24686 0.21506 0.18546 0.15791 0.13226
 43008 0.90214 0.84525 0.79112 0.72301 0.65927 0.59961 0.54378 0.49153 0.44262 0.39686 0.35402 0.31393 0.27641 0.24130 0.20844 0.17768 0.14890 0.12196
 43093 0.90214 0.84525 0.79112 0.72301 0.65927 0.59961 0.54378 0.49153 0.44262 0.39686 0.35402 0.31393 0.27641 0.24130 0.20844 0.17768 0.14890 0.12196
 43179 0.90214 0.84525 0.79112 0.72301 0.65927 0.59961 0.54378 0.49153 0.44262 0.39686 0.35402 0.31393 0.27641 0.24130 0.20844 0.17768 0.14890 0.12196
 43264 0.89292 0.83826 0.78589 0.71945 0.65670 0.59742 0.54142 0.48852 0.43855 0.39135 0.34677 0.30465 0.26486 0.22728 0.19178 0.15824 0.12657 0.09664
 43349 0.89292 0.83826 0.78589 0.71945 0.65670 0.59742 0.54142 0.48852 0.43855 0.39135 0.34677 0.30465 0.26486 0.22728 0.19178 0.15824 0.12657 0.09664
 43435 0.89292 0.83826 0.78589 0.71945 0.65670 0.59742 0.54142 0.48852 0.43855 0.39135 0.34677 0.30465 0.26486 0.22728 0.19178 0.15824 0.12657 0.09664
 43520 0.90032 0.84227 0.78738 0.71881 0.65517 0.59611 0.54130 0.49043 0.44322 0.39940 0.35874 0.32100 0.28598 0.25348 0.22331 0.19531 0.16933 0.14522
 43605 0.90032 0.84227 0.78738 0.71881 0.65517 0.59611 0.54130 0.49043 0.44322 0.39940 0.35874 0.32100 0.28598 0.25348 0.22331 0.19531 0.16933 0.14522
 43691 0.90032 0.84227 0.78738 0.71881 0.65517 0.59611 0.54130 0.49043 0.44322 0.39940 0.35874 0.32100 0.28598 0.25348 0.22331 0.19531 0.16933 0.14522
 43776 0.89072 0.83701 0.78562 0.72055 0.65921 0.60138 0.54688 0.49549 0.44705 0.40139 0.35835 0.31778 0.27953 0.24347 0.20948 0.17745 0.14724 0.11877
 43861 0.89072 0.83701 0.78562 0.72055 0.65921 0.60138 0.54688 0.49549 0.44705 0.40139 0.35835 0.31778 0.27953 0.24347 0.20948 0.17745 0.14724 0.11877
 43947 0.89072 0.83701 0.78562 0.72055 0.65921 0.60138 0.54688 0.49549 0.44705 0.40139 0.35835 0.31778 0.27953 0.24347 0.20948 0.17745 0.14724 0.11877
 44032 0.88033 0.82149 0.76682 0.69992 0.63926 0.58427 0.53442 0.48922 0.44824 0.41110 0.37742 0.34689 0.31921 0.29412 0.27137 0.25075 0.23205 0.21510
 44117 0.88033 0.82149 0.76682 0.69992 0.63926 0.58427 0.53442 0.48922 0.44824 0.41110 0.37742 0.34689 0.31921 0.29412 0.27137 0.25075 0.23205 0.21510
 44203 0.88033 0.82149 0.76682 0.69992 0.63926 0.58427 0.53442 0.48922 0.44824 0.41110 0.37742 0.34689 0.31921 0.29412 0.27137 0.25075 0.23205 0.21510
 44288 0.87852 0.82354 0.77193 0.70799 0.64920 0.59516 0.54549 0.49981 0.45783 0.41923 0.38375 0.35113 0.32114 0.29357 0.26822 0.24492 0.22350 0.20381
 44373 0.87852 0.82354 0.77193 0.70799 0.64920 0.59516 0.54549 0.49981 0.45783 0.41923 0.38375 0.35113 0.32114 0.29357 0.26822 0.24492 0.22350 0.20381
 44459 0.87852 0.82354 0.77193 0.70799 0.64920 0.59516 0.54549 0.49981 0.45783 0.41923 0.38375 0.35113 0.32114 0.29357 0.26822 0.24492 0.22350 0.20381
 44544 0.87122 0.81596 0.76454 0.70149 0.64421 0.59218 0.54490 0.50195 0.46294 0.42749 0.39529 0.36603 0.33945 0.31530 0.29337 0.27344 0.25533 0.23888
 44629 0.87122 0.81596 0.76454 0.70149 0.64421 0.59218 0.54490 0.50195 0.46294 0.42749 0.39529 0.36603 0.33945 0.31530 0.29337 0.27344 0.25533 0.23888
 44715 0.87122 0.81596 0.76454 0.70149 0.64421 0.59218 0.54490 0.50195 0.46294 0.42749 0.39529 0.36603 0.33945 0.31530 0.29337 0.27344 0.25533 0.23888
 44800 0.86500 0.80693 0.75359 0.68914 0.63158 0.58017 0.53425 0.49324 0.45662 0.42391 0.39469 0.36860 0.34530 0.32448 0.30590 0.28929 0.27447 0.26122
 44885 0.86500 0.80693 0.75359 0.68914 0.63158 0.58017 0.53425 0.49324 0.45662 0.42391 0.39469 0.36860 0.34530 0.32448 0.30590 0.28929 0.27447 0.26122
 44971 0.86500 0.80693 0.75359 0.68914 0.63158 0.58017 0.53425 0.49324 0.45662 0.42391 0.39469 0.36860 0.34530 0.32448 0.30590 0.28929 0.27447 0.26122
 45056 0.86107 0.80778 0.75797 0.69657 0.64045 0.58914 0.54225 0.49938 0.46020 0.42439 0.39165 0.36172 0.33437 0.30937 0.28651 0.26562 0.24652 0.22907
 45141 0.86107 0.80778 0.75797 0.69657 0.64045 0.58914 0.54225 0.49938 0.46020 0.42439 0.39165 0.36172 0.33437 0.30937 0.28651 0.26562 0.24652 0.22907
 45227 0.86107 0.80778 0.75797 0.69657 0.64045 0.58914 0.54225 0.49938 0.46020 0.42439 0.39165 0.36172 0.33437 0.30937 0.28651 0.26562 0.24652 0.22907
 45312 0.85501 0.79737 0.74492 0.68226 0.62701 0.57828 0.53532 0.49744 0.46403 0.43457 0.40859 0.38569 0.36549 0.34768 0.33198 0.31813 0.30592 0.29515
 45397 0.85501 0.79737 0.74492 0.68226 0.62701 0.57828 0.53532 0.49744 0.46403 0.43457 0.40859 0.38569 0.36549 0.34768 0.33198 0.31813 0.30592 0.29515
 45483 0.85501 0.79737 0.74492 0.68226 0.62701 0.57828 0.53532 0.49744 0.46403 0.43457 0.40859 0.38569 0.36549 0.34768 0.33198 0.31813 0.30592 0.29515
 45568 0.84638 0.79186 0.74188 0.68165 0.62801 0.58024 0.53770 0.49982 0.46608 0.43604 0.40928 0.38546 0.36424 0.34534 0.32851 0.31353 0.30018 0.28830
 45653 0.84638 0.79186 0.74188 0.68165 0.62801 0.58024 0.53770 0.49982 0.46608 0.43604 0.40928 0.38546 0.36424 0.34534 0.32851 0.31353 0.30018 0.28830
 45739 0.84638 0.79186 0.74188 0.68165 0.62801 0.58024 0.53770 0.49982 0.46608 0.43604 0.40928 0.38546 0.36424 0.34534 0.32851 0.31353 0.30018 0.28830
 45824 0.84510 0.78577 0.73250 0.66982 0.61551 0.56845 0.52768 0.49236 0.46175 0.43524 0.41226 0.39235 0.37510 0.36016 0.34721 0.33599 0.32627 0.31785
 45909 0.84510 0.78577 0.73250 0.66982 0.61551 0.56845 0.52768 0.49236 0.46175 0.43524 0.41226 0.39235 0.37510 0.36016 0.34721 0.33599 0.32627 0.31785
 45995 0.84510 0.78577 0.73250 0.66982 0.61551 0.56845 0.52768 0.49236 0.46175 0.43524 0.41226 0.39235 0.37510 0.36016 0.34721 0.33599 0.32627 0.31785
 46080 0.83784 0.78527 0.73676 0.67786 0.62494 0.57740 0.53469 0.49632 0.46185 0.43088 0.40306 0.37806 0.35561 0.33543 0.31731 0.30103 0.28640 0.27326
 46165 0.83784 0.78527 0.73676 0.67786 0.62494 0.57740 0.53469 0.49632 0.46185 0.43088 0.40306 0.37806 0.35561 0.33543 0.31731 0.30103 0.28640 0.27326
 46251 0.83784 0.78527 0.73676 0.67786 0.62494 0.57740 0.53469 0.49632 0.46185 0.43088 0.40306 0.37806 0.35561 0.33543 0.31731 0.30103 0.28640 0.27326
 46336 0.83434 0.77851 0.72804 0.66817 0.61582 0.57005 0.53002 0.49502 0.46442 0.43766 0.41426 0.39379 0.37590 0.36026 0.34658 0.33461 0.32415 0.31501
 46421 0.83434 0.77851 0.72804 0.66817 0.61582 0.57005 0.53002 0.49502 0.46442 0.43766 0.41426 0.39379 0.37590 0.36026 0.34658 0.33461 0.32415 0.31501
 46507 0.83434 0.77851 0.72804 0.66817 0.61582 0.57005 0.53002 0.49502 0.46442 0.43766 0.41426 0.39379 0.37590 0.36026 0.34658 0.33461 0.32415 0.31501
 46592 0.82982 0.78008 0.73413 0.67826 0.62800 0.58279 0.54211 0.50552 0.47259 0.44297 0.41633 0.39235 0.37079 0.35138 0.33393 0.31822 0.30409 0.29138
 46677 0.82982 0.78008 0.73413 0.67826 0.62800 0.58279 0.54211 0.50552 0.47259 0.44297 0.41633 0.39235 0.37079 0.35138 0.33393 0.31822 0.30409 0.29138
 46763 0.82982 0.78008 0.73413 0.67826 0.62800 0.58279 0.54211 0.50552 0.47259 0.44297 0.41633 0.39235 0.37079 0.35138 0.33393 0.31822 0.30409 0.29138
 46848 0.81857 0.76355 0.71400 0.65551 0.60465 0.56042 0.52196 0.48852 0.45943 0.43414 0.41215 0.39303 0.37639 0.36193 0.34936 0.33842 0.32891 0.32064
 46933 0.81857 0.76355 0.71400 0.65551 0.60465 0.56042 0.52196 0.48852 0.45943 0.43414 0.41215 0.39303 0.37639 0.36193 0.34936 0.33842 0.32891 0.32064
 47019 0.81857 0.76355 0.71400 0.65551 0.60465 0.56042 0.52196 0.48852 0.45943 0.43414 0.41215 0.39303 0.37639 0.36193 0.34936 0.33842 0.32891 0.32064
 47104 0.81151 0.75479 0.70451 0.64622 0.59657 0.55428 0.51826 0.48758 0.46144 0.43918 0.42022 0.40407 0.39031 0.37859 0.36861 0.36011 0.35286 0.34669
 47189 0.81151 0.75479 0.70451 0.64622 0.59657 0.55428 0.51826 0.48758 0.46144 0.43918 0.42022 0.40407 0.39031 0.37859 0.36861 0.36011 0.35286 0.34669
 47275 0.81151 0.75479 0.70451 0.64622 0.59657 0.55428 0.51826 0.48758 0.46144 0.43918 0.42022 0.40407 0.39031 0.37859 0.36861 0.36011 0.35286 0.34669
 47360 0.81389 0.75988 0.71123 0.65377 0.60377 0.56027 0.52241 0.48947 0.46081 0.43587 0.41417 0.39529 0.37885 0.36456 0.35211 0.34129 0.33187 0.32367
 47445 0.81389 0.75988 0.71123 0.65377 0.60377 0.56027 0.52241 0.48947 0.46081 0.43587 0.41417 0.39529 0.37885 0.36456 0.35211 0.34129 0.33187 0.32367
 47531 0.81389 0.75988 0.71123 0.65377 0.60377 0.56027 0.52241 0.48947 0.46081 0.43587 0.41417 0.39529 0.37885 0.36456 0.35211 0.34129 0.33187 0.32367
 47616 0.81389 0.75988 0.71123 0.65377 0.60377 0.56027 0.52241 0.48947 0.46081 0.43587 0.41417 0.39529 0.37885 0.36456 0.35211 0.34129 0.33187 0.32367
 47701 1.00000 1.00000 1.00000 1.00000 1.00000 1.00000 1.00000 1.00000 1.00000 1.00000 1.00000 1.00000 1.00000 1.00000 1.00000 1.00000 1.00000 1.00000
 47787 1.00000 1.00000 1.00000 1.00000 1.00000 1.00000 1.00000 1.00000 1.00000 1.00000 1.00000 1.00000 1.00000 1.00000 1.00000 1.00000 1.00000 1.00000
 47872 1.00000 1.00000 1.00000 1.00000 1.00000 1.00000 1.00000 1.00000 1.00000 1.00000 1.00000 1.00000 1.00000 1.00000 1.00000 1.00000 1.00000 1.00000
 47957 1.00000 1.00000 1.00000 1.00000 1.00000 1.00000 1.00000 1.00000 1.00000 1.00000 1.00000 1.00000 1.00000 1.00000 1.00000 1.00000 1.00000 1.00000
 48043 1.00000 1.00000 1.00000 1.00000 1.00000 1.00000 1.00000 1.00000 1.00000 1.00000 1.00000 1.00000 1.00000 1.00000 1.00000 1.00000 1.00000 1.00000
 48128 1.00000 1.00000 1.00000 1.00000 1.00000 1.00000 1.00000 1.00000 1.00000 1.00000 1.00000 1.00000 1.00000 1.00000 1.00000 1.00000 1.00000 1.00000
 48213 1.00000 1.00000 1.00000 1.00000 1.00000 1.00000 1.00000 1.00000 1.00000 1.00000 1.00000 1.00000 1.00000 1.00000 1.00000 1.00000 1.00000 1.00000
 48299 1.00000 1.00000 1.00000 1.00000 1.00000 1.00000 1.00000 1.00000 1.00000 1.00000 1.00000 1.00000 1.00000 1.00000 1.00000 1.00000 1.00000 1.00000
 48384 1.00000 1.00000 1.00000 1.00000 1.00000 1.00000 1.00000 1.00000 1.00000 1.00000 1.00000 1.00000 1.00000 1.00000 1.00000 1.00000 1.00000 1.00000
 48469 1.00000 1.00000 1.00000 1.00000 1.00000 1.00000 1.00000 1.00000 1.00000 1.00000 1.00000 1.00000 1.00000 1.00000 1.00000 1.00000 1.00000 1.00000
 48555 1.00000 1.00000 1.00000 1.00000 1.00000 1.00000 1.00000 1.00000 1.00000 1.00000 1.00000 1.00000 1.00000 1.00000 1.00000 1.00000 1.00000 1.00000
 48640 1.00000 1.00000 1.00000 1.00000 1.00000 1.00000 1.00000 1.00000 1.00000 1.00000 1.00000 1.00000 1.00000 1.00000 1.00000 1.00000 1.00000 1.00000
 48725 1.00000 1.00000 1.00000 1.00000 1.00000 1.00000 1.00000 1.00000 1.00000 1.00000 1.00000 1.00000 1.00000 1.00000 1.00000 1.00000 1.00000 1.00000
 48811 1.00000 1.00000 1.00000 1.00000 1.00000 1.00000 1.00000 1.00000 1.00000 1.00000 1.00000 1.00000 1.00000 1.00000 1.00000 1.00000 1.00000 1.00000
 48896 1.00000 1.00000 1.00000 1.00000 1.00000 1.00000 1.00000 1.00000 1.00000 1.00000 1.00000 1.00000 1.00000 1.00000 1.00000 1.00000 1.00000 1.00000
 48981 1.00000 1.00000 1.00000 1.00000 1.00000 1.00000 1.00000 1.00000 1.00000 1.00000 1.00000 1.00000 1.00000 1.00000 1.00000 1.00000 1.00000 1.00000
 49067 1.00000 1.00000 1.00000 1.00000 1.00000 1.00000 1.00000 1.00000 1.00000 1.00000 1.00000 1.00000 1.00000 1.00000 1.00000 1.00000 1.00000 1.00000
