# First column is RAWY, remaining columns are TGAIN at the given MJD
# RAWY  51425.  51560.  51741.  51990.  52315.  52702.  53124.  53560.  53984.  54376.  54723.  55022.  55277.  55496.  55685.  55848.  55990.  56113.
     0 1.00000 1.00000 1.00000 1.00000 1.00000 1.00000 1.00000 1.00000 1.00000 1.00000 1.00000 1.00000 1.00000 1.00000 1.00000 1.00000 1.00000 1.00000
    85 1.00000 1.00000 1.00000 1.00000 1.00000 1.00000 1.00000 1.00000 1.00000 1.00000 1.00000 1.00000 1.00000 1.00000 1.00000 1.00000 1.00000 1.00000
   171 1.00000 1.00000 1.00000 1.00000 1.00000 1.00000 1.00000 1.00000 1.00000 1.00000 1.00000 1.00000 1.00000 1.00000 1.00000 1.00000 1.00000 1.00000
   256 1.00000 1.00000 1.00000 1.00000 1.00000 1.00000 1.00000 1.00000 1.00000 1.00000 1.00000 1.00000 1.00000 1.00000 1.00000 1.00000 1.00000 1.00000
   341 1.00000 1.00000 1.00000 1.00000 1.00000 1.00000 1.00000 1.00000 1.00000 1.00000 1.00000 1.00000 1.00000 1.00000 1.00000 1.00000 1.00000 1.00000
   427 1.00000 1.00000 1.00000 1.00000 1.00000 1.00000 1.00000 1.00000 1.00000 1.00000 1.00000 1.00000 1.00000 1.00000 1.00000 1.00000 1.00000 1.00000
   512 1.00000 1.00000 1.00000 1.00000 1.00000 1.00000 1.00000 1.00000 1.00000 1.00000 1.00000 1.00000 1.00000 1.00000 1.00000 1.00000 1.00000 1.00000
   597 1.00000 1.00000 1.00000 1.00000 1.00000 1.00000 1.00000 1.00000 1.00000 1.00000 1.00000 1.00000 1.00000 1.00000 1.00000 1.00000 1.00000 1.00000
   683 1.00000 1.00000 1.00000 1.00000 1.00000 1.00000 1.00000 1.00000 1.00000 1.00000 1.00000 1.00000 1.00000 1.00000 1.00000 1.00000 1.00000 1.00000
   768 1.00000 1.00000 1.00000 1.00000 1.00000 1.00000 1.00000 1.00000 1.00000 1.00000 1.00000 1.00000 1.00000 1.00000 1.00000 1.00000 1.00000 1.00000
   853 1.00000 1.00000 1.00000 1.00000 1.00000 1.00000 1.00000 1.00000 1.00000 1.00000 1.00000 1.00000 1.00000 1.00000 1.00000 1.00000 1.00000 1.00000
   939 1.00000 1.00000 1.00000 1.00000 1.00000 1.00000 1.00000 1.00000 1.00000 1.00000 1.00000 1.00000 1.00000 1.00000 1.00000 1.00000 1.00000 1.00000
  1024 1.00000 1.00000 1.00000 1.00000 1.00000 1.00000 1.00000 1.00000 1.00000 1.00000 1.00000 1.00000 1.00000 1.00000 1.00000 1.00000 1.00000 1.00000
  1109 1.00000 1.00000 1.00000 1.00000 1.00000 1.00000 1.00000 1.00000 1.00000 1.00000 1.00000 1.00000 1.00000 1.00000 1.00000 1.00000 1.00000 1.00000
  1195 1.00000 1.00000 1.00000 1.00000 1.00000 1.00000 1.00000 1.00000 1.00000 1.00000 1.00000 1.00000 1.00000 1.00000 1.00000 1.00000 1.00000 1.00000
  1280 1.00000 1.00000 1.00000 1.00000 1.00000 1.00000 1.00000 1.00000 1.00000 1.00000 1.00000 1.00000 1.00000 1.00000 1.00000 1.00000 1.00000 1.00000
  1365 1.00000 1.00000 1.00000 1.00000 1.00000 1.00000 1.00000 1.00000 1.00000 1.00000 1.00000 1.00000 1.00000 1.00000 1.00000 1.00000 1.00000 1.00000
  1451 1.00000 1.00000 1.00000 1.00000 1.00000 1.00000 1.00000 1.00000 1.00000 1.00000 1.00000 1.00000 1.00000 1.00000 1.00000 1.00000 1.00000 1.00000
  1536 1.00000 1.00000 1.00000 1.00000 1.00000 1.00000 1.00000 1.00000 1.00000 1.00000 1.00000 1.00000 1.00000 1.00000 1.00000 1.00000 1.00000 1.00000
  1621 1.36006 1.25204 1.15519 1.06816 0.98991 0.91808 0.85174 0.78992 0.73247 0.67882 0.62881 0.58244 0.53960 0.49983 0.46296 0.42902 0.39769 0.36914
  1707 1.36006 1.25204 1.15519 1.06816 0.98991 0.91808 0.85174 0.78992 0.73247 0.67882 0.62881 0.58244 0.53960 0.49983 0.46296 0.42902 0.39769 0.36914
  1792 1.37090 1.26612 1.16958 1.08009 0.99760 0.92114 0.85067 0.78547 0.72544 0.66989 0.61850 0.57109 0.52745 0.48703 0.44959 0.41517 0.38341 0.35447
  1877 1.37090 1.26612 1.16958 1.08009 0.99760 0.92114 0.85067 0.78547 0.72544 0.66989 0.61850 0.57109 0.52745 0.48703 0.44959 0.41517 0.38341 0.35447
  1963 1.37090 1.26612 1.16958 1.08009 0.99760 0.92114 0.85067 0.78547 0.72544 0.66989 0.61850 0.57109 0.52745 0.48703 0.44959 0.41517 0.38341 0.35447
  2048 1.36264 1.24983 1.15277 1.06719 0.98957 0.91769 0.85205 0.79198 0.73662 0.68448 0.63488 0.58776 0.54322 0.50105 0.46129 0.42420 0.38958 0.35774
  2133 1.36264 1.24983 1.15277 1.06719 0.98957 0.91769 0.85205 0.79198 0.73662 0.68448 0.63488 0.58776 0.54322 0.50105 0.46129 0.42420 0.38958 0.35774
  2219 1.36264 1.24983 1.15277 1.06719 0.98957 0.91769 0.85205 0.79198 0.73662 0.68448 0.63488 0.58776 0.54322 0.50105 0.46129 0.42420 0.38958 0.35774
  2304 1.33087 1.23331 1.14458 1.06218 0.98561 0.91545 0.85313 0.79778 0.74784 0.70110 0.65634 0.61324 0.57193 0.53231 0.49454 0.45899 0.42555 0.39460
  2389 1.33087 1.23331 1.14458 1.06218 0.98561 0.91545 0.85313 0.79778 0.74784 0.70110 0.65634 0.61324 0.57193 0.53231 0.49454 0.45899 0.42555 0.39460
  2475 1.33087 1.23331 1.14458 1.06218 0.98561 0.91545 0.85313 0.79778 0.74784 0.70110 0.65634 0.61324 0.57193 0.53231 0.49454 0.45899 0.42555 0.39460
  2560 1.36068 1.24318 1.14479 1.06074 0.98598 0.91658 0.85233 0.79281 0.73782 0.68648 0.63842 0.59355 0.55179 0.51278 0.47638 0.44273 0.41153 0.38300
  2645 1.36068 1.24318 1.14479 1.06074 0.98598 0.91658 0.85233 0.79281 0.73782 0.68648 0.63842 0.59355 0.55179 0.51278 0.47638 0.44273 0.41153 0.38300
  2731 1.36068 1.24318 1.14479 1.06074 0.98598 0.91658 0.85233 0.79281 0.73782 0.68648 0.63842 0.59355 0.55179 0.51278 0.47638 0.44273 0.41153 0.38300
  2816 1.35717 1.24109 1.14364 1.06029 0.98610 0.91686 0.85214 0.79164 0.73547 0.68308 0.63431 0.58910 0.54734 0.50859 0.47264 0.43955 0.40900 0.38116
  2901 1.35717 1.24109 1.14364 1.06029 0.98610 0.91686 0.85214 0.79164 0.73547 0.68308 0.63431 0.58910 0.54734 0.50859 0.47264 0.43955 0.40900 0.38116
  2987 1.35717 1.24109 1.14364 1.06029 0.98610 0.91686 0.85214 0.79164 0.73547 0.68308 0.63431 0.58910 0.54734 0.50859 0.47264 0.43955 0.40900 0.38116
  3072 1.34152 1.24388 1.15098 1.06399 0.98574 0.91589 0.85260 0.79349 0.73772 0.68464 0.63432 0.58707 0.54304 0.50193 0.46365 0.42833 0.39567 0.36586
  3157 1.34152 1.24388 1.15098 1.06399 0.98574 0.91589 0.85260 0.79349 0.73772 0.68464 0.63432 0.58707 0.54304 0.50193 0.46365 0.42833 0.39567 0.36586
  3243 1.34152 1.24388 1.15098 1.06399 0.98574 0.91589 0.85260 0.79349 0.73772 0.68464 0.63432 0.58707 0.54304 0.50193 0.46365 0.42833 0.39567 0.36586
  3328 1.34115 1.24122 1.14805 1.06208 0.98496 0.91568 0.85269 0.79408 0.73917 0.68720 0.63811 0.59206 0.54914 0.50905 0.47167 0.43715 0.40519 0.37599
  3413 1.34115 1.24122 1.14805 1.06208 0.98496 0.91568 0.85269 0.79408 0.73917 0.68720 0.63811 0.59206 0.54914 0.50905 0.47167 0.43715 0.40519 0.37599
  3499 1.34115 1.24122 1.14805 1.06208 0.98496 0.91568 0.85269 0.79408 0.73917 0.68720 0.63811 0.59206 0.54914 0.50905 0.47167 0.43715 0.40519 0.37599
  3584 1.35142 1.25404 1.15894 1.06837 0.98718 0.91608 0.85259 0.79357 0.73798 0.68534 0.63589 0.58991 0.54749 0.50821 0.47190 0.43860 0.40796 0.38011
  3669 1.35142 1.25404 1.15894 1.06837 0.98718 0.91608 0.85259 0.79357 0.73798 0.68534 0.63589 0.58991 0.54749 0.50821 0.47190 0.43860 0.40796 0.38011
  3755 1.35142 1.25404 1.15894 1.06837 0.98718 0.91608 0.85259 0.79357 0.73798 0.68534 0.63589 0.58991 0.54749 0.50821 0.47190 0.43860 0.40796 0.38011
  3840 1.39066 1.23137 1.13571 1.06172 0.98919 0.91769 0.85219 0.79344 0.74036 0.69086 0.64376 0.59870 0.55573 0.51471 0.47573 0.43914 0.40479 0.37305
  3925 1.39066 1.23137 1.13571 1.06172 0.98919 0.91769 0.85219 0.79344 0.74036 0.69086 0.64376 0.59870 0.55573 0.51471 0.47573 0.43914 0.40479 0.37305
  4011 1.39066 1.23137 1.13571 1.06172 0.98919 0.91769 0.85219 0.79344 0.74036 0.69086 0.64376 0.59870 0.55573 0.51471 0.47573 0.43914 0.40479 0.37305
  4096 1.36345 1.24200 1.14740 1.06678 0.99099 0.91839 0.85186 0.79153 0.73629 0.68418 0.63422 0.58627 0.54051 0.49683 0.45536 0.41646 0.37999 0.34631
  4181 1.36345 1.24200 1.14740 1.06678 0.99099 0.91839 0.85186 0.79153 0.73629 0.68418 0.63422 0.58627 0.54051 0.49683 0.45536 0.41646 0.37999 0.34631
  4267 1.36345 1.24200 1.14740 1.06678 0.99099 0.91839 0.85186 0.79153 0.73629 0.68418 0.63422 0.58627 0.54051 0.49683 0.45536 0.41646 0.37999 0.34631
  4352 1.33973 1.22286 1.13044 1.05300 0.98237 0.91520 0.85289 0.79562 0.74297 0.69374 0.64732 0.60357 0.56251 0.52383 0.48751 0.45374 0.42230 0.39343
  4437 1.33973 1.22286 1.13044 1.05300 0.98237 0.91520 0.85289 0.79562 0.74297 0.69374 0.64732 0.60357 0.56251 0.52383 0.48751 0.45374 0.42230 0.39343
  4523 1.33973 1.22286 1.13044 1.05300 0.98237 0.91520 0.85289 0.79562 0.74297 0.69374 0.64732 0.60357 0.56251 0.52383 0.48751 0.45374 0.42230 0.39343
  4608 1.36152 1.23397 1.13535 1.05493 0.98308 0.91539 0.85283 0.79524 0.74193 0.69155 0.64349 0.59775 0.55446 0.51345 0.47476 0.43867 0.40499 0.37400
  4693 1.36152 1.23397 1.13535 1.05493 0.98308 0.91539 0.85283 0.79524 0.74193 0.69155 0.64349 0.59775 0.55446 0.51345 0.47476 0.43867 0.40499 0.37400
  4779 1.36152 1.23397 1.13535 1.05493 0.98308 0.91539 0.85283 0.79524 0.74193 0.69155 0.64349 0.59775 0.55446 0.51345 0.47476 0.43867 0.40499 0.37400
  4864 1.36583 1.24020 1.13779 1.05301 0.97985 0.91363 0.85354 0.79850 0.74737 0.69862 0.65163 0.60647 0.56341 0.52238 0.48352 0.44713 0.41308 0.38169
  4949 1.36583 1.24020 1.13779 1.05301 0.97985 0.91363 0.85354 0.79850 0.74737 0.69862 0.65163 0.60647 0.56341 0.52238 0.48352 0.44713 0.41308 0.38169
  5035 1.36583 1.24020 1.13779 1.05301 0.97985 0.91363 0.85354 0.79850 0.74737 0.69862 0.65163 0.60647 0.56341 0.52238 0.48352 0.44713 0.41308 0.38169
  5120 1.34547 1.24581 1.15095 1.06238 0.98350 0.91443 0.85333 0.79756 0.74578 0.69680 0.65029 0.60634 0.56506 0.52623 0.48983 0.45605 0.42464 0.39585
  5205 1.34547 1.24581 1.15095 1.06238 0.98350 0.91443 0.85333 0.79756 0.74578 0.69680 0.65029 0.60634 0.56506 0.52623 0.48983 0.45605 0.42464 0.39585
  5291 1.34547 1.24581 1.15095 1.06238 0.98350 0.91443 0.85333 0.79756 0.74578 0.69680 0.65029 0.60634 0.56506 0.52623 0.48983 0.45605 0.42464 0.39585
  5376 1.33061 1.22151 1.12595 1.04374 0.97377 0.91157 0.85400 0.79925 0.74721 0.69781 0.65140 0.60828 0.56853 0.53176 0.49779 0.46665 0.43801 0.41200
  5461 1.33061 1.22151 1.12595 1.04374 0.97377 0.91157 0.85400 0.79925 0.74721 0.69781 0.65140 0.60828 0.56853 0.53176 0.49779 0.46665 0.43801 0.41200
  5547 1.33061 1.22151 1.12595 1.04374 0.97377 0.91157 0.85400 0.79925 0.74721 0.69781 0.65140 0.60828 0.56853 0.53176 0.49779 0.46665 0.43801 0.41200
  5632 1.33192 1.21461 1.12169 1.04506 0.97692 0.91298 0.85366 0.79880 0.74796 0.70008 0.65471 0.61185 0.57155 0.53358 0.49793 0.46479 0.43395 0.40564
  5717 1.33192 1.21461 1.12169 1.04506 0.97692 0.91298 0.85366 0.79880 0.74796 0.70008 0.65471 0.61185 0.57155 0.53358 0.49793 0.46479 0.43395 0.40564
  5803 1.33192 1.21461 1.12169 1.04506 0.97692 0.91298 0.85366 0.79880 0.74796 0.70008 0.65471 0.61185 0.57155 0.53358 0.49793 0.46479 0.43395 0.40564
  5888 1.33371 1.22126 1.12682 1.04666 0.97658 0.91258 0.85383 0.79951 0.74916 0.70183 0.65715 0.61509 0.57571 0.53873 0.50409 0.47195 0.44209 0.41473
  5973 1.33371 1.22126 1.12682 1.04666 0.97658 0.91258 0.85383 0.79951 0.74916 0.70183 0.65715 0.61509 0.57571 0.53873 0.50409 0.47195 0.44209 0.41473
  6059 1.33371 1.22126 1.12682 1.04666 0.97658 0.91258 0.85383 0.79951 0.74916 0.70183 0.65715 0.61509 0.57571 0.53873 0.50409 0.47195 0.44209 0.41473
  6144 1.33138 1.19725 1.10332 1.03274 0.97079 0.91101 0.85425 0.80098 0.75135 0.70479 0.66113 0.62037 0.58250 0.54719 0.51430 0.48394 0.45584 0.43017
  6229 1.33138 1.19725 1.10332 1.03274 0.97079 0.91101 0.85425 0.80098 0.75135 0.70479 0.66113 0.62037 0.58250 0.54719 0.51430 0.48394 0.45584 0.43017
  6315 1.33138 1.19725 1.10332 1.03274 0.97079 0.91101 0.85425 0.80098 0.75135 0.70479 0.66113 0.62037 0.58250 0.54719 0.51430 0.48394 0.45584 0.43017
  6400 1.29118 1.19875 1.11172 1.03268 0.96518 0.90754 0.85552 0.80560 0.75692 0.70955 0.66428 0.62181 0.58247 0.54604 0.51239 0.48157 0.45328 0.42762
  6485 1.29118 1.19875 1.11172 1.03268 0.96518 0.90754 0.85552 0.80560 0.75692 0.70955 0.66428 0.62181 0.58247 0.54604 0.51239 0.48157 0.45328 0.42762
  6571 1.29118 1.19875 1.11172 1.03268 0.96518 0.90754 0.85552 0.80560 0.75692 0.70955 0.66428 0.62181 0.58247 0.54604 0.51239 0.48157 0.45328 0.42762
  6656 1.30277 1.20671 1.11846 1.03875 0.96924 0.90874 0.85543 0.80708 0.76237 0.72002 0.67954 0.64096 0.60443 0.56982 0.53717 0.50671 0.47829 0.45214
  6741 1.30277 1.20671 1.11846 1.03875 0.96924 0.90874 0.85543 0.80708 0.76237 0.72002 0.67954 0.64096 0.60443 0.56982 0.53717 0.50671 0.47829 0.45214
  6827 1.30277 1.20671 1.11846 1.03875 0.96924 0.90874 0.85543 0.80708 0.76237 0.72002 0.67954 0.64096 0.60443 0.56982 0.53717 0.50671 0.47829 0.45214
  6912 1.29056 1.18574 1.09830 1.02566 0.96390 0.90787 0.85533 0.80510 0.75702 0.71085 0.66686 0.62542 0.58677 0.55066 0.51704 0.48603 0.45737 0.43122
  6997 1.29056 1.18574 1.09830 1.02566 0.96390 0.90787 0.85533 0.80510 0.75702 0.71085 0.66686 0.62542 0.58677 0.55066 0.51704 0.48603 0.45737 0.43122
  7083 1.29056 1.18574 1.09830 1.02566 0.96390 0.90787 0.85533 0.80510 0.75702 0.71085 0.66686 0.62542 0.58677 0.55066 0.51704 0.48603 0.45737 0.43122
  7168 1.29742 1.18871 1.10209 1.03050 0.96724 0.90871 0.85537 0.80699 0.76290 0.72178 0.68291 0.64608 0.61130 0.57836 0.54729 0.51828 0.49117 0.46622
  7253 1.29742 1.18871 1.10209 1.03050 0.96724 0.90871 0.85537 0.80699 0.76290 0.72178 0.68291 0.64608 0.61130 0.57836 0.54729 0.51828 0.49117 0.46622
  7339 1.29742 1.18871 1.10209 1.03050 0.96724 0.90871 0.85537 0.80699 0.76290 0.72178 0.68291 0.64608 0.61130 0.57836 0.54729 0.51828 0.49117 0.46622
  7424 1.28113 1.19271 1.11011 1.03457 0.96810 0.90908 0.85497 0.80371 0.75511 0.70921 0.66640 0.62696 0.59087 0.55771 0.52726 0.49947 0.47403 0.45099
  7509 1.28113 1.19271 1.11011 1.03457 0.96810 0.90908 0.85497 0.80371 0.75511 0.70921 0.66640 0.62696 0.59087 0.55771 0.52726 0.49947 0.47403 0.45099
  7595 1.28113 1.19271 1.11011 1.03457 0.96810 0.90908 0.85497 0.80371 0.75511 0.70921 0.66640 0.62696 0.59087 0.55771 0.52726 0.49947 0.47403 0.45099
  7680 1.29056 1.18753 1.10053 1.02739 0.96478 0.90807 0.85534 0.80567 0.75910 0.71541 0.67464 0.63687 0.60207 0.56985 0.54005 0.51269 0.48749 0.46456
  7765 1.29056 1.18753 1.10053 1.02739 0.96478 0.90807 0.85534 0.80567 0.75910 0.71541 0.67464 0.63687 0.60207 0.56985 0.54005 0.51269 0.48749 0.46456
  7851 1.29056 1.18753 1.10053 1.02739 0.96478 0.90807 0.85534 0.80567 0.75910 0.71541 0.67464 0.63687 0.60207 0.56985 0.54005 0.51269 0.48749 0.46456
  7936 1.28936 1.17600 1.09213 1.02596 0.96673 0.90943 0.85478 0.80308 0.75446 0.70848 0.66510 0.62446 0.58664 0.55132 0.51843 0.48806 0.45996 0.43430
  8021 1.28936 1.17600 1.09213 1.02596 0.96673 0.90943 0.85478 0.80308 0.75446 0.70848 0.66510 0.62446 0.58664 0.55132 0.51843 0.48806 0.45996 0.43430
  8107 1.28936 1.17600 1.09213 1.02596 0.96673 0.90943 0.85478 0.80308 0.75446 0.70848 0.66510 0.62446 0.58664 0.55132 0.51843 0.48806 0.45996 0.43430
  8192 1.25127 1.16437 1.08715 1.01913 0.95962 0.90588 0.85615 0.80919 0.76483 0.72282 0.68331 0.64648 0.61240 0.58076 0.55142 0.52445 0.49958 0.47693
  8277 1.25127 1.16437 1.08715 1.01913 0.95962 0.90588 0.85615 0.80919 0.76483 0.72282 0.68331 0.64648 0.61240 0.58076 0.55142 0.52445 0.49958 0.47693
  8363 1.25127 1.16437 1.08715 1.01913 0.95962 0.90588 0.85615 0.80919 0.76483 0.72282 0.68331 0.64648 0.61240 0.58076 0.55142 0.52445 0.49958 0.47693
  8448 1.22837 1.15295 1.08190 1.01628 0.95786 0.90527 0.85626 0.80896 0.76331 0.71960 0.67848 0.64040 0.60549 0.57340 0.54394 0.51708 0.49251 0.47028
  8533 1.22837 1.15295 1.08190 1.01628 0.95786 0.90527 0.85626 0.80896 0.76331 0.71960 0.67848 0.64040 0.60549 0.57340 0.54394 0.51708 0.49251 0.47028
  8619 1.22837 1.15295 1.08190 1.01628 0.95786 0.90527 0.85626 0.80896 0.76331 0.71960 0.67848 0.64040 0.60549 0.57340 0.54394 0.51708 0.49251 0.47028
  8704 1.23948 1.15917 1.08351 1.01480 0.95586 0.90447 0.85642 0.80889 0.76211 0.71717 0.67538 0.63745 0.60345 0.57289 0.54540 0.52080 0.49866 0.47892
  8789 1.23948 1.15917 1.08351 1.01480 0.95586 0.90447 0.85642 0.80889 0.76211 0.71717 0.67538 0.63745 0.60345 0.57289 0.54540 0.52080 0.49866 0.47892
  8875 1.23948 1.15917 1.08351 1.01480 0.95586 0.90447 0.85642 0.80889 0.76211 0.71717 0.67538 0.63745 0.60345 0.57289 0.54540 0.52080 0.49866 0.47892
  8960 1.24289 1.15208 1.07507 1.01055 0.95559 0.90504 0.85615 0.80788 0.76085 0.71571 0.67330 0.63416 0.59842 0.56568 0.53573 0.50850 0.48366 0.46123
  9045 1.24289 1.15208 1.07507 1.01055 0.95559 0.90504 0.85615 0.80788 0.76085 0.71571 0.67330 0.63416 0.59842 0.56568 0.53573 0.50850 0.48366 0.46123
  9131 1.24289 1.15208 1.07507 1.01055 0.95559 0.90504 0.85615 0.80788 0.76085 0.71571 0.67330 0.63416 0.59842 0.56568 0.53573 0.50850 0.48366 0.46123
  9216 1.26637 1.17861 1.09883 1.02745 0.96481 0.90819 0.85518 0.80425 0.75566 0.70970 0.66690 0.62760 0.59177 0.55897 0.52893 0.50161 0.47664 0.45408
  9301 1.26637 1.17861 1.09883 1.02745 0.96481 0.90819 0.85518 0.80425 0.75566 0.70970 0.66690 0.62760 0.59177 0.55897 0.52893 0.50161 0.47664 0.45408
  9387 1.26637 1.17861 1.09883 1.02745 0.96481 0.90819 0.85518 0.80425 0.75566 0.70970 0.66690 0.62760 0.59177 0.55897 0.52893 0.50161 0.47664 0.45408
  9472 1.24170 1.15995 1.08512 1.01779 0.95869 0.90558 0.85618 0.80885 0.76358 0.72050 0.68008 0.64266 0.60830 0.57666 0.54754 0.52095 0.49657 0.47448
  9557 1.24170 1.15995 1.08512 1.01779 0.95869 0.90558 0.85618 0.80885 0.76358 0.72050 0.68008 0.64266 0.60830 0.57666 0.54754 0.52095 0.49657 0.47448
  9643 1.24170 1.15995 1.08512 1.01779 0.95869 0.90558 0.85618 0.80885 0.76358 0.72050 0.68008 0.64266 0.60830 0.57666 0.54754 0.52095 0.49657 0.47448
  9728 1.25237 1.17391 1.09669 1.02363 0.95982 0.90537 0.85628 0.80863 0.76165 0.71591 0.67264 0.63272 0.59642 0.56339 0.53337 0.50628 0.48172 0.45969
  9813 1.25237 1.17391 1.09669 1.02363 0.95982 0.90537 0.85628 0.80863 0.76165 0.71591 0.67264 0.63272 0.59642 0.56339 0.53337 0.50628 0.48172 0.45969
  9899 1.25237 1.17391 1.09669 1.02363 0.95982 0.90537 0.85628 0.80863 0.76165 0.71591 0.67264 0.63272 0.59642 0.56339 0.53337 0.50628 0.48172 0.45969
  9984 1.23849 1.16343 1.09016 1.02072 0.95900 0.90513 0.85645 0.81004 0.76513 0.72170 0.68038 0.64176 0.60608 0.57308 0.54264 0.51479 0.48924 0.46607
 10069 1.23849 1.16343 1.09016 1.02072 0.95900 0.90513 0.85645 0.81004 0.76513 0.72170 0.68038 0.64176 0.60608 0.57308 0.54264 0.51479 0.48924 0.46607
 10155 1.23849 1.16343 1.09016 1.02072 0.95900 0.90513 0.85645 0.81004 0.76513 0.72170 0.68038 0.64176 0.60608 0.57308 0.54264 0.51479 0.48924 0.46607
 10240 1.24344 1.15834 1.08073 1.01218 0.95412 0.90360 0.85686 0.81148 0.76725 0.72456 0.68418 0.64667 0.61224 0.58057 0.55150 0.52500 0.50077 0.47886
 10325 1.24344 1.15834 1.08073 1.01218 0.95412 0.90360 0.85686 0.81148 0.76725 0.72456 0.68418 0.64667 0.61224 0.58057 0.55150 0.52500 0.50077 0.47886
 10411 1.24344 1.15834 1.08073 1.01218 0.95412 0.90360 0.85686 0.81148 0.76725 0.72456 0.68418 0.64667 0.61224 0.58057 0.55150 0.52500 0.50077 0.47886
 10496 1.22986 1.15161 1.07869 1.01231 0.95438 0.90346 0.85706 0.81295 0.77055 0.72965 0.69061 0.65388 0.61968 0.58780 0.55820 0.53095 0.50581 0.48291
 10581 1.22986 1.15161 1.07869 1.01231 0.95438 0.90346 0.85706 0.81295 0.77055 0.72965 0.69061 0.65388 0.61968 0.58780 0.55820 0.53095 0.50581 0.48291
 10667 1.22986 1.15161 1.07869 1.01231 0.95438 0.90346 0.85706 0.81295 0.77055 0.72965 0.69061 0.65388 0.61968 0.58780 0.55820 0.53095 0.50581 0.48291
 10752 1.23868 1.16007 1.08541 1.01652 0.95637 0.90409 0.85684 0.81193 0.76860 0.72672 0.68676 0.64923 0.61437 0.58198 0.55196 0.52440 0.49901 0.47594
 10837 1.23868 1.16007 1.08541 1.01652 0.95637 0.90409 0.85684 0.81193 0.76860 0.72672 0.68676 0.64923 0.61437 0.58198 0.55196 0.52440 0.49901 0.47594
 10923 1.23868 1.16007 1.08541 1.01652 0.95637 0.90409 0.85684 0.81193 0.76860 0.72672 0.68676 0.64923 0.61437 0.58198 0.55196 0.52440 0.49901 0.47594
 11008 1.24198 1.14723 1.06842 1.00404 0.95069 0.90274 0.85710 0.81246 0.76900 0.72700 0.68709 0.64979 0.61533 0.58342 0.55397 0.52700 0.50223 0.47975
 11093 1.24198 1.14723 1.06842 1.00404 0.95069 0.90274 0.85710 0.81246 0.76900 0.72700 0.68709 0.64979 0.61533 0.58342 0.55397 0.52700 0.50223 0.47975
 11179 1.24198 1.14723 1.06842 1.00404 0.95069 0.90274 0.85710 0.81246 0.76900 0.72700 0.68709 0.64979 0.61533 0.58342 0.55397 0.52700 0.50223 0.47975
 11264 1.25217 1.15052 1.07088 1.00780 0.95430 0.90438 0.85654 0.81037 0.76619 0.72405 0.68427 0.64719 0.61290 0.58111 0.55170 0.52471 0.49986 0.47727
 11349 1.25217 1.15052 1.07088 1.00780 0.95430 0.90438 0.85654 0.81037 0.76619 0.72405 0.68427 0.64719 0.61290 0.58111 0.55170 0.52471 0.49986 0.47727
 11435 1.25217 1.15052 1.07088 1.00780 0.95430 0.90438 0.85654 0.81037 0.76619 0.72405 0.68427 0.64719 0.61290 0.58111 0.55170 0.52471 0.49986 0.47727
 11520 1.26997 1.14252 1.06876 1.01389 0.96035 0.90658 0.85601 0.80941 0.76649 0.72626 0.68824 0.65232 0.61855 0.58669 0.55675 0.52889 0.50293 0.47909
 11605 1.26997 1.14252 1.06876 1.01389 0.96035 0.90658 0.85601 0.80941 0.76649 0.72626 0.68824 0.65232 0.61855 0.58669 0.55675 0.52889 0.50293 0.47909
 11691 1.26997 1.14252 1.06876 1.01389 0.96035 0.90658 0.85601 0.80941 0.76649 0.72626 0.68824 0.65232 0.61855 0.58669 0.55675 0.52889 0.50293 0.47909
 11776 1.22583 1.13725 1.06286 1.00152 0.95012 0.90295 0.85685 0.81079 0.76557 0.72216 0.68155 0.64432 0.61058 0.57989 0.55199 0.52679 0.50390 0.48333
 11861 1.22583 1.13725 1.06286 1.00152 0.95012 0.90295 0.85685 0.81079 0.76557 0.72216 0.68155 0.64432 0.61058 0.57989 0.55199 0.52679 0.50390 0.48333
 11947 1.22583 1.13725 1.06286 1.00152 0.95012 0.90295 0.85685 0.81079 0.76557 0.72216 0.68155 0.64432 0.61058 0.57989 0.55199 0.52679 0.50390 0.48333
 12032 1.28069 1.13624 1.05835 1.00550 0.95562 0.90499 0.85647 0.81102 0.76886 0.72949 0.69271 0.65849 0.62676 0.59721 0.56972 0.54436 0.52090 0.49948
 12117 1.28069 1.13624 1.05835 1.00550 0.95562 0.90499 0.85647 0.81102 0.76886 0.72949 0.69271 0.65849 0.62676 0.59721 0.56972 0.54436 0.52090 0.49948
 12203 1.28069 1.13624 1.05835 1.00550 0.95562 0.90499 0.85647 0.81102 0.76886 0.72949 0.69271 0.65849 0.62676 0.59721 0.56972 0.54436 0.52090 0.49948
 12288 1.25204 1.14410 1.06814 1.00973 0.95703 0.90551 0.85622 0.80940 0.76499 0.72248 0.68187 0.64342 0.60732 0.57341 0.54166 0.51224 0.48494 0.45994
 12373 1.25204 1.14410 1.06814 1.00973 0.95703 0.90551 0.85622 0.80940 0.76499 0.72248 0.68187 0.64342 0.60732 0.57341 0.54166 0.51224 0.48494 0.45994
 12459 1.25204 1.14410 1.06814 1.00973 0.95703 0.90551 0.85622 0.80940 0.76499 0.72248 0.68187 0.64342 0.60732 0.57341 0.54166 0.51224 0.48494 0.45994
 12544 1.25479 1.17006 1.09021 1.01787 0.95648 0.90420 0.85669 0.81060 0.76548 0.72181 0.68057 0.64245 0.60764 0.57582 0.54676 0.52041 0.49641 0.47481
 12629 1.25479 1.17006 1.09021 1.01787 0.95648 0.90420 0.85669 0.81060 0.76548 0.72181 0.68057 0.64245 0.60764 0.57582 0.54676 0.52041 0.49641 0.47481
 12715 1.25479 1.17006 1.09021 1.01787 0.95648 0.90420 0.85669 0.81060 0.76548 0.72181 0.68057 0.64245 0.60764 0.57582 0.54676 0.52041 0.49641 0.47481
 12800 1.24188 1.14352 1.07064 1.01251 0.95940 0.90681 0.85563 0.80652 0.76014 0.71659 0.67607 0.63874 0.60453 0.57302 0.54401 0.51748 0.49313 0.47104
 12885 1.24188 1.14352 1.07064 1.01251 0.95940 0.90681 0.85563 0.80652 0.76014 0.71659 0.67607 0.63874 0.60453 0.57302 0.54401 0.51748 0.49313 0.47104
 12971 1.24188 1.14352 1.07064 1.01251 0.95940 0.90681 0.85563 0.80652 0.76014 0.71659 0.67607 0.63874 0.60453 0.57302 0.54401 0.51748 0.49313 0.47104
 13056 1.22114 1.13752 1.06444 1.00225 0.94988 0.90265 0.85700 0.81145 0.76676 0.72396 0.68411 0.64780 0.61508 0.58548 0.55870 0.53460 0.51281 0.49328
 13141 1.22114 1.13752 1.06444 1.00225 0.94988 0.90265 0.85700 0.81145 0.76676 0.72396 0.68411 0.64780 0.61508 0.58548 0.55870 0.53460 0.51281 0.49328
 13227 1.22114 1.13752 1.06444 1.00225 0.94988 0.90265 0.85700 0.81145 0.76676 0.72396 0.68411 0.64780 0.61508 0.58548 0.55870 0.53460 0.51281 0.49328
 13312 1.20557 1.13545 1.06882 1.00696 0.95200 0.90285 0.85715 0.81291 0.77003 0.72884 0.69005 0.65416 0.62130 0.59114 0.56349 0.53833 0.51535 0.49458
 13397 1.20557 1.13545 1.06882 1.00696 0.95200 0.90285 0.85715 0.81291 0.77003 0.72884 0.69005 0.65416 0.62130 0.59114 0.56349 0.53833 0.51535 0.49458
 13483 1.20557 1.13545 1.06882 1.00696 0.95200 0.90285 0.85715 0.81291 0.77003 0.72884 0.69005 0.65416 0.62130 0.59114 0.56349 0.53833 0.51535 0.49458
 13568 1.22410 1.14973 1.08165 1.01919 0.96181 0.90751 0.85533 0.80485 0.75687 0.71197 0.67073 0.63337 0.59971 0.56921 0.54152 0.51651 0.49379 0.47337
 13653 1.22410 1.14973 1.08165 1.01919 0.96181 0.90751 0.85533 0.80485 0.75687 0.71197 0.67073 0.63337 0.59971 0.56921 0.54152 0.51651 0.49379 0.47337
 13739 1.22410 1.14973 1.08165 1.01919 0.96181 0.90751 0.85533 0.80485 0.75687 0.71197 0.67073 0.63337 0.59971 0.56921 0.54152 0.51651 0.49379 0.47337
 13824 1.25046 1.14118 1.06382 1.00762 0.95917 0.90857 0.85428 0.79797 0.74305 0.69228 0.64746 0.60901 0.57640 0.54856 0.52467 0.50419 0.48644 0.47115
 13909 1.25046 1.14118 1.06382 1.00762 0.95917 0.90857 0.85428 0.79797 0.74305 0.69228 0.64746 0.60901 0.57640 0.54856 0.52467 0.50419 0.48644 0.47115
 13995 1.25046 1.14118 1.06382 1.00762 0.95917 0.90857 0.85428 0.79797 0.74305 0.69228 0.64746 0.60901 0.57640 0.54856 0.52467 0.50419 0.48644 0.47115
 14080 1.22490 1.15373 1.08338 1.01661 0.95776 0.90575 0.85563 0.80363 0.75033 0.69817 0.64977 0.60657 0.56877 0.53570 0.50677 0.48157 0.45946 0.44021
 14165 1.22490 1.15373 1.08338 1.01661 0.95776 0.90575 0.85563 0.80363 0.75033 0.69817 0.64977 0.60657 0.56877 0.53570 0.50677 0.48157 0.45946 0.44021
 14251 1.22490 1.15373 1.08338 1.01661 0.95776 0.90575 0.85563 0.80363 0.75033 0.69817 0.64977 0.60657 0.56877 0.53570 0.50677 0.48157 0.45946 0.44021
 14336 1.22165 1.16000 1.09404 1.02578 0.96172 0.90580 0.85627 0.80899 0.76244 0.71702 0.67417 0.63496 0.59974 0.56812 0.53978 0.51456 0.49198 0.47196
 14421 1.22165 1.16000 1.09404 1.02578 0.96172 0.90580 0.85627 0.80899 0.76244 0.71702 0.67417 0.63496 0.59974 0.56812 0.53978 0.51456 0.49198 0.47196
 14507 1.22165 1.16000 1.09404 1.02578 0.96172 0.90580 0.85627 0.80899 0.76244 0.71702 0.67417 0.63496 0.59974 0.56812 0.53978 0.51456 0.49198 0.47196
 14592 1.24717 1.13597 1.06377 1.00936 0.95813 0.90627 0.85588 0.80782 0.76254 0.71986 0.67987 0.64270 0.60835 0.57648 0.54696 0.51982 0.49480 0.47202
 14677 1.24717 1.13597 1.06377 1.00936 0.95813 0.90627 0.85588 0.80782 0.76254 0.71986 0.67987 0.64270 0.60835 0.57648 0.54696 0.51982 0.49480 0.47202
 14763 1.24717 1.13597 1.06377 1.00936 0.95813 0.90627 0.85588 0.80782 0.76254 0.71986 0.67987 0.64270 0.60835 0.57648 0.54696 0.51982 0.49480 0.47202
 14848 1.29782 1.14859 1.06415 1.00805 0.95739 0.90606 0.85591 0.80765 0.76164 0.71769 0.67602 0.63694 0.60058 0.56670 0.53519 0.50616 0.47935 0.45491
 14933 1.29782 1.14859 1.06415 1.00805 0.95739 0.90606 0.85591 0.80765 0.76164 0.71769 0.67602 0.63694 0.60058 0.56670 0.53519 0.50616 0.47935 0.45491
 15019 1.29782 1.14859 1.06415 1.00805 0.95739 0.90606 0.85591 0.80765 0.76164 0.71769 0.67602 0.63694 0.60058 0.56670 0.53519 0.50616 0.47935 0.45491
 15104 1.24823 1.15531 1.07883 1.01509 0.95927 0.90658 0.85564 0.80594 0.75785 0.71159 0.66772 0.62673 0.58882 0.55368 0.52120 0.49141 0.46402 0.43914
 15189 1.24823 1.15531 1.07883 1.01509 0.95927 0.90658 0.85564 0.80594 0.75785 0.71159 0.66772 0.62673 0.58882 0.55368 0.52120 0.49141 0.46402 0.43914
 15275 1.24823 1.15531 1.07883 1.01509 0.95927 0.90658 0.85564 0.80594 0.75785 0.71159 0.66772 0.62673 0.58882 0.55368 0.52120 0.49141 0.46402 0.43914
 15360 1.19945 1.15353 1.09948 1.03689 0.97118 0.90960 0.85517 0.80573 0.75901 0.71375 0.67025 0.62932 0.59146 0.55659 0.52463 0.49563 0.46925 0.44556
 15445 1.19945 1.15353 1.09948 1.03689 0.97118 0.90960 0.85517 0.80573 0.75901 0.71375 0.67025 0.62932 0.59146 0.55659 0.52463 0.49563 0.46925 0.44556
 15531 1.19945 1.15353 1.09948 1.03689 0.97118 0.90960 0.85517 0.80573 0.75901 0.71375 0.67025 0.62932 0.59146 0.55659 0.52463 0.49563 0.46925 0.44556
 15616 1.22896 1.16694 1.10187 1.03470 0.96976 0.90985 0.85469 0.80228 0.75209 0.70416 0.65910 0.61739 0.57917 0.54404 0.51180 0.48243 0.45557 0.43127
 15701 1.22896 1.16694 1.10187 1.03470 0.96976 0.90985 0.85469 0.80228 0.75209 0.70416 0.65910 0.61739 0.57917 0.54404 0.51180 0.48243 0.45557 0.43127
 15787 1.22896 1.16694 1.10187 1.03470 0.96976 0.90985 0.85469 0.80228 0.75209 0.70416 0.65910 0.61739 0.57917 0.54404 0.51180 0.48243 0.45557 0.43127
 15872 1.31730 1.21608 1.13005 1.05410 0.98359 0.91602 0.85246 0.79336 0.73915 0.68937 0.64372 0.60194 0.56374 0.52854 0.49606 0.46629 0.43889 0.41397
 15957 1.31730 1.21608 1.13005 1.05410 0.98359 0.91602 0.85246 0.79336 0.73915 0.68937 0.64372 0.60194 0.56374 0.52854 0.49606 0.46629 0.43889 0.41397
 16043 1.31730 1.21608 1.13005 1.05410 0.98359 0.91602 0.85246 0.79336 0.73915 0.68937 0.64372 0.60194 0.56374 0.52854 0.49606 0.46629 0.43889 0.41397
 16128 1.34853 1.24320 1.16388 1.08768 1.00631 0.92460 0.84979 0.78393 0.72682 0.67653 0.63135 0.59013 0.55216 0.51677 0.48369 0.45299 0.42441 0.39815
 16213 1.34853 1.24320 1.16388 1.08768 1.00631 0.92460 0.84979 0.78393 0.72682 0.67653 0.63135 0.59013 0.55216 0.51677 0.48369 0.45299 0.42441 0.39815
 16299 1.34853 1.24320 1.16388 1.08768 1.00631 0.92460 0.84979 0.78393 0.72682 0.67653 0.63135 0.59013 0.55216 0.51677 0.48369 0.45299 0.42441 0.39815
 16384 1.00000 1.00000 1.00000 1.00000 1.00000 1.00000 1.00000 1.00000 1.00000 1.00000 1.00000 1.00000 1.00000 1.00000 1.00000 1.00000 1.00000 1.00000
 16469 1.00000 1.00000 1.00000 1.00000 1.00000 1.00000 1.00000 1.00000 1.00000 1.00000 1.00000 1.00000 1.00000 1.00000 1.00000 1.00000 1.00000 1.00000
 16555 1.00000 1.00000 1.00000 1.00000 1.00000 1.00000 1.00000 1.00000 1.00000 1.00000 1.00000 1.00000 1.00000 1.00000 1.00000 1.00000 1.00000 1.00000
 16640 1.00000 1.00000 1.00000 1.00000 1.00000 1.00000 1.00000 1.00000 1.00000 1.00000 1.00000 1.00000 1.00000 1.00000 1.00000 1.00000 1.00000 1.00000
 16725 1.00000 1.00000 1.00000 1.00000 1.00000 1.00000 1.00000 1.00000 1.00000 1.00000 1.00000 1.00000 1.00000 1.00000 1.00000 1.00000 1.00000 1.00000
 16811 1.00000 1.00000 1.00000 1.00000 1.00000 1.00000 1.00000 1.00000 1.00000 1.00000 1.00000 1.00000 1.00000 1.00000 1.00000 1.00000 1.00000 1.00000
 16896 1.00000 1.00000 1.00000 1.00000 1.00000 1.00000 1.00000 1.00000 1.00000 1.00000 1.00000 1.00000 1.00000 1.00000 1.00000 1.00000 1.00000 1.00000
 16981 1.00000 1.00000 1.00000 1.00000 1.00000 1.00000 1.00000 1.00000 1.00000 1.00000 1.00000 1.00000 1.00000 1.00000 1.00000 1.00000 1.00000 1.00000
 17067 1.12832 1.07193 1.02777 0.98633 0.94318 0.89964 0.85850 0.82004 0.78374 0.74874 0.71479 0.68210 0.65092 0.62125 0.59318 0.56694 0.54242 0.51984
 17152 1.14338 1.06381 1.01556 0.97733 0.93847 0.89820 0.85884 0.82082 0.78417 0.74860 0.71434 0.68175 0.65108 0.62226 0.59528 0.57029 0.54711 0.52592
 17237 1.14338 1.06381 1.01556 0.97733 0.93847 0.89820 0.85884 0.82082 0.78417 0.74860 0.71434 0.68175 0.65108 0.62226 0.59528 0.57029 0.54711 0.52592
 17323 1.14338 1.06381 1.01556 0.97733 0.93847 0.89820 0.85884 0.82082 0.78417 0.74860 0.71434 0.68175 0.65108 0.62226 0.59528 0.57029 0.54711 0.52592
 17408 1.14316 1.08321 1.03152 0.98434 0.93958 0.89751 0.85946 0.82486 0.79242 0.76066 0.72903 0.69770 0.66710 0.63741 0.60889 0.58190 0.55644 0.53282
 17493 1.14316 1.08321 1.03152 0.98434 0.93958 0.89751 0.85946 0.82486 0.79242 0.76066 0.72903 0.69770 0.66710 0.63741 0.60889 0.58190 0.55644 0.53282
 17579 1.14316 1.08321 1.03152 0.98434 0.93958 0.89751 0.85946 0.82486 0.79242 0.76066 0.72903 0.69770 0.66710 0.63741 0.60889 0.58190 0.55644 0.53282
 17664 1.15859 1.06131 1.00682 0.96817 0.93152 0.89495 0.86015 0.82688 0.79434 0.76168 0.72891 0.69657 0.66522 0.63504 0.60628 0.57925 0.55390 0.53049
 17749 1.15859 1.06131 1.00682 0.96817 0.93152 0.89495 0.86015 0.82688 0.79434 0.76168 0.72891 0.69657 0.66522 0.63504 0.60628 0.57925 0.55390 0.53049
 17835 1.15859 1.06131 1.00682 0.96817 0.93152 0.89495 0.86015 0.82688 0.79434 0.76168 0.72891 0.69657 0.66522 0.63504 0.60628 0.57925 0.55390 0.53049
 17920 1.11994 1.05064 1.00472 0.96770 0.93136 0.89491 0.86018 0.82723 0.79554 0.76444 0.73388 0.70420 0.67577 0.64864 0.62293 0.59887 0.57639 0.55569
 18005 1.11994 1.05064 1.00472 0.96770 0.93136 0.89491 0.86018 0.82723 0.79554 0.76444 0.73388 0.70420 0.67577 0.64864 0.62293 0.59887 0.57639 0.55569
 18091 1.11994 1.05064 1.00472 0.96770 0.93136 0.89491 0.86018 0.82723 0.79554 0.76444 0.73388 0.70420 0.67577 0.64864 0.62293 0.59887 0.57639 0.55569
 18176 1.15462 1.06977 1.01757 0.97630 0.93586 0.89626 0.85985 0.82625 0.79417 0.76216 0.72981 0.69748 0.66575 0.63487 0.60515 0.57700 0.55044 0.52578
 18261 1.15462 1.06977 1.01757 0.97630 0.93586 0.89626 0.85985 0.82625 0.79417 0.76216 0.72981 0.69748 0.66575 0.63487 0.60515 0.57700 0.55044 0.52578
 18347 1.15462 1.06977 1.01757 0.97630 0.93586 0.89626 0.85985 0.82625 0.79417 0.76216 0.72981 0.69748 0.66575 0.63487 0.60515 0.57700 0.55044 0.52578
 18432 1.13554 1.08150 1.03669 0.99156 0.94424 0.89886 0.85924 0.82509 0.79450 0.76510 0.73564 0.70594 0.67637 0.64718 0.61873 0.59149 0.56554 0.54126
 18517 1.13554 1.08150 1.03669 0.99156 0.94424 0.89886 0.85924 0.82509 0.79450 0.76510 0.73564 0.70594 0.67637 0.64718 0.61873 0.59149 0.56554 0.54126
 18603 1.13554 1.08150 1.03669 0.99156 0.94424 0.89886 0.85924 0.82509 0.79450 0.76510 0.73564 0.70594 0.67637 0.64718 0.61873 0.59149 0.56554 0.54126
 18688 1.15643 1.06986 1.01691 0.97542 0.93503 0.89578 0.86009 0.82766 0.79714 0.76699 0.73663 0.70629 0.67646 0.64737 0.61931 0.59270 0.56754 0.54415
 18773 1.15643 1.06986 1.01691 0.97542 0.93503 0.89578 0.86009 0.82766 0.79714 0.76699 0.73663 0.70629 0.67646 0.64737 0.61931 0.59270 0.56754 0.54415
 18859 1.15643 1.06986 1.01691 0.97542 0.93503 0.89578 0.86009 0.82766 0.79714 0.76699 0.73663 0.70629 0.67646 0.64737 0.61931 0.59270 0.56754 0.54415
 18944 1.17110 1.07854 1.02226 0.97854 0.93643 0.89606 0.86011 0.82825 0.79896 0.77038 0.74166 0.71285 0.68436 0.65641 0.62933 0.60353 0.57905 0.55622
 19029 1.17110 1.07854 1.02226 0.97854 0.93643 0.89606 0.86011 0.82825 0.79896 0.77038 0.74166 0.71285 0.68436 0.65641 0.62933 0.60353 0.57905 0.55622
 19115 1.17110 1.07854 1.02226 0.97854 0.93643 0.89606 0.86011 0.82825 0.79896 0.77038 0.74166 0.71285 0.68436 0.65641 0.62933 0.60353 0.57905 0.55622
 19200 1.16666 1.07862 1.02399 0.98051 0.93801 0.89687 0.85975 0.82638 0.79534 0.76492 0.73439 0.70391 0.67391 0.64462 0.61633 0.58946 0.56403 0.54037
 19285 1.16666 1.07862 1.02399 0.98051 0.93801 0.89687 0.85975 0.82638 0.79534 0.76492 0.73439 0.70391 0.67391 0.64462 0.61633 0.58946 0.56403 0.54037
 19371 1.16666 1.07862 1.02399 0.98051 0.93801 0.89687 0.85975 0.82638 0.79534 0.76492 0.73439 0.70391 0.67391 0.64462 0.61633 0.58946 0.56403 0.54037
 19456 1.17611 1.06764 1.00963 0.97072 0.93405 0.89641 0.85949 0.82365 0.78891 0.75507 0.72237 0.69121 0.66188 0.63429 0.60847 0.58456 0.56238 0.54210
 19541 1.17611 1.06764 1.00963 0.97072 0.93405 0.89641 0.85949 0.82365 0.78891 0.75507 0.72237 0.69121 0.66188 0.63429 0.60847 0.58456 0.56238 0.54210
 19627 1.17611 1.06764 1.00963 0.97072 0.93405 0.89641 0.85949 0.82365 0.78891 0.75507 0.72237 0.69121 0.66188 0.63429 0.60847 0.58456 0.56238 0.54210
 19712 1.24137 1.07049 0.99170 0.95205 0.92139 0.89117 0.86138 0.83164 0.80143 0.77042 0.73904 0.70806 0.67814 0.64948 0.62229 0.59685 0.57309 0.55123
 19797 1.24137 1.07049 0.99170 0.95205 0.92139 0.89117 0.86138 0.83164 0.80143 0.77042 0.73904 0.70806 0.67814 0.64948 0.62229 0.59685 0.57309 0.55123
 19883 1.24137 1.07049 0.99170 0.95205 0.92139 0.89117 0.86138 0.83164 0.80143 0.77042 0.73904 0.70806 0.67814 0.64948 0.62229 0.59685 0.57309 0.55123
 19968 1.18820 1.09619 1.03704 0.98865 0.94168 0.89764 0.85973 0.82731 0.79812 0.76953 0.74022 0.71013 0.67977 0.64951 0.61982 0.59126 0.56396 0.53835
 20053 1.18820 1.09619 1.03704 0.98865 0.94168 0.89764 0.85973 0.82731 0.79812 0.76953 0.74022 0.71013 0.67977 0.64951 0.61982 0.59126 0.56396 0.53835
 20139 1.18820 1.09619 1.03704 0.98865 0.94168 0.89764 0.85973 0.82731 0.79812 0.76953 0.74022 0.71013 0.67977 0.64951 0.61982 0.59126 0.56396 0.53835
 20224 1.18670 1.09942 1.04165 0.99284 0.94462 0.89892 0.85925 0.82532 0.79515 0.76627 0.73734 0.70815 0.67903 0.65023 0.62212 0.59516 0.56945 0.54537
 20309 1.18670 1.09942 1.04165 0.99284 0.94462 0.89892 0.85925 0.82532 0.79515 0.76627 0.73734 0.70815 0.67903 0.65023 0.62212 0.59516 0.56945 0.54537
 20395 1.18670 1.09942 1.04165 0.99284 0.94462 0.89892 0.85925 0.82532 0.79515 0.76627 0.73734 0.70815 0.67903 0.65023 0.62212 0.59516 0.56945 0.54537
 20480 1.21246 1.12001 1.05535 1.00229 0.95143 0.90232 0.85778 0.81797 0.78180 0.74762 0.71454 0.68241 0.65142 0.62157 0.59301 0.56607 0.54069 0.51716
 20565 1.21246 1.12001 1.05535 1.00229 0.95143 0.90232 0.85778 0.81797 0.78180 0.74762 0.71454 0.68241 0.65142 0.62157 0.59301 0.56607 0.54069 0.51716
 20651 1.21246 1.12001 1.05535 1.00229 0.95143 0.90232 0.85778 0.81797 0.78180 0.74762 0.71454 0.68241 0.65142 0.62157 0.59301 0.56607 0.54069 0.51716
 20736 1.21447 1.11609 1.05473 1.00494 0.95467 0.90413 0.85697 0.81404 0.77509 0.73908 0.70539 0.67378 0.64415 0.61625 0.59004 0.56565 0.54293 0.52204
 20821 1.21447 1.11609 1.05473 1.00494 0.95467 0.90413 0.85697 0.81404 0.77509 0.73908 0.70539 0.67378 0.64415 0.61625 0.59004 0.56565 0.54293 0.52204
 20907 1.21447 1.11609 1.05473 1.00494 0.95467 0.90413 0.85697 0.81404 0.77509 0.73908 0.70539 0.67378 0.64415 0.61625 0.59004 0.56565 0.54293 0.52204
 20992 1.19033 1.08701 1.02735 0.98339 0.94096 0.89864 0.85890 0.82199 0.78732 0.75393 0.72151 0.69022 0.66031 0.63177 0.60472 0.57939 0.55568 0.53382
 21077 1.19033 1.08701 1.02735 0.98339 0.94096 0.89864 0.85890 0.82199 0.78732 0.75393 0.72151 0.69022 0.66031 0.63177 0.60472 0.57939 0.55568 0.53382
 21163 1.19033 1.08701 1.02735 0.98339 0.94096 0.89864 0.85890 0.82199 0.78732 0.75393 0.72151 0.69022 0.66031 0.63177 0.60472 0.57939 0.55568 0.53382
 21248 1.17959 1.09334 1.03747 0.99091 0.94447 0.89937 0.85891 0.82317 0.79086 0.76016 0.73013 0.70060 0.67182 0.64385 0.61693 0.59140 0.56725 0.54479
 21333 1.17959 1.09334 1.03747 0.99091 0.94447 0.89937 0.85891 0.82317 0.79086 0.76016 0.73013 0.70060 0.67182 0.64385 0.61693 0.59140 0.56725 0.54479
 21419 1.17959 1.09334 1.03747 0.99091 0.94447 0.89937 0.85891 0.82317 0.79086 0.76016 0.73013 0.70060 0.67182 0.64385 0.61693 0.59140 0.56725 0.54479
 21504 1.20731 1.10023 1.03732 0.99001 0.94435 0.89960 0.85872 0.82198 0.78847 0.75677 0.72615 0.69650 0.66797 0.64055 0.61438 0.58973 0.56654 0.54507
 21589 1.20731 1.10023 1.03732 0.99001 0.94435 0.89960 0.85872 0.82198 0.78847 0.75677 0.72615 0.69650 0.66797 0.64055 0.61438 0.58973 0.56654 0.54507
 21675 1.20731 1.10023 1.03732 0.99001 0.94435 0.89960 0.85872 0.82198 0.78847 0.75677 0.72615 0.69650 0.66797 0.64055 0.61438 0.58973 0.56654 0.54507
 21760 1.21908 1.10962 1.04458 0.99544 0.94793 0.90113 0.85815 0.81940 0.78419 0.75119 0.71967 0.68946 0.66064 0.63312 0.60697 0.58242 0.55939 0.53811
 21845 1.21908 1.10962 1.04458 0.99544 0.94793 0.90113 0.85815 0.81940 0.78419 0.75119 0.71967 0.68946 0.66064 0.63312 0.60697 0.58242 0.55939 0.53811
 21931 1.21908 1.10962 1.04458 0.99544 0.94793 0.90113 0.85815 0.81940 0.78419 0.75119 0.71967 0.68946 0.66064 0.63312 0.60697 0.58242 0.55939 0.53811
 22016 1.20411 1.10331 1.03569 0.98570 0.94142 0.89878 0.85884 0.82174 0.78708 0.75407 0.72242 0.69219 0.66355 0.63640 0.61079 0.58691 0.56462 0.54412
 22101 1.20411 1.10331 1.03569 0.98570 0.94142 0.89878 0.85884 0.82174 0.78708 0.75407 0.72242 0.69219 0.66355 0.63640 0.61079 0.58691 0.56462 0.54412
 22187 1.20411 1.10331 1.03569 0.98570 0.94142 0.89878 0.85884 0.82174 0.78708 0.75407 0.72242 0.69219 0.66355 0.63640 0.61079 0.58691 0.56462 0.54412
 22272 1.22632 1.09948 1.03085 0.98442 0.94134 0.89871 0.85892 0.82238 0.78862 0.75668 0.72612 0.69691 0.66917 0.64281 0.61789 0.59458 0.57280 0.55273
 22357 1.22632 1.09948 1.03085 0.98442 0.94134 0.89871 0.85892 0.82238 0.78862 0.75668 0.72612 0.69691 0.66917 0.64281 0.61789 0.59458 0.57280 0.55273
 22443 1.22632 1.09948 1.03085 0.98442 0.94134 0.89871 0.85892 0.82238 0.78862 0.75668 0.72612 0.69691 0.66917 0.64281 0.61789 0.59458 0.57280 0.55273
 22528 1.23207 1.10492 1.03649 0.99010 0.94614 0.90122 0.85781 0.81681 0.77853 0.74270 0.70925 0.67820 0.64950 0.62285 0.59814 0.57540 0.55441 0.53527
 22613 1.23207 1.10492 1.03649 0.99010 0.94614 0.90122 0.85781 0.81681 0.77853 0.74270 0.70925 0.67820 0.64950 0.62285 0.59814 0.57540 0.55441 0.53527
 22699 1.23207 1.10492 1.03649 0.99010 0.94614 0.90122 0.85781 0.81681 0.77853 0.74270 0.70925 0.67820 0.64950 0.62285 0.59814 0.57540 0.55441 0.53527
 22784 1.23290 1.10347 1.03294 0.98641 0.94367 0.90025 0.85815 0.81819 0.78068 0.74540 0.71237 0.68165 0.65324 0.62686 0.60239 0.57987 0.55909 0.54015
 22869 1.23290 1.10347 1.03294 0.98641 0.94367 0.90025 0.85815 0.81819 0.78068 0.74540 0.71237 0.68165 0.65324 0.62686 0.60239 0.57987 0.55909 0.54015
 22955 1.23290 1.10347 1.03294 0.98641 0.94367 0.90025 0.85815 0.81819 0.78068 0.74540 0.71237 0.68165 0.65324 0.62686 0.60239 0.57987 0.55909 0.54015
 23040 1.25965 1.11774 1.04290 0.99381 0.94824 0.90201 0.85755 0.81569 0.77665 0.74003 0.70571 0.67371 0.64401 0.61634 0.59060 0.56685 0.54489 0.52483
 23125 1.25965 1.11774 1.04290 0.99381 0.94824 0.90201 0.85755 0.81569 0.77665 0.74003 0.70571 0.67371 0.64401 0.61634 0.59060 0.56685 0.54489 0.52483
 23211 1.25965 1.11774 1.04290 0.99381 0.94824 0.90201 0.85755 0.81569 0.77665 0.74003 0.70571 0.67371 0.64401 0.61634 0.59060 0.56685 0.54489 0.52483
 23296 1.27867 1.11037 1.02835 0.98139 0.94077 0.89930 0.85839 0.81872 0.78069 0.74431 0.70988 0.67768 0.64783 0.62010 0.59440 0.57077 0.54900 0.52919
 23381 1.27867 1.11037 1.02835 0.98139 0.94077 0.89930 0.85839 0.81872 0.78069 0.74431 0.70988 0.67768 0.64783 0.62010 0.59440 0.57077 0.54900 0.52919
 23467 1.27867 1.11037 1.02835 0.98139 0.94077 0.89930 0.85839 0.81872 0.78069 0.74431 0.70988 0.67768 0.64783 0.62010 0.59440 0.57077 0.54900 0.52919
 23552 1.28911 1.11253 1.02760 0.98023 0.93997 0.89897 0.85851 0.81930 0.78176 0.74593 0.71208 0.68048 0.65124 0.62410 0.59897 0.57589 0.55464 0.53530
 23637 1.28911 1.11253 1.02760 0.98023 0.93997 0.89897 0.85851 0.81930 0.78176 0.74593 0.71208 0.68048 0.65124 0.62410 0.59897 0.57589 0.55464 0.53530
 23723 1.28911 1.11253 1.02760 0.98023 0.93997 0.89897 0.85851 0.81930 0.78176 0.74593 0.71208 0.68048 0.65124 0.62410 0.59897 0.57589 0.55464 0.53530
 23808 1.31248 1.11813 1.02725 0.97934 0.93985 0.89921 0.85831 0.81794 0.77881 0.74131 0.70597 0.67318 0.64305 0.61529 0.58975 0.56642 0.54504 0.52568
 23893 1.31248 1.11813 1.02725 0.97934 0.93985 0.89921 0.85831 0.81794 0.77881 0.74131 0.70597 0.67318 0.64305 0.61529 0.58975 0.56642 0.54504 0.52568
 23979 1.31248 1.11813 1.02725 0.97934 0.93985 0.89921 0.85831 0.81794 0.77881 0.74131 0.70597 0.67318 0.64305 0.61529 0.58975 0.56642 0.54504 0.52568
 24064 1.31777 1.11587 1.02305 0.97587 0.93783 0.89849 0.85854 0.81891 0.78053 0.74398 0.70987 0.67855 0.65004 0.62399 0.60020 0.57860 0.55890 0.54113
 24149 1.31777 1.11587 1.02305 0.97587 0.93783 0.89849 0.85854 0.81891 0.78053 0.74398 0.70987 0.67855 0.65004 0.62399 0.60020 0.57860 0.55890 0.54113
 24235 1.31777 1.11587 1.02305 0.97587 0.93783 0.89849 0.85854 0.81891 0.78053 0.74398 0.70987 0.67855 0.65004 0.62399 0.60020 0.57860 0.55890 0.54113
 24320 1.24226 1.09065 1.01635 0.97332 0.93577 0.89728 0.85911 0.82183 0.78579 0.75103 0.71793 0.68682 0.65790 0.63098 0.60599 0.58300 0.56181 0.54251
 24405 1.24226 1.09065 1.01635 0.97332 0.93577 0.89728 0.85911 0.82183 0.78579 0.75103 0.71793 0.68682 0.65790 0.63098 0.60599 0.58300 0.56181 0.54251
 24491 1.24226 1.09065 1.01635 0.97332 0.93577 0.89728 0.85911 0.82183 0.78579 0.75103 0.71793 0.68682 0.65790 0.63098 0.60599 0.58300 0.56181 0.54251
 24576 1.19422 1.08555 1.01800 0.97276 0.93449 0.89666 0.85934 0.82280 0.78735 0.75306 0.72031 0.68949 0.66080 0.63407 0.60925 0.58641 0.56535 0.54617
 24661 1.19422 1.08555 1.01800 0.97276 0.93449 0.89666 0.85934 0.82280 0.78735 0.75306 0.72031 0.68949 0.66080 0.63407 0.60925 0.58641 0.56535 0.54617
 24747 1.19422 1.08555 1.01800 0.97276 0.93449 0.89666 0.85934 0.82280 0.78735 0.75306 0.72031 0.68949 0.66080 0.63407 0.60925 0.58641 0.56535 0.54617
 24832 1.35105 1.10381 0.99741 0.95234 0.92212 0.89196 0.86092 0.82910 0.79684 0.76456 0.73302 0.70295 0.67478 0.64846 0.62400 0.60150 0.58076 0.56190
 24917 1.35105 1.10381 0.99741 0.95234 0.92212 0.89196 0.86092 0.82910 0.79684 0.76456 0.73302 0.70295 0.67478 0.64846 0.62400 0.60150 0.58076 0.56190
 25003 1.35105 1.10381 0.99741 0.95234 0.92212 0.89196 0.86092 0.82910 0.79684 0.76456 0.73302 0.70295 0.67478 0.64846 0.62400 0.60150 0.58076 0.56190
 25088 1.38137 1.11468 1.00134 0.95489 0.92437 0.89325 0.86032 0.82596 0.79102 0.75637 0.72306 0.69186 0.66310 0.63663 0.61232 0.59020 0.56999 0.55176
 25173 1.39653 1.12012 1.00331 0.95616 0.92550 0.89389 0.86002 0.82439 0.78811 0.75228 0.71808 0.68631 0.65726 0.63071 0.60648 0.58455 0.56461 0.54668
 25259 1.41169 1.12555 1.00527 0.95743 0.92663 0.89453 0.85972 0.82282 0.78520 0.74818 0.71310 0.68076 0.65142 0.62479 0.60064 0.57890 0.55923 0.54161
 25344 1.42685 1.13099 1.00724 0.95870 0.92775 0.89518 0.85941 0.82125 0.78229 0.74409 0.70812 0.67522 0.64559 0.61887 0.59480 0.57325 0.55384 0.53653
 25429 1.44201 1.13642 1.00921 0.95997 0.92888 0.89582 0.85911 0.81968 0.77938 0.74000 0.70314 0.66967 0.63975 0.61295 0.58897 0.56760 0.54846 0.53146
 25515 1.45717 1.14186 1.01117 0.96124 0.93001 0.89647 0.85881 0.81811 0.77646 0.73590 0.69816 0.66412 0.63391 0.60703 0.58313 0.56195 0.54307 0.52638
 25600 1.48749 1.15272 1.01511 0.96379 0.93226 0.89775 0.85821 0.81497 0.77064 0.72772 0.68820 0.65303 0.62223 0.59520 0.57145 0.55065 0.53230 0.51623
 25685 1.48749 1.15272 1.01511 0.96379 0.93226 0.89775 0.85821 0.81497 0.77064 0.72772 0.68820 0.65303 0.62223 0.59520 0.57145 0.55065 0.53230 0.51623
 25771 1.48749 1.15272 1.01511 0.96379 0.93226 0.89775 0.85821 0.81497 0.77064 0.72772 0.68820 0.65303 0.62223 0.59520 0.57145 0.55065 0.53230 0.51623
 25856 1.38698 1.14596 1.03708 0.98406 0.94284 0.90054 0.85780 0.81577 0.77563 0.73800 0.70342 0.67209 0.64388 0.61834 0.59516 0.57423 0.55524 0.53816
 25941 1.38698 1.14596 1.03708 0.98406 0.94284 0.90054 0.85780 0.81577 0.77563 0.73800 0.70342 0.67209 0.64388 0.61834 0.59516 0.57423 0.55524 0.53816
 26027 1.38698 1.14596 1.03708 0.98406 0.94284 0.90054 0.85780 0.81577 0.77563 0.73800 0.70342 0.67209 0.64388 0.61834 0.59516 0.57423 0.55524 0.53816
 26112 1.40647 1.15410 1.04061 0.98604 0.94411 0.90114 0.85754 0.81429 0.77247 0.73271 0.69566 0.66168 0.63080 0.60261 0.57687 0.55353 0.53225 0.51307
 26197 1.40647 1.15410 1.04061 0.98604 0.94411 0.90114 0.85754 0.81429 0.77247 0.73271 0.69566 0.66168 0.63080 0.60261 0.57687 0.55353 0.53225 0.51307
 26283 1.40647 1.15410 1.04061 0.98604 0.94411 0.90114 0.85754 0.81429 0.77247 0.73271 0.69566 0.66168 0.63080 0.60261 0.57687 0.55353 0.53225 0.51307
 26368 1.34359 1.12844 1.03008 0.98069 0.94111 0.89998 0.85793 0.81594 0.77511 0.73616 0.69982 0.66650 0.63624 0.60864 0.58348 0.56068 0.53993 0.52124
 26453 1.34359 1.12844 1.03008 0.98069 0.94111 0.89998 0.85793 0.81594 0.77511 0.73616 0.69982 0.66650 0.63624 0.60864 0.58348 0.56068 0.53993 0.52124
 26539 1.34359 1.12844 1.03008 0.98069 0.94111 0.89998 0.85793 0.81594 0.77511 0.73616 0.69982 0.66650 0.63624 0.60864 0.58348 0.56068 0.53993 0.52124
 26624 1.27616 1.11995 1.03304 0.98161 0.94037 0.89929 0.85831 0.81811 0.77943 0.74264 0.70821 0.67644 0.64736 0.62065 0.59612 0.57377 0.55331 0.53479
 26709 1.27616 1.11995 1.03304 0.98161 0.94037 0.89929 0.85831 0.81811 0.77943 0.74264 0.70821 0.67644 0.64736 0.62065 0.59612 0.57377 0.55331 0.53479
 26795 1.27616 1.11995 1.03304 0.98161 0.94037 0.89929 0.85831 0.81811 0.77943 0.74264 0.70821 0.67644 0.64736 0.62065 0.59612 0.57377 0.55331 0.53479
 26880 1.27665 1.12027 1.03724 0.98702 0.94396 0.90051 0.85800 0.81734 0.77916 0.74349 0.71046 0.68011 0.65236 0.62684 0.60336 0.58191 0.56222 0.54437
 26965 1.27665 1.12027 1.03724 0.98702 0.94396 0.90051 0.85800 0.81734 0.77916 0.74349 0.71046 0.68011 0.65236 0.62684 0.60336 0.58191 0.56222 0.54437
 27051 1.27665 1.12027 1.03724 0.98702 0.94396 0.90051 0.85800 0.81734 0.77916 0.74349 0.71046 0.68011 0.65236 0.62684 0.60336 0.58191 0.56222 0.54437
 27136 1.27787 1.11715 1.03655 0.98788 0.94454 0.90057 0.85807 0.81812 0.78124 0.74726 0.71607 0.68756 0.66153 0.63760 0.61556 0.59540 0.57687 0.56005
 27221 1.27787 1.11715 1.03655 0.98788 0.94454 0.90057 0.85807 0.81812 0.78124 0.74726 0.71607 0.68756 0.66153 0.63760 0.61556 0.59540 0.57687 0.56005
 27307 1.27787 1.11715 1.03655 0.98788 0.94454 0.90057 0.85807 0.81812 0.78124 0.74726 0.71607 0.68756 0.66153 0.63760 0.61556 0.59540 0.57687 0.56005
 27392 1.26211 1.11780 1.04243 0.99360 0.94831 0.90210 0.85751 0.81573 0.77731 0.74206 0.70982 0.68042 0.65364 0.62904 0.60641 0.58571 0.56671 0.54945
 27477 1.26211 1.11780 1.04243 0.99360 0.94831 0.90210 0.85751 0.81573 0.77731 0.74206 0.70982 0.68042 0.65364 0.62904 0.60641 0.58571 0.56671 0.54945
 27563 1.26211 1.11780 1.04243 0.99360 0.94831 0.90210 0.85751 0.81573 0.77731 0.74206 0.70982 0.68042 0.65364 0.62904 0.60641 0.58571 0.56671 0.54945
 27648 1.22668 1.12170 1.04908 0.99511 0.94775 0.90169 0.85768 0.81644 0.77849 0.74365 0.71176 0.68268 0.65619 0.63185 0.60947 0.58901 0.57021 0.55315
 27733 1.22668 1.12170 1.04908 0.99511 0.94775 0.90169 0.85768 0.81644 0.77849 0.74365 0.71176 0.68268 0.65619 0.63185 0.60947 0.58901 0.57021 0.55315
 27819 1.22668 1.12170 1.04908 0.99511 0.94775 0.90169 0.85768 0.81644 0.77849 0.74365 0.71176 0.68268 0.65619 0.63185 0.60947 0.58901 0.57021 0.55315
 27904 1.22772 1.11766 1.04212 0.98828 0.94336 0.90012 0.85813 0.81795 0.78034 0.74552 0.71365 0.68474 0.65860 0.63478 0.61305 0.59332 0.57531 0.55905
 27989 1.22772 1.11766 1.04212 0.98828 0.94336 0.90012 0.85813 0.81795 0.78034 0.74552 0.71365 0.68474 0.65860 0.63478 0.61305 0.59332 0.57531 0.55905
 28075 1.22772 1.11766 1.04212 0.98828 0.94336 0.90012 0.85813 0.81795 0.78034 0.74552 0.71365 0.68474 0.65860 0.63478 0.61305 0.59332 0.57531 0.55905
 28160 1.22304 1.11843 1.04934 0.99729 0.94934 0.90209 0.85766 0.81696 0.78015 0.74662 0.71590 0.68767 0.66169 0.63759 0.61523 0.59461 0.57554 0.55812
 28245 1.22304 1.11843 1.04934 0.99729 0.94934 0.90209 0.85766 0.81696 0.78015 0.74662 0.71590 0.68767 0.66169 0.63759 0.61523 0.59461 0.57554 0.55812
 28331 1.22304 1.11843 1.04934 0.99729 0.94934 0.90209 0.85766 0.81696 0.78015 0.74662 0.71590 0.68767 0.66169 0.63759 0.61523 0.59461 0.57554 0.55812
 28416 1.21393 1.11183 1.04361 0.99246 0.94605 0.90072 0.85816 0.81901 0.78326 0.75025 0.71956 0.69100 0.66447 0.63968 0.61653 0.59511 0.57524 0.55704
 28501 1.21393 1.11183 1.04361 0.99246 0.94605 0.90072 0.85816 0.81901 0.78326 0.75025 0.71956 0.69100 0.66447 0.63968 0.61653 0.59511 0.57524 0.55704
 28587 1.21393 1.11183 1.04361 0.99246 0.94605 0.90072 0.85816 0.81901 0.78326 0.75025 0.71956 0.69100 0.66447 0.63968 0.61653 0.59511 0.57524 0.55704
 28672 1.20069 1.11754 1.05196 0.99730 0.94776 0.90102 0.85815 0.81938 0.78442 0.75232 0.72246 0.69456 0.66848 0.64397 0.62097 0.59958 0.57966 0.56135
 28757 1.20069 1.11754 1.05196 0.99730 0.94776 0.90102 0.85815 0.81938 0.78442 0.75232 0.72246 0.69456 0.66848 0.64397 0.62097 0.59958 0.57966 0.56135
 28843 1.20069 1.11754 1.05196 0.99730 0.94776 0.90102 0.85815 0.81938 0.78442 0.75232 0.72246 0.69456 0.66848 0.64397 0.62097 0.59958 0.57966 0.56135
 28928 1.21958 1.10980 1.04524 0.99639 0.94871 0.90146 0.85806 0.81936 0.78505 0.75393 0.72517 0.69833 0.67320 0.64951 0.62722 0.60642 0.58700 0.56911
 29013 1.21958 1.10980 1.04524 0.99639 0.94871 0.90146 0.85806 0.81936 0.78505 0.75393 0.72517 0.69833 0.67320 0.64951 0.62722 0.60642 0.58700 0.56911
 29099 1.21958 1.10980 1.04524 0.99639 0.94871 0.90146 0.85806 0.81936 0.78505 0.75393 0.72517 0.69833 0.67320 0.64951 0.62722 0.60642 0.58700 0.56911
 29184 1.19088 1.10030 1.03670 0.98718 0.94215 0.89887 0.85891 0.82253 0.78932 0.75828 0.72887 0.70097 0.67458 0.64958 0.62597 0.60392 0.58331 0.56433
 29269 1.19088 1.10030 1.03670 0.98718 0.94215 0.89887 0.85891 0.82253 0.78932 0.75828 0.72887 0.70097 0.67458 0.64958 0.62597 0.60392 0.58331 0.56433
 29355 1.19088 1.10030 1.03670 0.98718 0.94215 0.89887 0.85891 0.82253 0.78932 0.75828 0.72887 0.70097 0.67458 0.64958 0.62597 0.60392 0.58331 0.56433
 29440 1.20860 1.10226 1.03918 0.99122 0.94480 0.89958 0.85884 0.82311 0.79160 0.76274 0.73554 0.70957 0.68477 0.66100 0.63834 0.61699 0.59688 0.57825
 29525 1.20860 1.10226 1.03918 0.99122 0.94480 0.89958 0.85884 0.82311 0.79160 0.76274 0.73554 0.70957 0.68477 0.66100 0.63834 0.61699 0.59688 0.57825
 29611 1.20860 1.10226 1.03918 0.99122 0.94480 0.89958 0.85884 0.82311 0.79160 0.76274 0.73554 0.70957 0.68477 0.66100 0.63834 0.61699 0.59688 0.57825
 29696 1.18049 1.10661 1.04273 0.98743 0.93943 0.89705 0.85972 0.82645 0.79626 0.76789 0.74070 0.71453 0.68949 0.66552 0.64270 0.62124 0.60109 0.58246
 29781 1.18049 1.10661 1.04273 0.98743 0.93943 0.89705 0.85972 0.82645 0.79626 0.76789 0.74070 0.71453 0.68949 0.66552 0.64270 0.62124 0.60109 0.58246
 29867 1.18049 1.10661 1.04273 0.98743 0.93943 0.89705 0.85972 0.82645 0.79626 0.76789 0.74070 0.71453 0.68949 0.66552 0.64270 0.62124 0.60109 0.58246
 29952 1.19928 1.09720 1.03600 0.98893 0.94328 0.89893 0.85908 0.82411 0.79308 0.76437 0.73698 0.71058 0.68519 0.66073 0.63733 0.61522 0.59436 0.57500
 30037 1.19928 1.09720 1.03600 0.98893 0.94328 0.89893 0.85908 0.82411 0.79308 0.76437 0.73698 0.71058 0.68519 0.66073 0.63733 0.61522 0.59436 0.57500
 30123 1.19928 1.09720 1.03600 0.98893 0.94328 0.89893 0.85908 0.82411 0.79308 0.76437 0.73698 0.71058 0.68519 0.66073 0.63733 0.61522 0.59436 0.57500
 30208 1.18856 1.09407 1.03130 0.98296 0.93857 0.89680 0.85991 0.82788 0.79945 0.77279 0.74684 0.72134 0.69642 0.67213 0.64868 0.62638 0.60524 0.58553
 30293 1.18856 1.09407 1.03130 0.98296 0.93857 0.89680 0.85991 0.82788 0.79945 0.77279 0.74684 0.72134 0.69642 0.67213 0.64868 0.62638 0.60524 0.58553
 30379 1.18856 1.09407 1.03130 0.98296 0.93857 0.89680 0.85991 0.82788 0.79945 0.77279 0.74684 0.72134 0.69642 0.67213 0.64868 0.62638 0.60524 0.58553
 30464 1.15494 1.09071 1.04157 0.99461 0.94601 0.89947 0.85910 0.82506 0.79576 0.76886 0.74285 0.71721 0.69197 0.66720 0.64311 0.62007 0.59811 0.57757
 30549 1.15494 1.09071 1.04157 0.99461 0.94601 0.89947 0.85910 0.82506 0.79576 0.76886 0.74285 0.71721 0.69197 0.66720 0.64311 0.62007 0.59811 0.57757
 30635 1.15494 1.09071 1.04157 0.99461 0.94601 0.89947 0.85910 0.82506 0.79576 0.76886 0.74285 0.71721 0.69197 0.66720 0.64311 0.62007 0.59811 0.57757
 30720 1.16831 1.10163 1.04935 0.99894 0.94741 0.89941 0.85936 0.82705 0.80011 0.77537 0.75081 0.72577 0.70038 0.67486 0.64960 0.62510 0.60151 0.57925
 30805 1.16831 1.10163 1.04935 0.99894 0.94741 0.89941 0.85936 0.82705 0.80011 0.77537 0.75081 0.72577 0.70038 0.67486 0.64960 0.62510 0.60151 0.57925
 30891 1.16831 1.10163 1.04935 0.99894 0.94741 0.89941 0.85936 0.82705 0.80011 0.77537 0.75081 0.72577 0.70038 0.67486 0.64960 0.62510 0.60151 0.57925
 30976 1.15601 1.07744 1.02741 0.98577 0.94300 0.89953 0.85862 0.82127 0.78759 0.75696 0.72886 0.70301 0.67917 0.65702 0.63641 0.61739 0.59978 0.58367
 31061 1.15601 1.07744 1.02741 0.98577 0.94300 0.89953 0.85862 0.82127 0.78759 0.75696 0.72886 0.70301 0.67917 0.65702 0.63641 0.61739 0.59978 0.58367
 31147 1.15601 1.07744 1.02741 0.98577 0.94300 0.89953 0.85862 0.82127 0.78759 0.75696 0.72886 0.70301 0.67917 0.65702 0.63641 0.61739 0.59978 0.58367
 31232 1.15832 1.07390 1.02178 0.98013 0.93863 0.89744 0.85947 0.82520 0.79410 0.76508 0.73752 0.71124 0.68628 0.66252 0.64000 0.61890 0.59913 0.58089
 31317 1.15832 1.07390 1.02178 0.98013 0.93863 0.89744 0.85947 0.82520 0.79410 0.76508 0.73752 0.71124 0.68628 0.66252 0.64000 0.61890 0.59913 0.58089
 31403 1.15832 1.07390 1.02178 0.98013 0.93863 0.89744 0.85947 0.82520 0.79410 0.76508 0.73752 0.71124 0.68628 0.66252 0.64000 0.61890 0.59913 0.58089
 31488 1.16297 1.07850 1.02557 0.98268 0.93990 0.89777 0.85943 0.82540 0.79504 0.76707 0.74066 0.71550 0.69155 0.66870 0.64697 0.62656 0.60739 0.58966
 31573 1.16297 1.07850 1.02557 0.98268 0.93990 0.89777 0.85943 0.82540 0.79504 0.76707 0.74066 0.71550 0.69155 0.66870 0.64697 0.62656 0.60739 0.58966
 31659 1.16297 1.07850 1.02557 0.98268 0.93990 0.89777 0.85943 0.82540 0.79504 0.76707 0.74066 0.71550 0.69155 0.66870 0.64697 0.62656 0.60739 0.58966
 31744 1.15895 1.06625 1.01233 0.97221 0.93352 0.89538 0.86020 0.82821 0.79873 0.77069 0.74356 0.71733 0.69216 0.66805 0.64510 0.62352 0.60327 0.58454
 31829 1.15895 1.06625 1.01233 0.97221 0.93352 0.89538 0.86020 0.82821 0.79873 0.77069 0.74356 0.71733 0.69216 0.66805 0.64510 0.62352 0.60327 0.58454
 31915 1.15895 1.06625 1.01233 0.97221 0.93352 0.89538 0.86020 0.82821 0.79873 0.77069 0.74356 0.71733 0.69216 0.66805 0.64510 0.62352 0.60327 0.58454
 32000 1.11888 1.04821 1.00362 0.96719 0.93067 0.89433 0.86052 0.82927 0.79985 0.77124 0.74311 0.71563 0.68910 0.66359 0.63927 0.61639 0.59491 0.57505
 32085 1.11888 1.04821 1.00362 0.96719 0.93067 0.89433 0.86052 0.82927 0.79985 0.77124 0.74311 0.71563 0.68910 0.66359 0.63927 0.61639 0.59491 0.57505
 32171 1.00000 1.00000 1.00000 1.00000 1.00000 1.00000 1.00000 1.00000 1.00000 1.00000 1.00000 1.00000 1.00000 1.00000 1.00000 1.00000 1.00000 1.00000
 32256 1.00000 1.00000 1.00000 1.00000 1.00000 1.00000 1.00000 1.00000 1.00000 1.00000 1.00000 1.00000 1.00000 1.00000 1.00000 1.00000 1.00000 1.00000
 32341 1.00000 1.00000 1.00000 1.00000 1.00000 1.00000 1.00000 1.00000 1.00000 1.00000 1.00000 1.00000 1.00000 1.00000 1.00000 1.00000 1.00000 1.00000
 32427 1.00000 1.00000 1.00000 1.00000 1.00000 1.00000 1.00000 1.00000 1.00000 1.00000 1.00000 1.00000 1.00000 1.00000 1.00000 1.00000 1.00000 1.00000
 32512 1.00000 1.00000 1.00000 1.00000 1.00000 1.00000 1.00000 1.00000 1.00000 1.00000 1.00000 1.00000 1.00000 1.00000 1.00000 1.00000 1.00000 1.00000
 32597 1.00000 1.00000 1.00000 1.00000 1.00000 1.00000 1.00000 1.00000 1.00000 1.00000 1.00000 1.00000 1.00000 1.00000 1.00000 1.00000 1.00000 1.00000
 32683 1.00000 1.00000 1.00000 1.00000 1.00000 1.00000 1.00000 1.00000 1.00000 1.00000 1.00000 1.00000 1.00000 1.00000 1.00000 1.00000 1.00000 1.00000
 32768 1.00000 1.00000 1.00000 1.00000 1.00000 1.00000 1.00000 1.00000 1.00000 1.00000 1.00000 1.00000 1.00000 1.00000 1.00000 1.00000 1.00000 1.00000
 32853 1.00000 1.00000 1.00000 1.00000 1.00000 1.00000 1.00000 1.00000 1.00000 1.00000 1.00000 1.00000 1.00000 1.00000 1.00000 1.00000 1.00000 1.00000
 32939 1.30493 1.22778 1.14444 1.05786 0.97768 0.91062 0.85499 0.80465 0.75615 0.70874 0.66348 0.62156 0.58347 0.54898 0.51787 0.49001 0.46496 0.44268
 33024 1.30920 1.19794 1.11145 1.03987 0.97460 0.91213 0.85402 0.80084 0.75265 0.70854 0.66789 0.63034 0.59563 0.56333 0.53326 0.50548 0.47975 0.45621
 33109 1.30920 1.19794 1.11145 1.03987 0.97460 0.91213 0.85402 0.80084 0.75265 0.70854 0.66789 0.63034 0.59563 0.56333 0.53326 0.50548 0.47975 0.45621
 33195 1.30920 1.19794 1.11145 1.03987 0.97460 0.91213 0.85402 0.80084 0.75265 0.70854 0.66789 0.63034 0.59563 0.56333 0.53326 0.50548 0.47975 0.45621
 33280 1.36865 1.20853 1.10302 1.02987 0.96894 0.91046 0.85438 0.80136 0.75197 0.70602 0.66350 0.62438 0.58850 0.55540 0.52487 0.49689 0.47115 0.44776
 33365 1.36865 1.20853 1.10302 1.02987 0.96894 0.91046 0.85438 0.80136 0.75197 0.70602 0.66350 0.62438 0.58850 0.55540 0.52487 0.49689 0.47115 0.44776
 33451 1.36865 1.20853 1.10302 1.02987 0.96894 0.91046 0.85438 0.80136 0.75197 0.70602 0.66350 0.62438 0.58850 0.55540 0.52487 0.49689 0.47115 0.44776
 33536 1.28068 1.19253 1.11564 1.04476 0.97688 0.91243 0.85416 0.80256 0.75704 0.71596 0.67811 0.64284 0.60985 0.57875 0.54947 0.52215 0.49663 0.47311
 33621 1.28068 1.19253 1.11564 1.04476 0.97688 0.91243 0.85416 0.80256 0.75704 0.71596 0.67811 0.64284 0.60985 0.57875 0.54947 0.52215 0.49663 0.47311
 33707 1.28068 1.19253 1.11564 1.04476 0.97688 0.91243 0.85416 0.80256 0.75704 0.71596 0.67811 0.64284 0.60985 0.57875 0.54947 0.52215 0.49663 0.47311
 33792 1.30650 1.16819 1.07993 1.01733 0.96199 0.90756 0.85550 0.80654 0.76094 0.71825 0.67833 0.64118 0.60675 0.57472 0.54495 0.51750 0.49213 0.46898
 33877 1.30650 1.16819 1.07993 1.01733 0.96199 0.90756 0.85550 0.80654 0.76094 0.71825 0.67833 0.64118 0.60675 0.57472 0.54495 0.51750 0.49213 0.46898
 33963 1.30650 1.16819 1.07993 1.01733 0.96199 0.90756 0.85550 0.80654 0.76094 0.71825 0.67833 0.64118 0.60675 0.57472 0.54495 0.51750 0.49213 0.46898
 34048 1.37337 1.21791 1.09962 1.01511 0.95478 0.90440 0.85634 0.80843 0.76145 0.71641 0.67440 0.63600 0.60129 0.56979 0.54122 0.51545 0.49208 0.47111
 34133 1.37337 1.21791 1.09962 1.01511 0.95478 0.90440 0.85634 0.80843 0.76145 0.71641 0.67440 0.63600 0.60129 0.56979 0.54122 0.51545 0.49208 0.47111
 34219 1.37337 1.21791 1.09962 1.01511 0.95478 0.90440 0.85634 0.80843 0.76145 0.71641 0.67440 0.63600 0.60129 0.56979 0.54122 0.51545 0.49208 0.47111
 34304 1.33659 1.21618 1.12198 1.04517 0.97707 0.91298 0.85376 0.80010 0.75233 0.70967 0.67137 0.63678 0.60538 0.57654 0.54996 0.52559 0.50314 0.48269
 34389 1.33659 1.21618 1.12198 1.04517 0.97707 0.91298 0.85376 0.80010 0.75233 0.70967 0.67137 0.63678 0.60538 0.57654 0.54996 0.52559 0.50314 0.48269
 34475 1.33659 1.21618 1.12198 1.04517 0.97707 0.91298 0.85376 0.80010 0.75233 0.70967 0.67137 0.63678 0.60538 0.57654 0.54996 0.52559 0.50314 0.48269
 34560 1.33381 1.17535 1.08779 1.02673 0.96861 0.91001 0.85479 0.80452 0.75966 0.71948 0.68332 0.65060 0.62084 0.59348 0.56825 0.54510 0.52377 0.50433
 34645 1.33381 1.17535 1.08779 1.02673 0.96861 0.91001 0.85479 0.80452 0.75966 0.71948 0.68332 0.65060 0.62084 0.59348 0.56825 0.54510 0.52377 0.50433
 34731 1.33381 1.17535 1.08779 1.02673 0.96861 0.91001 0.85479 0.80452 0.75966 0.71948 0.68332 0.65060 0.62084 0.59348 0.56825 0.54510 0.52377 0.50433
 34816 1.31735 1.18564 1.09435 1.02609 0.96620 0.90880 0.85524 0.80635 0.76234 0.72247 0.68612 0.65284 0.62231 0.59404 0.56784 0.54370 0.52140 0.50103
 34901 1.31735 1.18564 1.09435 1.02609 0.96620 0.90880 0.85524 0.80635 0.76234 0.72247 0.68612 0.65284 0.62231 0.59404 0.56784 0.54370 0.52140 0.50103
 34987 1.31735 1.18564 1.09435 1.02609 0.96620 0.90880 0.85524 0.80635 0.76234 0.72247 0.68612 0.65284 0.62231 0.59404 0.56784 0.54370 0.52140 0.50103
 35072 1.25904 1.16115 1.08408 1.01958 0.96100 0.90612 0.85637 0.81167 0.77113 0.73319 0.69700 0.66235 0.62930 0.59775 0.56778 0.53965 0.51326 0.48888
 35157 1.25904 1.16115 1.08408 1.01958 0.96100 0.90612 0.85637 0.81167 0.77113 0.73319 0.69700 0.66235 0.62930 0.59775 0.56778 0.53965 0.51326 0.48888
 35243 1.25904 1.16115 1.08408 1.01958 0.96100 0.90612 0.85637 0.81167 0.77113 0.73319 0.69700 0.66235 0.62930 0.59775 0.56778 0.53965 0.51326 0.48888
 35328 1.29502 1.18117 1.09438 1.02515 0.96450 0.90782 0.85564 0.80803 0.76466 0.72447 0.68685 0.65156 0.61853 0.58746 0.55832 0.53123 0.50601 0.48285
 35413 1.29502 1.18117 1.09438 1.02515 0.96450 0.90782 0.85564 0.80803 0.76466 0.72447 0.68685 0.65156 0.61853 0.58746 0.55832 0.53123 0.50601 0.48285
 35499 1.29502 1.18117 1.09438 1.02515 0.96450 0.90782 0.85564 0.80803 0.76466 0.72447 0.68685 0.65156 0.61853 0.58746 0.55832 0.53123 0.50601 0.48285
 35584 1.23066 1.15579 1.08505 1.01894 0.95917 0.90535 0.85648 0.81120 0.76911 0.72973 0.69298 0.65889 0.62739 0.59817 0.57107 0.54615 0.52316 0.50220
 35669 1.23066 1.15579 1.08505 1.01894 0.95917 0.90535 0.85648 0.81120 0.76911 0.72973 0.69298 0.65889 0.62739 0.59817 0.57107 0.54615 0.52316 0.50220
 35755 1.23066 1.15579 1.08505 1.01894 0.95917 0.90535 0.85648 0.81120 0.76911 0.72973 0.69298 0.65889 0.62739 0.59817 0.57107 0.54615 0.52316 0.50220
 35840 1.24605 1.17163 1.09551 1.02121 0.95612 0.90285 0.85748 0.81464 0.77223 0.73037 0.69029 0.65308 0.61917 0.58833 0.56035 0.53518 0.51242 0.49207
 35925 1.24605 1.17163 1.09551 1.02121 0.95612 0.90285 0.85748 0.81464 0.77223 0.73037 0.69029 0.65308 0.61917 0.58833 0.56035 0.53518 0.51242 0.49207
 36011 1.24605 1.17163 1.09551 1.02121 0.95612 0.90285 0.85748 0.81464 0.77223 0.73037 0.69029 0.65308 0.61917 0.58833 0.56035 0.53518 0.51242 0.49207
 36096 1.26843 1.17946 1.09393 1.01636 0.95293 0.90219 0.85742 0.81329 0.76915 0.72639 0.68687 0.65159 0.62066 0.59353 0.56972 0.54891 0.53059 0.51458
 36181 1.26843 1.17946 1.09393 1.01636 0.95293 0.90219 0.85742 0.81329 0.76915 0.72639 0.68687 0.65159 0.62066 0.59353 0.56972 0.54891 0.53059 0.51458
 36267 1.26843 1.17946 1.09393 1.01636 0.95293 0.90219 0.85742 0.81329 0.76915 0.72639 0.68687 0.65159 0.62066 0.59353 0.56972 0.54891 0.53059 0.51458
 36352 1.24510 1.15842 1.07940 1.01064 0.95384 0.90431 0.85618 0.80666 0.75700 0.70946 0.66609 0.62779 0.59450 0.56547 0.54012 0.51804 0.49865 0.48174
 36437 1.24510 1.15842 1.07940 1.01064 0.95384 0.90431 0.85618 0.80666 0.75700 0.70946 0.66609 0.62779 0.59450 0.56547 0.54012 0.51804 0.49865 0.48174
 36523 1.24510 1.15842 1.07940 1.01064 0.95384 0.90431 0.85618 0.80666 0.75700 0.70946 0.66609 0.62779 0.59450 0.56547 0.54012 0.51804 0.49865 0.48174
 36608 1.25088 1.16181 1.07929 1.00721 0.94935 0.90175 0.85725 0.81145 0.76462 0.71873 0.67599 0.63760 0.60375 0.57390 0.54758 0.52448 0.50405 0.48614
 36693 1.25088 1.16181 1.07929 1.00721 0.94935 0.90175 0.85725 0.81145 0.76462 0.71873 0.67599 0.63760 0.60375 0.57390 0.54758 0.52448 0.50405 0.48614
 36779 1.25088 1.16181 1.07929 1.00721 0.94935 0.90175 0.85725 0.81145 0.76462 0.71873 0.67599 0.63760 0.60375 0.57390 0.54758 0.52448 0.50405 0.48614
 36864 1.23746 1.16241 1.08849 1.01849 0.95716 0.90446 0.85658 0.81002 0.76449 0.72092 0.68058 0.64418 0.61176 0.58279 0.55690 0.53386 0.51322 0.49490
 36949 1.23746 1.16241 1.08849 1.01849 0.95716 0.90446 0.85658 0.81002 0.76449 0.72092 0.68058 0.64418 0.61176 0.58279 0.55690 0.53386 0.51322 0.49490
 37035 1.23746 1.16241 1.08849 1.01849 0.95716 0.90446 0.85658 0.81002 0.76449 0.72092 0.68058 0.64418 0.61176 0.58279 0.55690 0.53386 0.51322 0.49490
 37120 1.25021 1.16233 1.08305 1.01346 0.95452 0.90344 0.85709 0.81323 0.77134 0.73119 0.69306 0.65730 0.62407 0.59315 0.56446 0.53805 0.51370 0.49153
 37205 1.25021 1.16233 1.08305 1.01346 0.95452 0.90344 0.85709 0.81323 0.77134 0.73119 0.69306 0.65730 0.62407 0.59315 0.56446 0.53805 0.51370 0.49153
 37291 1.25021 1.16233 1.08305 1.01346 0.95452 0.90344 0.85709 0.81323 0.77134 0.73119 0.69306 0.65730 0.62407 0.59315 0.56446 0.53805 0.51370 0.49153
 37376 1.24090 1.15729 1.07998 1.01107 0.95288 0.90291 0.85715 0.81283 0.76969 0.72814 0.68901 0.65286 0.61983 0.58960 0.56196 0.53685 0.51396 0.49332
 37461 1.24090 1.15729 1.07998 1.01107 0.95288 0.90291 0.85715 0.81283 0.76969 0.72814 0.68901 0.65286 0.61983 0.58960 0.56196 0.53685 0.51396 0.49332
 37547 1.24090 1.15729 1.07998 1.01107 0.95288 0.90291 0.85715 0.81283 0.76969 0.72814 0.68901 0.65286 0.61983 0.58960 0.56196 0.53685 0.51396 0.49332
 37632 1.24714 1.15373 1.07586 1.01062 0.95446 0.90365 0.85709 0.81391 0.77365 0.73555 0.69935 0.66512 0.63296 0.60268 0.57428 0.54790 0.52337 0.50087
 37717 1.24714 1.15373 1.07586 1.01062 0.95446 0.90365 0.85709 0.81391 0.77365 0.73555 0.69935 0.66512 0.63296 0.60268 0.57428 0.54790 0.52337 0.50087
 37803 1.24714 1.15373 1.07586 1.01062 0.95446 0.90365 0.85709 0.81391 0.77365 0.73555 0.69935 0.66512 0.63296 0.60268 0.57428 0.54790 0.52337 0.50087
 37888 1.23530 1.15469 1.07798 1.00854 0.95061 0.90207 0.85728 0.81223 0.76687 0.72271 0.68153 0.64436 0.61137 0.58206 0.55601 0.53297 0.51246 0.49437
 37973 1.23530 1.15469 1.07798 1.00854 0.95061 0.90207 0.85728 0.81223 0.76687 0.72271 0.68153 0.64436 0.61137 0.58206 0.55601 0.53297 0.51246 0.49437
 38059 1.23530 1.15469 1.07798 1.00854 0.95061 0.90207 0.85728 0.81223 0.76687 0.72271 0.68153 0.64436 0.61137 0.58206 0.55601 0.53297 0.51246 0.49437
 38144 1.22182 1.14211 1.06904 1.00444 0.94991 0.90222 0.85723 0.81256 0.76857 0.72632 0.68697 0.65120 0.61905 0.59008 0.56396 0.54054 0.51942 0.50056
 38229 1.22182 1.14211 1.06904 1.00444 0.94991 0.90222 0.85723 0.81256 0.76857 0.72632 0.68697 0.65120 0.61905 0.59008 0.56396 0.54054 0.51942 0.50056
 38315 1.22182 1.14211 1.06904 1.00444 0.94991 0.90222 0.85723 0.81256 0.76857 0.72632 0.68697 0.65120 0.61905 0.59008 0.56396 0.54054 0.51942 0.50056
 38400 1.21264 1.14298 1.07321 1.00664 0.94912 0.90109 0.85774 0.81439 0.77041 0.72727 0.68702 0.65088 0.61910 0.59118 0.56668 0.54527 0.52644 0.51002
 38485 1.21264 1.14298 1.07321 1.00664 0.94912 0.90109 0.85774 0.81439 0.77041 0.72727 0.68702 0.65088 0.61910 0.59118 0.56668 0.54527 0.52644 0.51002
 38571 1.21264 1.14298 1.07321 1.00664 0.94912 0.90109 0.85774 0.81439 0.77041 0.72727 0.68702 0.65088 0.61910 0.59118 0.56668 0.54527 0.52644 0.51002
 38656 1.22216 1.12924 1.05627 0.99816 0.94854 0.90204 0.85740 0.81426 0.77285 0.73319 0.69561 0.66046 0.62786 0.59759 0.56953 0.54375 0.51999 0.49837
 38741 1.22216 1.12924 1.05627 0.99816 0.94854 0.90204 0.85740 0.81426 0.77285 0.73319 0.69561 0.66046 0.62786 0.59759 0.56953 0.54375 0.51999 0.49837
 38827 1.22216 1.12924 1.05627 0.99816 0.94854 0.90204 0.85740 0.81426 0.77285 0.73319 0.69561 0.66046 0.62786 0.59759 0.56953 0.54375 0.51999 0.49837
 38912 1.21378 1.14635 1.07784 1.01111 0.95199 0.90199 0.85759 0.81466 0.77227 0.73119 0.69281 0.65804 0.62705 0.59940 0.57476 0.55290 0.53339 0.51614
 38997 1.21378 1.14635 1.07784 1.01111 0.95199 0.90199 0.85759 0.81466 0.77227 0.73119 0.69281 0.65804 0.62705 0.59940 0.57476 0.55290 0.53339 0.51614
 39083 1.21378 1.14635 1.07784 1.01111 0.95199 0.90199 0.85759 0.81466 0.77227 0.73119 0.69281 0.65804 0.62705 0.59940 0.57476 0.55290 0.53339 0.51614
 39168 1.22668 1.13929 1.06737 1.00663 0.95283 0.90309 0.85730 0.81485 0.77512 0.73715 0.70060 0.66562 0.63242 0.60090 0.57115 0.54338 0.51745 0.49360
 39253 1.22668 1.13929 1.06737 1.00663 0.95283 0.90309 0.85730 0.81485 0.77512 0.73715 0.70060 0.66562 0.63242 0.60090 0.57115 0.54338 0.51745 0.49360
 39339 1.22668 1.13929 1.06737 1.00663 0.95283 0.90309 0.85730 0.81485 0.77512 0.73715 0.70060 0.66562 0.63242 0.60090 0.57115 0.54338 0.51745 0.49360
 39424 1.23166 1.14177 1.06748 1.00553 0.95197 0.90292 0.85724 0.81407 0.77300 0.73348 0.69552 0.65940 0.62536 0.59328 0.56319 0.53526 0.50930 0.48552
 39509 1.23166 1.14177 1.06748 1.00553 0.95197 0.90292 0.85724 0.81407 0.77300 0.73348 0.69552 0.65940 0.62536 0.59328 0.56319 0.53526 0.50930 0.48552
 39595 1.23166 1.14177 1.06748 1.00553 0.95197 0.90292 0.85724 0.81407 0.77300 0.73348 0.69552 0.65940 0.62536 0.59328 0.56319 0.53526 0.50930 0.48552
 39680 1.20978 1.12903 1.05920 0.99936 0.94788 0.90135 0.85772 0.81564 0.77480 0.73503 0.69670 0.66032 0.62620 0.59421 0.56436 0.53678 0.51126 0.48796
 39765 1.20978 1.12903 1.05920 0.99936 0.94788 0.90135 0.85772 0.81564 0.77480 0.73503 0.69670 0.66032 0.62620 0.59421 0.56436 0.53678 0.51126 0.48796
 39851 1.20978 1.12903 1.05920 0.99936 0.94788 0.90135 0.85772 0.81564 0.77480 0.73503 0.69670 0.66032 0.62620 0.59421 0.56436 0.53678 0.51126 0.48796
 39936 1.21542 1.12019 1.05003 0.99519 0.94691 0.90108 0.85791 0.81702 0.77778 0.73937 0.70172 0.66526 0.63039 0.59715 0.56570 0.53629 0.50882 0.48354
 40021 1.21542 1.12019 1.05003 0.99519 0.94691 0.90108 0.85791 0.81702 0.77778 0.73937 0.70172 0.66526 0.63039 0.59715 0.56570 0.53629 0.50882 0.48354
 40107 1.21542 1.12019 1.05003 0.99519 0.94691 0.90108 0.85791 0.81702 0.77778 0.73937 0.70172 0.66526 0.63039 0.59715 0.56570 0.53629 0.50882 0.48354
 40192 1.22206 1.13166 1.06300 1.00651 0.95442 0.90410 0.85687 0.81283 0.77159 0.73231 0.69469 0.65886 0.62499 0.59295 0.56279 0.53469 0.50851 0.48446
 40277 1.22206 1.13166 1.06300 1.00651 0.95442 0.90410 0.85687 0.81283 0.77159 0.73231 0.69469 0.65886 0.62499 0.59295 0.56279 0.53469 0.50851 0.48446
 40363 1.22206 1.13166 1.06300 1.00651 0.95442 0.90410 0.85687 0.81283 0.77159 0.73231 0.69469 0.65886 0.62499 0.59295 0.56279 0.53469 0.50851 0.48446
 40448 1.19506 1.12680 1.06107 0.99984 0.94640 0.90019 0.85819 0.81747 0.77719 0.73744 0.69898 0.66259 0.62868 0.59713 0.56790 0.54107 0.51640 0.49400
 40533 1.19506 1.12680 1.06107 0.99984 0.94640 0.90019 0.85819 0.81747 0.77719 0.73744 0.69898 0.66259 0.62868 0.59713 0.56790 0.54107 0.51640 0.49400
 40619 1.19506 1.12680 1.06107 0.99984 0.94640 0.90019 0.85819 0.81747 0.77719 0.73744 0.69898 0.66259 0.62868 0.59713 0.56790 0.54107 0.51640 0.49400
 40704 1.21258 1.13700 1.06650 1.00285 0.94831 0.90108 0.85785 0.81607 0.77526 0.73562 0.69783 0.66248 0.62983 0.59964 0.57181 0.54637 0.52303 0.50188
 40789 1.21258 1.13700 1.06650 1.00285 0.94831 0.90108 0.85785 0.81607 0.77526 0.73562 0.69783 0.66248 0.62983 0.59964 0.57181 0.54637 0.52303 0.50188
 40875 1.21258 1.13700 1.06650 1.00285 0.94831 0.90108 0.85785 0.81607 0.77526 0.73562 0.69783 0.66248 0.62983 0.59964 0.57181 0.54637 0.52303 0.50188
 40960 1.21227 1.13496 1.06678 1.00623 0.95210 0.90269 0.85743 0.81527 0.77548 0.73719 0.70022 0.66478 0.63114 0.59924 0.56916 0.54110 0.51493 0.49088
 41045 1.21227 1.13496 1.06678 1.00623 0.95210 0.90269 0.85743 0.81527 0.77548 0.73719 0.70022 0.66478 0.63114 0.59924 0.56916 0.54110 0.51493 0.49088
 41131 1.21227 1.13496 1.06678 1.00623 0.95210 0.90269 0.85743 0.81527 0.77548 0.73719 0.70022 0.66478 0.63114 0.59924 0.56916 0.54110 0.51493 0.49088
 41216 1.22301 1.13549 1.06396 1.00432 0.95195 0.90310 0.85715 0.81362 0.77235 0.73292 0.69535 0.65989 0.62668 0.59554 0.56645 0.53952 0.51457 0.49175
 41301 1.22301 1.13549 1.06396 1.00432 0.95195 0.90310 0.85715 0.81362 0.77235 0.73292 0.69535 0.65989 0.62668 0.59554 0.56645 0.53952 0.51457 0.49175
 41387 1.22301 1.13549 1.06396 1.00432 0.95195 0.90310 0.85715 0.81362 0.77235 0.73292 0.69535 0.65989 0.62668 0.59554 0.56645 0.53952 0.51457 0.49175
 41472 1.23345 1.15010 1.07720 1.01314 0.95634 0.90450 0.85672 0.81192 0.76950 0.72873 0.68953 0.65215 0.61684 0.58351 0.55217 0.52304 0.49594 0.47107
 41557 1.23345 1.15010 1.07720 1.01314 0.95634 0.90450 0.85672 0.81192 0.76950 0.72873 0.68953 0.65215 0.61684 0.58351 0.55217 0.52304 0.49594 0.47107
 41643 1.23345 1.15010 1.07720 1.01314 0.95634 0.90450 0.85672 0.81192 0.76950 0.72873 0.68953 0.65215 0.61684 0.58351 0.55217 0.52304 0.49594 0.47107
 41728 1.21237 1.13631 1.06691 1.00498 0.95116 0.90280 0.85707 0.81213 0.76804 0.72529 0.68471 0.64693 0.61219 0.58019 0.55079 0.52398 0.49945 0.47727
 41813 1.21237 1.13631 1.06691 1.00498 0.95116 0.90280 0.85707 0.81213 0.76804 0.72529 0.68471 0.64693 0.61219 0.58019 0.55079 0.52398 0.49945 0.47727
 41899 1.21237 1.13631 1.06691 1.00498 0.95116 0.90280 0.85707 0.81213 0.76804 0.72529 0.68471 0.64693 0.61219 0.58019 0.55079 0.52398 0.49945 0.47727
 41984 1.21654 1.14005 1.07001 1.00704 0.95198 0.90282 0.85719 0.81318 0.77030 0.72843 0.68809 0.64985 0.61406 0.58058 0.54941 0.52066 0.49411 0.46990
 42069 1.21654 1.14005 1.07001 1.00704 0.95198 0.90282 0.85719 0.81318 0.77030 0.72843 0.68809 0.64985 0.61406 0.58058 0.54941 0.52066 0.49411 0.46990
 42155 1.21654 1.14005 1.07001 1.00704 0.95198 0.90282 0.85719 0.81318 0.77030 0.72843 0.68809 0.64985 0.61406 0.58058 0.54941 0.52066 0.49411 0.46990
 42240 1.25484 1.14139 1.07119 1.01522 0.95998 0.90583 0.85649 0.81214 0.77156 0.73290 0.69526 0.65857 0.62309 0.58888 0.55614 0.52524 0.49612 0.46914
 42325 1.25484 1.14139 1.07119 1.01522 0.95998 0.90583 0.85649 0.81214 0.77156 0.73290 0.69526 0.65857 0.62309 0.58888 0.55614 0.52524 0.49612 0.46914
 42411 1.25484 1.14139 1.07119 1.01522 0.95998 0.90583 0.85649 0.81214 0.77156 0.73290 0.69526 0.65857 0.62309 0.58888 0.55614 0.52524 0.49612 0.46914
 42496 1.20089 1.13257 1.06627 1.00391 0.94895 0.90120 0.85782 0.81570 0.77375 0.73184 0.69077 0.65141 0.61435 0.57958 0.54714 0.51720 0.48954 0.46432
 42581 1.20089 1.13257 1.06627 1.00391 0.94895 0.90120 0.85782 0.81570 0.77375 0.73184 0.69077 0.65141 0.61435 0.57958 0.54714 0.51720 0.48954 0.46432
 42667 1.20089 1.13257 1.06627 1.00391 0.94895 0.90120 0.85782 0.81570 0.77375 0.73184 0.69077 0.65141 0.61435 0.57958 0.54714 0.51720 0.48954 0.46432
 42752 1.23539 1.14882 1.07408 1.00992 0.95438 0.90396 0.85679 0.81171 0.76853 0.72702 0.68746 0.65020 0.61545 0.58300 0.55280 0.52494 0.49920 0.47572
 42837 1.23539 1.14882 1.07408 1.00992 0.95438 0.90396 0.85679 0.81171 0.76853 0.72702 0.68746 0.65020 0.61545 0.58300 0.55280 0.52494 0.49920 0.47572
 42923 1.23539 1.14882 1.07408 1.00992 0.95438 0.90396 0.85679 0.81171 0.76853 0.72702 0.68746 0.65020 0.61545 0.58300 0.55280 0.52494 0.49920 0.47572
 43008 1.22822 1.15312 1.08269 1.01733 0.95840 0.90519 0.85646 0.81063 0.76715 0.72556 0.68596 0.64864 0.61378 0.58116 0.55074 0.52265 0.49664 0.47289
 43093 1.22822 1.15312 1.08269 1.01733 0.95840 0.90519 0.85646 0.81063 0.76715 0.72556 0.68596 0.64864 0.61378 0.58116 0.55074 0.52265 0.49664 0.47289
 43179 1.22822 1.15312 1.08269 1.01733 0.95840 0.90519 0.85646 0.81063 0.76715 0.72556 0.68596 0.64864 0.61378 0.58116 0.55074 0.52265 0.49664 0.47289
 43264 1.25529 1.13402 1.06336 1.01034 0.95835 0.90591 0.85618 0.80966 0.76598 0.72421 0.68410 0.64579 0.60952 0.57516 0.54279 0.51262 0.48450 0.45865
 43349 1.25529 1.13402 1.06336 1.01034 0.95835 0.90591 0.85618 0.80966 0.76598 0.72421 0.68410 0.64579 0.60952 0.57516 0.54279 0.51262 0.48450 0.45865
 43435 1.25529 1.13402 1.06336 1.01034 0.95835 0.90591 0.85618 0.80966 0.76598 0.72421 0.68410 0.64579 0.60952 0.57516 0.54279 0.51262 0.48450 0.45865
 43520 1.26432 1.13620 1.06265 1.00869 0.95675 0.90504 0.85655 0.81146 0.76893 0.72772 0.68748 0.64844 0.61099 0.57516 0.54113 0.50922 0.47932 0.45174
 43605 1.26432 1.13620 1.06265 1.00869 0.95675 0.90504 0.85655 0.81146 0.76893 0.72772 0.68748 0.64844 0.61099 0.57516 0.54113 0.50922 0.47932 0.45174
 43691 1.26432 1.13620 1.06265 1.00869 0.95675 0.90504 0.85655 0.81146 0.76893 0.72772 0.68748 0.64844 0.61099 0.57516 0.54113 0.50922 0.47932 0.45174
 43776 1.26382 1.13196 1.05809 1.00548 0.95516 0.90461 0.85664 0.81161 0.76904 0.72802 0.68835 0.65026 0.61405 0.57967 0.54721 0.51691 0.48864 0.46264
 43861 1.26382 1.13196 1.05809 1.00548 0.95516 0.90461 0.85664 0.81161 0.76904 0.72802 0.68835 0.65026 0.61405 0.57967 0.54721 0.51691 0.48864 0.46264
 43947 1.26382 1.13196 1.05809 1.00548 0.95516 0.90461 0.85664 0.81161 0.76904 0.72802 0.68835 0.65026 0.61405 0.57967 0.54721 0.51691 0.48864 0.46264
 44032 1.22022 1.13888 1.06783 1.00626 0.95266 0.90356 0.85679 0.81095 0.76596 0.72193 0.67951 0.63937 0.60187 0.56688 0.53436 0.50441 0.47679 0.45164
 44117 1.22022 1.13888 1.06783 1.00626 0.95266 0.90356 0.85679 0.81095 0.76596 0.72193 0.67951 0.63937 0.60187 0.56688 0.53436 0.50441 0.47679 0.45164
 44203 1.22022 1.13888 1.06783 1.00626 0.95266 0.90356 0.85679 0.81095 0.76596 0.72193 0.67951 0.63937 0.60187 0.56688 0.53436 0.50441 0.47679 0.45164
 44288 1.21117 1.13610 1.06772 1.00620 0.95190 0.90287 0.85717 0.81311 0.77023 0.72832 0.68783 0.64933 0.61319 0.57930 0.54767 0.51844 0.49139 0.46670
 44373 1.21117 1.13610 1.06772 1.00620 0.95190 0.90287 0.85717 0.81311 0.77023 0.72832 0.68783 0.64933 0.61319 0.57930 0.54767 0.51844 0.49139 0.46670
 44459 1.21117 1.13610 1.06772 1.00620 0.95190 0.90287 0.85717 0.81311 0.77023 0.72832 0.68783 0.64933 0.61319 0.57930 0.54767 0.51844 0.49139 0.46670
 44544 1.23769 1.12758 1.05913 1.00667 0.95587 0.90490 0.85654 0.81125 0.76862 0.72779 0.68852 0.65099 0.61543 0.58175 0.55001 0.52043 0.49284 0.46750
 44629 1.23769 1.12758 1.05913 1.00667 0.95587 0.90490 0.85654 0.81125 0.76862 0.72779 0.68852 0.65099 0.61543 0.58175 0.55001 0.52043 0.49284 0.46750
 44715 1.23769 1.12758 1.05913 1.00667 0.95587 0.90490 0.85654 0.81125 0.76862 0.72779 0.68852 0.65099 0.61543 0.58175 0.55001 0.52043 0.49284 0.46750
 44800 1.21265 1.13840 1.07193 1.01182 0.95687 0.90523 0.85628 0.80938 0.76453 0.72163 0.68094 0.64281 0.60739 0.57442 0.54381 0.51565 0.48966 0.46600
 44885 1.21265 1.13840 1.07193 1.01182 0.95687 0.90523 0.85628 0.80938 0.76453 0.72163 0.68094 0.64281 0.60739 0.57442 0.54381 0.51565 0.48966 0.46600
 44971 1.21265 1.13840 1.07193 1.01182 0.95687 0.90523 0.85628 0.80938 0.76453 0.72163 0.68094 0.64281 0.60739 0.57442 0.54381 0.51565 0.48966 0.46600
 45056 1.22464 1.13371 1.06430 1.00745 0.95536 0.90476 0.85650 0.81068 0.76713 0.72532 0.68527 0.64724 0.61148 0.57782 0.54628 0.51702 0.48985 0.46497
 45141 1.22464 1.13371 1.06430 1.00745 0.95536 0.90476 0.85650 0.81068 0.76713 0.72532 0.68527 0.64724 0.61148 0.57782 0.54628 0.51702 0.48985 0.46497
 45227 1.22464 1.13371 1.06430 1.00745 0.95536 0.90476 0.85650 0.81068 0.76713 0.72532 0.68527 0.64724 0.61148 0.57782 0.54628 0.51702 0.48985 0.46497
 45312 1.20622 1.12879 1.06062 1.00149 0.95022 0.90292 0.85688 0.81080 0.76527 0.72110 0.67933 0.64066 0.60532 0.57295 0.54335 0.51648 0.49199 0.46992
 45397 1.20622 1.12879 1.06062 1.00149 0.95022 0.90292 0.85688 0.81080 0.76527 0.72110 0.67933 0.64066 0.60532 0.57295 0.54335 0.51648 0.49199 0.46992
 45483 1.20622 1.12879 1.06062 1.00149 0.95022 0.90292 0.85688 0.81080 0.76527 0.72110 0.67933 0.64066 0.60532 0.57295 0.54335 0.51648 0.49199 0.46992
 45568 1.23367 1.12072 1.05511 1.00569 0.95644 0.90559 0.85614 0.80898 0.76438 0.72205 0.68207 0.64462 0.60980 0.57734 0.54713 0.51928 0.49354 0.47005
 45653 1.23367 1.12072 1.05511 1.00569 0.95644 0.90559 0.85614 0.80898 0.76438 0.72205 0.68207 0.64462 0.60980 0.57734 0.54713 0.51928 0.49354 0.47005
 45739 1.23367 1.12072 1.05511 1.00569 0.95644 0.90559 0.85614 0.80898 0.76438 0.72205 0.68207 0.64462 0.60980 0.57734 0.54713 0.51928 0.49354 0.47005
 45824 1.19091 1.12549 1.06324 1.00493 0.95204 0.90335 0.85680 0.81064 0.76492 0.72021 0.67751 0.63760 0.60081 0.56688 0.53568 0.50722 0.48117 0.45760
 45909 1.19091 1.12549 1.06324 1.00493 0.95204 0.90335 0.85680 0.81064 0.76492 0.72021 0.67751 0.63760 0.60081 0.56688 0.53568 0.50722 0.48117 0.45760
 45995 1.19091 1.12549 1.06324 1.00493 0.95204 0.90335 0.85680 0.81064 0.76492 0.72021 0.67751 0.63760 0.60081 0.56688 0.53568 0.50722 0.48117 0.45760
 46080 1.20490 1.12616 1.06072 1.00468 0.95370 0.90440 0.85646 0.80978 0.76479 0.72169 0.68094 0.64295 0.60786 0.57538 0.54536 0.51784 0.49255 0.46958
 46165 1.20490 1.12616 1.06072 1.00468 0.95370 0.90440 0.85646 0.80978 0.76479 0.72169 0.68094 0.64295 0.60786 0.57538 0.54536 0.51784 0.49255 0.46958
 46251 1.20490 1.12616 1.06072 1.00468 0.95370 0.90440 0.85646 0.80978 0.76479 0.72169 0.68094 0.64295 0.60786 0.57538 0.54536 0.51784 0.49255 0.46958
 46336 1.19614 1.12304 1.06159 1.00690 0.95506 0.90462 0.85654 0.81069 0.76678 0.72426 0.68320 0.64400 0.60697 0.57201 0.53919 0.50869 0.48035 0.45436
 46421 1.19614 1.12304 1.06159 1.00690 0.95506 0.90462 0.85654 0.81069 0.76678 0.72426 0.68320 0.64400 0.60697 0.57201 0.53919 0.50869 0.48035 0.45436
 46507 1.19614 1.12304 1.06159 1.00690 0.95506 0.90462 0.85654 0.81069 0.76678 0.72426 0.68320 0.64400 0.60697 0.57201 0.53919 0.50869 0.48035 0.45436
 46592 1.22933 1.11944 1.05400 1.00367 0.95400 0.90406 0.85687 0.81270 0.77095 0.73059 0.69137 0.65354 0.61744 0.58304 0.55048 0.52003 0.49156 0.46535
 46677 1.22933 1.11944 1.05400 1.00367 0.95400 0.90406 0.85687 0.81270 0.77095 0.73059 0.69137 0.65354 0.61744 0.58304 0.55048 0.52003 0.49156 0.46535
 46763 1.22933 1.11944 1.05400 1.00367 0.95400 0.90406 0.85687 0.81270 0.77095 0.73059 0.69137 0.65354 0.61744 0.58304 0.55048 0.52003 0.49156 0.46535
 46848 1.17856 1.12243 1.06570 1.00900 0.95493 0.90438 0.85652 0.80979 0.76409 0.71975 0.67757 0.63823 0.60198 0.56854 0.53776 0.50967 0.48394 0.46065
 46933 1.17856 1.12243 1.06570 1.00900 0.95493 0.90438 0.85652 0.80979 0.76409 0.71975 0.67757 0.63823 0.60198 0.56854 0.53776 0.50967 0.48394 0.46065
 47019 1.17856 1.12243 1.06570 1.00900 0.95493 0.90438 0.85652 0.80979 0.76409 0.71975 0.67757 0.63823 0.60198 0.56854 0.53776 0.50967 0.48394 0.46065
 47104 1.18410 1.12681 1.06837 1.00997 0.95501 0.90440 0.85643 0.80880 0.76141 0.71505 0.67099 0.63016 0.59289 0.55884 0.52781 0.49973 0.47420 0.45126
 47189 1.18410 1.12681 1.06837 1.00997 0.95501 0.90440 0.85643 0.80880 0.76141 0.71505 0.67099 0.63016 0.59289 0.55884 0.52781 0.49973 0.47420 0.45126
 47275 1.18410 1.12681 1.06837 1.00997 0.95501 0.90440 0.85643 0.80880 0.76141 0.71505 0.67099 0.63016 0.59289 0.55884 0.52781 0.49973 0.47420 0.45126
 47360 1.18002 1.11016 1.05481 1.00540 0.95594 0.90549 0.85609 0.80830 0.76239 0.71821 0.67608 0.63640 0.59937 0.56480 0.53262 0.50294 0.47551 0.45049
 47445 1.18002 1.11016 1.05481 1.00540 0.95594 0.90549 0.85609 0.80830 0.76239 0.71821 0.67608 0.63640 0.59937 0.56480 0.53262 0.50294 0.47551 0.45049
 47531 1.18002 1.11016 1.05481 1.00540 0.95594 0.90549 0.85609 0.80830 0.76239 0.71821 0.67608 0.63640 0.59937 0.56480 0.53262 0.50294 0.47551 0.45049
 47616 1.18002 1.11016 1.05481 1.00540 0.95594 0.90549 0.85609 0.80830 0.76239 0.71821 0.67608 0.63640 0.59937 0.56480 0.53262 0.50294 0.47551 0.45049
 47701 1.00000 1.00000 1.00000 1.00000 1.00000 1.00000 1.00000 1.00000 1.00000 1.00000 1.00000 1.00000 1.00000 1.00000 1.00000 1.00000 1.00000 1.00000
 47787 1.00000 1.00000 1.00000 1.00000 1.00000 1.00000 1.00000 1.00000 1.00000 1.00000 1.00000 1.00000 1.00000 1.00000 1.00000 1.00000 1.00000 1.00000
 47872 1.00000 1.00000 1.00000 1.00000 1.00000 1.00000 1.00000 1.00000 1.00000 1.00000 1.00000 1.00000 1.00000 1.00000 1.00000 1.00000 1.00000 1.00000
 47957 1.00000 1.00000 1.00000 1.00000 1.00000 1.00000 1.00000 1.00000 1.00000 1.00000 1.00000 1.00000 1.00000 1.00000 1.00000 1.00000 1.00000 1.00000
 48043 1.00000 1.00000 1.00000 1.00000 1.00000 1.00000 1.00000 1.00000 1.00000 1.00000 1.00000 1.00000 1.00000 1.00000 1.00000 1.00000 1.00000 1.00000
 48128 1.00000 1.00000 1.00000 1.00000 1.00000 1.00000 1.00000 1.00000 1.00000 1.00000 1.00000 1.00000 1.00000 1.00000 1.00000 1.00000 1.00000 1.00000
 48213 1.00000 1.00000 1.00000 1.00000 1.00000 1.00000 1.00000 1.00000 1.00000 1.00000 1.00000 1.00000 1.00000 1.00000 1.00000 1.00000 1.00000 1.00000
 48299 1.00000 1.00000 1.00000 1.00000 1.00000 1.00000 1.00000 1.00000 1.00000 1.00000 1.00000 1.00000 1.00000 1.00000 1.00000 1.00000 1.00000 1.00000
 48384 1.00000 1.00000 1.00000 1.00000 1.00000 1.00000 1.00000 1.00000 1.00000 1.00000 1.00000 1.00000 1.00000 1.00000 1.00000 1.00000 1.00000 1.00000
 48469 1.00000 1.00000 1.00000 1.00000 1.00000 1.00000 1.00000 1.00000 1.00000 1.00000 1.00000 1.00000 1.00000 1.00000 1.00000 1.00000 1.00000 1.00000
 48555 1.00000 1.00000 1.00000 1.00000 1.00000 1.00000 1.00000 1.00000 1.00000 1.00000 1.00000 1.00000 1.00000 1.00000 1.00000 1.00000 1.00000 1.00000
 48640 1.00000 1.00000 1.00000 1.00000 1.00000 1.00000 1.00000 1.00000 1.00000 1.00000 1.00000 1.00000 1.00000 1.00000 1.00000 1.00000 1.00000 1.00000
 48725 1.00000 1.00000 1.00000 1.00000 1.00000 1.00000 1.00000 1.00000 1.00000 1.00000 1.00000 1.00000 1.00000 1.00000 1.00000 1.00000 1.00000 1.00000
 48811 1.00000 1.00000 1.00000 1.00000 1.00000 1.00000 1.00000 1.00000 1.00000 1.00000 1.00000 1.00000 1.00000 1.00000 1.00000 1.00000 1.00000 1.00000
 48896 1.00000 1.00000 1.00000 1.00000 1.00000 1.00000 1.00000 1.00000 1.00000 1.00000 1.00000 1.00000 1.00000 1.00000 1.00000 1.00000 1.00000 1.00000
 48981 1.00000 1.00000 1.00000 1.00000 1.00000 1.00000 1.00000 1.00000 1.00000 1.00000 1.00000 1.00000 1.00000 1.00000 1.00000 1.00000 1.00000 1.00000
 49067 1.00000 1.00000 1.00000 1.00000 1.00000 1.00000 1.00000 1.00000 1.00000 1.00000 1.00000 1.00000 1.00000 1.00000 1.00000 1.00000 1.00000 1.00000
